{"total": {"lines":{"total":1557,"covered":1501,"skipped":0,"pct":96.4},"statements":{"total":1954,"covered":1850,"skipped":0,"pct":94.67},"functions":{"total":707,"covered":649,"skipped":0,"pct":91.79},"branches":{"total":2041,"covered":1839,"skipped":0,"pct":90.1},"branchesTrue":{"total":0,"covered":0,"skipped":0,"pct":100}}
,"/home/charles-maponya/Documents/sceptreAI/apps/ui/react_app/src/Auth.tsx": {"lines":{"total":50,"covered":49,"skipped":0,"pct":98},"functions":{"total":7,"covered":7,"skipped":0,"pct":100},"statements":{"total":51,"covered":50,"skipped":0,"pct":98.03},"branches":{"total":76,"covered":74,"skipped":0,"pct":97.36}}
,"/home/charles-maponya/Documents/sceptreAI/apps/ui/react_app/src/Landing.tsx": {"lines":{"total":13,"covered":12,"skipped":0,"pct":92.3},"functions":{"total":7,"covered":6,"skipped":0,"pct":85.71},"statements":{"total":13,"covered":12,"skipped":0,"pct":92.3},"branches":{"total":30,"covered":25,"skipped":0,"pct":83.33}}
,"/home/charles-maponya/Documents/sceptreAI/apps/ui/react_app/src/Layout.tsx": {"lines":{"total":17,"covered":16,"skipped":0,"pct":94.11},"functions":{"total":13,"covered":12,"skipped":0,"pct":92.3},"statements":{"total":21,"covered":20,"skipped":0,"pct":95.23},"branches":{"total":14,"covered":12,"skipped":0,"pct":85.71}}
,"/home/charles-maponya/Documents/sceptreAI/apps/ui/react_app/src/NotFound.tsx": {"lines":{"total":1,"covered":1,"skipped":0,"pct":100},"functions":{"total":1,"covered":1,"skipped":0,"pct":100},"statements":{"total":1,"covered":1,"skipped":0,"pct":100},"branches":{"total":0,"covered":0,"skipped":0,"pct":100}}
,"/home/charles-maponya/Documents/sceptreAI/apps/ui/react_app/src/api.ts": {"lines":{"total":119,"covered":115,"skipped":0,"pct":96.63},"functions":{"total":27,"covered":27,"skipped":0,"pct":100},"statements":{"total":141,"covered":137,"skipped":0,"pct":97.16},"branches":{"total":82,"covered":76,"skipped":0,"pct":92.68}}
,"/home/charles-maponya/Documents/sceptreAI/apps/ui/react_app/src/incrementalSha256.ts": {"lines":{"total":58,"covered":58,"skipped":0,"pct":100},"functions":{"total":8,"covered":8,"skipped":0,"pct":100},"statements":{"total":83,"covered":83,"skipped":0,"pct":100},"branches":{"total":21,"covered":20,"skipped":0,"pct":95.23}}
,"/home/charles-maponya/Documents/sceptreAI/apps/ui/react_app/src/lib.ts": {"lines":{"total":15,"covered":15,"skipped":0,"pct":100},"functions":{"total":7,"covered":7,"skipped":0,"pct":100},"statements":{"total":20,"covered":20,"skipped":0,"pct":100},"branches":{"total":11,"covered":11,"skipped":0,"pct":100}}
,"/home/charles-maponya/Documents/sceptreAI/apps/ui/react_app/src/main.tsx": {"lines":{"total":10,"covered":10,"skipped":0,"pct":100},"functions":{"total":2,"covered":2,"skipped":0,"pct":100},"statements":{"total":13,"covered":13,"skipped":0,"pct":100},"branches":{"total":12,"covered":11,"skipped":0,"pct":91.66}}
,"/home/charles-maponya/Documents/sceptreAI/apps/ui/react_app/src/resumableUpload.ts": {"lines":{"total":214,"covered":206,"skipped":0,"pct":96.26},"functions":{"total":63,"covered":54,"skipped":0,"pct":85.71},"statements":{"total":265,"covered":247,"skipped":0,"pct":93.2},"branches":{"total":120,"covered":114,"skipped":0,"pct":95}}
,"/home/charles-maponya/Documents/sceptreAI/apps/ui/react_app/src/types.ts": {"lines":{"total":0,"covered":0,"skipped":0,"pct":100},"functions":{"total":0,"covered":0,"skipped":0,"pct":100},"statements":{"total":0,"covered":0,"skipped":0,"pct":100},"branches":{"total":0,"covered":0,"skipped":0,"pct":100}}
,"/home/charles-maponya/Documents/sceptreAI/apps/ui/react_app/src/uploadHash.worker.ts": {"lines":{"total":9,"covered":9,"skipped":0,"pct":100},"functions":{"total":1,"covered":1,"skipped":0,"pct":100},"statements":{"total":9,"covered":9,"skipped":0,"pct":100},"branches":{"total":4,"covered":4,"skipped":0,"pct":100}}
,"/home/charles-maponya/Documents/sceptreAI/apps/ui/react_app/src/useAuthState.ts": {"lines":{"total":8,"covered":8,"skipped":0,"pct":100},"functions":{"total":6,"covered":5,"skipped":0,"pct":83.33},"statements":{"total":11,"covered":10,"skipped":0,"pct":90.9},"branches":{"total":8,"covered":8,"skipped":0,"pct":100}}
,"/home/charles-maponya/Documents/sceptreAI/apps/ui/react_app/src/components/PlotlyChart.tsx": {"lines":{"total":1,"covered":1,"skipped":0,"pct":100},"functions":{"total":0,"covered":0,"skipped":0,"pct":100},"statements":{"total":1,"covered":1,"skipped":0,"pct":100},"branches":{"total":0,"covered":0,"skipped":0,"pct":100}}
,"/home/charles-maponya/Documents/sceptreAI/apps/ui/react_app/src/components/ui.tsx": {"lines":{"total":36,"covered":36,"skipped":0,"pct":100},"functions":{"total":14,"covered":14,"skipped":0,"pct":100},"statements":{"total":41,"covered":40,"skipped":0,"pct":97.56},"branches":{"total":63,"covered":59,"skipped":0,"pct":93.65}}
,"/home/charles-maponya/Documents/sceptreAI/apps/ui/react_app/src/pages/AccountPage.tsx": {"lines":{"total":33,"covered":33,"skipped":0,"pct":100},"functions":{"total":3,"covered":3,"skipped":0,"pct":100},"statements":{"total":33,"covered":33,"skipped":0,"pct":100},"branches":{"total":24,"covered":22,"skipped":0,"pct":91.66}}
,"/home/charles-maponya/Documents/sceptreAI/apps/ui/react_app/src/pages/DataPage.tsx": {"lines":{"total":107,"covered":102,"skipped":0,"pct":95.32},"functions":{"total":55,"covered":50,"skipped":0,"pct":90.9},"statements":{"total":143,"covered":134,"skipped":0,"pct":93.7},"branches":{"total":217,"covered":198,"skipped":0,"pct":91.24}}
,"/home/charles-maponya/Documents/sceptreAI/apps/ui/react_app/src/pages/MembersPage.tsx": {"lines":{"total":13,"covered":13,"skipped":0,"pct":100},"functions":{"total":10,"covered":9,"skipped":0,"pct":90},"statements":{"total":20,"covered":18,"skipped":0,"pct":90},"branches":{"total":21,"covered":20,"skipped":0,"pct":95.23}}
,"/home/charles-maponya/Documents/sceptreAI/apps/ui/react_app/src/pages/MonitoringPage.tsx": {"lines":{"total":79,"covered":75,"skipped":0,"pct":94.93},"functions":{"total":54,"covered":47,"skipped":0,"pct":87.03},"statements":{"total":107,"covered":98,"skipped":0,"pct":91.58},"branches":{"total":115,"covered":104,"skipped":0,"pct":90.43}}
,"/home/charles-maponya/Documents/sceptreAI/apps/ui/react_app/src/pages/OperationsPage.tsx": {"lines":{"total":183,"covered":177,"skipped":0,"pct":96.72},"functions":{"total":98,"covered":90,"skipped":0,"pct":91.83},"statements":{"total":210,"covered":200,"skipped":0,"pct":95.23},"branches":{"total":230,"covered":201,"skipped":0,"pct":87.39}}
,"/home/charles-maponya/Documents/sceptreAI/apps/ui/react_app/src/pages/ProjectOverview.tsx": {"lines":{"total":71,"covered":69,"skipped":0,"pct":97.18},"functions":{"total":32,"covered":30,"skipped":0,"pct":93.75},"statements":{"total":85,"covered":80,"skipped":0,"pct":94.11},"branches":{"total":181,"covered":168,"skipped":0,"pct":92.81}}
,"/home/charles-maponya/Documents/sceptreAI/apps/ui/react_app/src/pages/ProjectsPage.tsx": {"lines":{"total":35,"covered":31,"skipped":0,"pct":88.57},"functions":{"total":22,"covered":18,"skipped":0,"pct":81.81},"statements":{"total":44,"covered":40,"skipped":0,"pct":90.9},"branches":{"total":30,"covered":28,"skipped":0,"pct":93.33}}
,"/home/charles-maponya/Documents/sceptreAI/apps/ui/react_app/src/pages/RunsPage.tsx": {"lines":{"total":313,"covered":293,"skipped":0,"pct":93.61},"functions":{"total":180,"covered":164,"skipped":0,"pct":91.11},"statements":{"total":386,"covered":355,"skipped":0,"pct":91.96},"branches":{"total":533,"covered":442,"skipped":0,"pct":82.92}}
,"/home/charles-maponya/Documents/sceptreAI/apps/ui/react_app/src/pages/SettingsPage.tsx": {"lines":{"total":11,"covered":11,"skipped":0,"pct":100},"functions":{"total":6,"covered":6,"skipped":0,"pct":100},"statements":{"total":17,"covered":17,"skipped":0,"pct":100},"branches":{"total":11,"covered":11,"skipped":0,"pct":100}}
,"/home/charles-maponya/Documents/sceptreAI/apps/ui/react_app/src/pages/TrainingPage.tsx": {"lines":{"total":91,"covered":91,"skipped":0,"pct":100},"functions":{"total":66,"covered":63,"skipped":0,"pct":95.45},"statements":{"total":153,"covered":146,"skipped":0,"pct":95.42},"branches":{"total":157,"covered":152,"skipped":0,"pct":96.81}}
,"/home/charles-maponya/Documents/sceptreAI/apps/ui/react_app/src/pages/presentation.ts": {"lines":{"total":70,"covered":70,"skipped":0,"pct":100},"functions":{"total":25,"covered":25,"skipped":0,"pct":100},"statements":{"total":86,"covered":86,"skipped":0,"pct":100},"branches":{"total":81,"covered":79,"skipped":0,"pct":97.53}}
}
