{"total": {"lines":{"total":1228,"covered":1185,"skipped":0,"pct":96.49},"statements":{"total":1542,"covered":1465,"skipped":0,"pct":95},"functions":{"total":622,"covered":578,"skipped":0,"pct":92.92},"branches":{"total":1837,"covered":1656,"skipped":0,"pct":90.14},"branchesTrue":{"total":0,"covered":0,"skipped":0,"pct":100}}
,"/home/charles-maponya/Documents/sceptreAI/apps/ui/react_app/src/Auth.tsx": {"lines":{"total":50,"covered":49,"skipped":0,"pct":98},"functions":{"total":7,"covered":7,"skipped":0,"pct":100},"statements":{"total":51,"covered":50,"skipped":0,"pct":98.03},"branches":{"total":76,"covered":74,"skipped":0,"pct":97.36}}
,"/home/charles-maponya/Documents/sceptreAI/apps/ui/react_app/src/Landing.tsx": {"lines":{"total":13,"covered":12,"skipped":0,"pct":92.3},"functions":{"total":7,"covered":6,"skipped":0,"pct":85.71},"statements":{"total":13,"covered":12,"skipped":0,"pct":92.3},"branches":{"total":30,"covered":25,"skipped":0,"pct":83.33}}
,"/home/charles-maponya/Documents/sceptreAI/apps/ui/react_app/src/Layout.tsx": {"lines":{"total":17,"covered":16,"skipped":0,"pct":94.11},"functions":{"total":13,"covered":12,"skipped":0,"pct":92.3},"statements":{"total":21,"covered":20,"skipped":0,"pct":95.23},"branches":{"total":14,"covered":12,"skipped":0,"pct":85.71}}
,"/home/charles-maponya/Documents/sceptreAI/apps/ui/react_app/src/NotFound.tsx": {"lines":{"total":1,"covered":1,"skipped":0,"pct":100},"functions":{"total":1,"covered":1,"skipped":0,"pct":100},"statements":{"total":1,"covered":1,"skipped":0,"pct":100},"branches":{"total":0,"covered":0,"skipped":0,"pct":100}}
,"/home/charles-maponya/Documents/sceptreAI/apps/ui/react_app/src/api.ts": {"lines":{"total":98,"covered":94,"skipped":0,"pct":95.91},"functions":{"total":25,"covered":25,"skipped":0,"pct":100},"statements":{"total":119,"covered":115,"skipped":0,"pct":96.63},"branches":{"total":68,"covered":62,"skipped":0,"pct":91.17}}
,"/home/charles-maponya/Documents/sceptreAI/apps/ui/react_app/src/lib.ts": {"lines":{"total":15,"covered":15,"skipped":0,"pct":100},"functions":{"total":7,"covered":7,"skipped":0,"pct":100},"statements":{"total":20,"covered":20,"skipped":0,"pct":100},"branches":{"total":11,"covered":11,"skipped":0,"pct":100}}
,"/home/charles-maponya/Documents/sceptreAI/apps/ui/react_app/src/main.tsx": {"lines":{"total":10,"covered":10,"skipped":0,"pct":100},"functions":{"total":2,"covered":2,"skipped":0,"pct":100},"statements":{"total":13,"covered":13,"skipped":0,"pct":100},"branches":{"total":12,"covered":11,"skipped":0,"pct":91.66}}
,"/home/charles-maponya/Documents/sceptreAI/apps/ui/react_app/src/types.ts": {"lines":{"total":0,"covered":0,"skipped":0,"pct":100},"functions":{"total":0,"covered":0,"skipped":0,"pct":100},"statements":{"total":0,"covered":0,"skipped":0,"pct":100},"branches":{"total":0,"covered":0,"skipped":0,"pct":100}}
,"/home/charles-maponya/Documents/sceptreAI/apps/ui/react_app/src/useAuthState.ts": {"lines":{"total":8,"covered":8,"skipped":0,"pct":100},"functions":{"total":6,"covered":5,"skipped":0,"pct":83.33},"statements":{"total":11,"covered":10,"skipped":0,"pct":90.9},"branches":{"total":8,"covered":8,"skipped":0,"pct":100}}
,"/home/charles-maponya/Documents/sceptreAI/apps/ui/react_app/src/components/PlotlyChart.tsx": {"lines":{"total":1,"covered":1,"skipped":0,"pct":100},"functions":{"total":0,"covered":0,"skipped":0,"pct":100},"statements":{"total":1,"covered":1,"skipped":0,"pct":100},"branches":{"total":0,"covered":0,"skipped":0,"pct":100}}
,"/home/charles-maponya/Documents/sceptreAI/apps/ui/react_app/src/components/ui.tsx": {"lines":{"total":36,"covered":36,"skipped":0,"pct":100},"functions":{"total":14,"covered":14,"skipped":0,"pct":100},"statements":{"total":41,"covered":40,"skipped":0,"pct":97.56},"branches":{"total":63,"covered":59,"skipped":0,"pct":93.65}}
,"/home/charles-maponya/Documents/sceptreAI/apps/ui/react_app/src/pages/AccountPage.tsx": {"lines":{"total":33,"covered":33,"skipped":0,"pct":100},"functions":{"total":3,"covered":3,"skipped":0,"pct":100},"statements":{"total":33,"covered":33,"skipped":0,"pct":100},"branches":{"total":24,"covered":22,"skipped":0,"pct":91.66}}
,"/home/charles-maponya/Documents/sceptreAI/apps/ui/react_app/src/pages/DataPage.tsx": {"lines":{"total":97,"covered":96,"skipped":0,"pct":98.96},"functions":{"total":51,"covered":49,"skipped":0,"pct":96.07},"statements":{"total":131,"covered":127,"skipped":0,"pct":96.94},"branches":{"total":198,"covered":186,"skipped":0,"pct":93.93}}
,"/home/charles-maponya/Documents/sceptreAI/apps/ui/react_app/src/pages/MembersPage.tsx": {"lines":{"total":13,"covered":13,"skipped":0,"pct":100},"functions":{"total":10,"covered":10,"skipped":0,"pct":100},"statements":{"total":20,"covered":19,"skipped":0,"pct":95},"branches":{"total":21,"covered":20,"skipped":0,"pct":95.23}}
,"/home/charles-maponya/Documents/sceptreAI/apps/ui/react_app/src/pages/MonitoringPage.tsx": {"lines":{"total":79,"covered":75,"skipped":0,"pct":94.93},"functions":{"total":54,"covered":47,"skipped":0,"pct":87.03},"statements":{"total":107,"covered":98,"skipped":0,"pct":91.58},"branches":{"total":115,"covered":104,"skipped":0,"pct":90.43}}
,"/home/charles-maponya/Documents/sceptreAI/apps/ui/react_app/src/pages/OperationsPage.tsx": {"lines":{"total":166,"covered":161,"skipped":0,"pct":96.98},"functions":{"total":92,"covered":85,"skipped":0,"pct":92.39},"statements":{"total":190,"covered":182,"skipped":0,"pct":95.78},"branches":{"total":210,"covered":186,"skipped":0,"pct":88.57}}
,"/home/charles-maponya/Documents/sceptreAI/apps/ui/react_app/src/pages/ProjectOverview.tsx": {"lines":{"total":71,"covered":69,"skipped":0,"pct":97.18},"functions":{"total":32,"covered":30,"skipped":0,"pct":93.75},"statements":{"total":85,"covered":80,"skipped":0,"pct":94.11},"branches":{"total":181,"covered":168,"skipped":0,"pct":92.81}}
,"/home/charles-maponya/Documents/sceptreAI/apps/ui/react_app/src/pages/ProjectsPage.tsx": {"lines":{"total":35,"covered":31,"skipped":0,"pct":88.57},"functions":{"total":22,"covered":18,"skipped":0,"pct":81.81},"statements":{"total":44,"covered":40,"skipped":0,"pct":90.9},"branches":{"total":30,"covered":28,"skipped":0,"pct":93.33}}
,"/home/charles-maponya/Documents/sceptreAI/apps/ui/react_app/src/pages/RunsPage.tsx": {"lines":{"total":313,"covered":293,"skipped":0,"pct":93.61},"functions":{"total":179,"covered":163,"skipped":0,"pct":91.06},"statements":{"total":385,"covered":355,"skipped":0,"pct":92.2},"branches":{"total":527,"covered":438,"skipped":0,"pct":83.11}}
,"/home/charles-maponya/Documents/sceptreAI/apps/ui/react_app/src/pages/SettingsPage.tsx": {"lines":{"total":11,"covered":11,"skipped":0,"pct":100},"functions":{"total":6,"covered":6,"skipped":0,"pct":100},"statements":{"total":17,"covered":17,"skipped":0,"pct":100},"branches":{"total":11,"covered":11,"skipped":0,"pct":100}}
,"/home/charles-maponya/Documents/sceptreAI/apps/ui/react_app/src/pages/TrainingPage.tsx": {"lines":{"total":91,"covered":91,"skipped":0,"pct":100},"functions":{"total":66,"covered":63,"skipped":0,"pct":95.45},"statements":{"total":153,"covered":146,"skipped":0,"pct":95.42},"branches":{"total":157,"covered":152,"skipped":0,"pct":96.81}}
,"/home/charles-maponya/Documents/sceptreAI/apps/ui/react_app/src/pages/presentation.ts": {"lines":{"total":70,"covered":70,"skipped":0,"pct":100},"functions":{"total":25,"covered":25,"skipped":0,"pct":100},"statements":{"total":86,"covered":86,"skipped":0,"pct":100},"branches":{"total":81,"covered":79,"skipped":0,"pct":97.53}}
}
