TN:
SF:src/Auth.tsx
FN:18,Auth
FN:30,setMode
FN:38,submit
FN:97,(anonymous_3)
FN:110,(anonymous_4)
FN:115,(anonymous_5)
FN:117,(anonymous_6)
FNF:7
FNH:7
FNDA:30,Auth
FNDA:4,setMode
FNDA:8,submit
FNDA:1,(anonymous_3)
FNDA:1,(anonymous_4)
FNDA:1,(anonymous_5)
FNDA:1,(anonymous_6)
DA:11,1
DA:19,30
DA:20,30
DA:21,30
DA:22,30
DA:24,30
DA:25,30
DA:26,30
DA:27,30
DA:28,30
DA:31,4
DA:32,4
DA:33,4
DA:34,4
DA:35,4
DA:39,8
DA:40,8
DA:41,8
DA:42,8
DA:43,8
DA:44,2
DA:45,2
DA:47,6
DA:48,6
DA:49,6
DA:50,1
DA:51,0
DA:52,5
DA:53,1
DA:56,1
DA:57,1
DA:58,1
DA:59,4
DA:60,2
DA:61,2
DA:62,2
DA:64,2
DA:65,2
DA:66,1
DA:67,1
DA:68,1
DA:69,1
DA:72,2
DA:74,6
DA:78,30
DA:79,30
DA:97,1
DA:110,1
DA:115,1
DA:117,1
LF:50
LH:49
BRDA:22,0,0,19
BRDA:22,0,1,11
BRDA:22,1,0,30
BRDA:22,1,1,11
BRDA:34,2,0,1
BRDA:34,2,1,3
BRDA:34,3,0,1
BRDA:34,3,1,2
BRDA:43,4,0,2
BRDA:43,4,1,6
BRDA:43,5,0,8
BRDA:43,5,1,6
BRDA:43,5,2,5
BRDA:49,6,0,1
BRDA:49,6,1,5
BRDA:52,7,0,1
BRDA:52,7,1,4
BRDA:59,8,0,2
BRDA:59,8,1,2
BRDA:62,9,0,2
BRDA:62,9,1,1
BRDA:64,10,0,2
BRDA:64,10,1,1
BRDA:65,11,0,1
BRDA:65,11,1,1
BRDA:72,12,0,2
BRDA:72,12,1,0
BRDA:97,13,0,30
BRDA:97,13,1,18
BRDA:101,14,0,30
BRDA:101,14,1,6
BRDA:102,15,0,30
BRDA:102,15,1,4
BRDA:103,16,0,30
BRDA:103,16,1,5
BRDA:103,17,0,30
BRDA:103,17,1,18
BRDA:103,17,2,13
BRDA:103,17,3,24
BRDA:105,18,0,30
BRDA:105,18,1,18
BRDA:105,18,2,13
BRDA:105,18,3,23
BRDA:107,19,0,6
BRDA:107,19,1,17
BRDA:107,20,0,12
BRDA:107,20,1,11
BRDA:107,21,0,12
BRDA:107,21,1,11
BRDA:107,22,0,30
BRDA:107,22,1,25
BRDA:107,22,2,11
BRDA:110,23,0,30
BRDA:110,23,1,12
BRDA:112,24,0,12
BRDA:112,24,1,18
BRDA:112,25,0,5
BRDA:112,25,1,13
BRDA:112,26,0,7
BRDA:112,26,1,6
BRDA:113,27,0,13
BRDA:113,27,1,17
BRDA:113,28,0,30
BRDA:113,28,1,23
BRDA:115,29,0,30
BRDA:115,29,1,7
BRDA:115,29,2,1
BRDA:115,30,0,30
BRDA:115,30,1,18
BRDA:115,30,2,17
BRDA:116,31,0,12
BRDA:116,31,1,5
BRDA:117,32,0,1
BRDA:117,32,1,0
BRDA:118,33,0,12
BRDA:118,33,1,5
BRF:76
BRH:74
end_of_record
TN:
SF:src/Landing.tsx
FN:42,Landing
FN:50,(anonymous_1)
FN:92,(anonymous_2)
FN:116,(anonymous_3)
FN:119,(anonymous_4)
FN:133,(anonymous_5)
FN:147,(anonymous_6)
FNF:7
FNH:6
FNDA:3,Landing
FNDA:0,(anonymous_1)
FNDA:15,(anonymous_2)
FNDA:9,(anonymous_3)
FNDA:27,(anonymous_4)
FNDA:12,(anonymous_5)
FNDA:12,(anonymous_6)
DA:10,1
DA:28,1
DA:35,1
DA:43,3
DA:44,3
DA:45,3
DA:46,3
DA:50,0
DA:93,15
DA:117,9
DA:119,27
DA:134,12
DA:148,12
LF:13
LH:12
BRDA:45,0,0,1
BRDA:45,0,1,2
BRDA:51,1,0,0
BRDA:51,1,1,3
BRDA:52,2,0,0
BRDA:52,2,1,3
BRDA:54,3,0,0
BRDA:54,3,1,3
BRDA:59,4,0,1
BRDA:59,4,1,2
BRDA:60,5,0,1
BRDA:60,5,1,1
BRDA:60,6,0,1
BRDA:60,6,1,0
BRDA:62,7,0,1
BRDA:62,7,1,0
BRDA:78,8,0,1
BRDA:78,8,1,2
BRDA:93,9,0,3
BRDA:93,9,1,12
BRDA:118,10,0,9
BRDA:118,10,1,3
BRDA:122,11,0,9
BRDA:122,11,1,3
BRDA:167,12,0,1
BRDA:167,12,1,2
BRDA:174,13,0,1
BRDA:174,13,1,2
BRDA:174,14,0,1
BRDA:174,14,1,2
BRF:30
BRH:25
end_of_record
TN:
SF:src/Layout.tsx
FN:21,Layout
FN:26,(anonymous_1)
FN:27,(anonymous_2)
FN:29,logout
FN:35,(anonymous_4)
FN:39,(anonymous_5)
FN:44,(anonymous_6)
FN:49,(anonymous_7)
FN:50,(anonymous_8)
FN:59,(anonymous_9)
FN:60,(anonymous_10)
FN:67,(anonymous_11)
FN:69,(anonymous_12)
FNF:13
FNH:12
FNDA:17,Layout
FNDA:4,(anonymous_1)
FNDA:9,(anonymous_2)
FNDA:1,logout
FNDA:1,(anonymous_4)
FNDA:1,(anonymous_5)
FNDA:0,(anonymous_6)
FNDA:102,(anonymous_7)
FNDA:1,(anonymous_8)
FNDA:1,(anonymous_9)
FNDA:1,(anonymous_10)
FNDA:1,(anonymous_11)
FNDA:3,(anonymous_12)
DA:12,1
DA:22,17
DA:23,17
DA:24,17
DA:25,17
DA:26,17
DA:27,17
DA:29,1
DA:31,17
DA:35,1
DA:39,1
DA:44,0
DA:50,102
DA:59,1
DA:60,1
DA:67,1
DA:69,3
LF:17
LH:16
BRDA:32,0,0,17
BRDA:32,0,1,3
BRDA:41,1,0,17
BRDA:41,1,1,17
BRDA:45,2,0,17
BRDA:45,2,1,8
BRDA:57,3,0,17
BRDA:57,3,1,0
BRDA:63,4,0,17
BRDA:63,4,1,0
BRDA:67,5,0,17
BRDA:67,5,1,3
BRDA:70,6,0,17
BRDA:70,6,1,8
BRF:14
BRH:12
end_of_record
TN:
SF:src/NotFound.tsx
FN:4,NotFound
FNF:1
FNH:1
FNDA:1,NotFound
DA:5,1
LF:1
LH:1
BRF:0
BRH:0
end_of_record
TN:
SF:src/api.ts
FN:7,constructor
FN:11,(anonymous_1)
FN:16,(anonymous_2)
FN:17,(anonymous_3)
FN:24,(anonymous_4)
FN:29,(anonymous_5)
FN:36,responseData
FN:44,raw
FN:54,multipartRequest
FN:60,(anonymous_9)
FN:64,(anonymous_10)
FN:69,(anonymous_11)
FN:80,(anonymous_12)
FN:81,(anonymous_13)
FN:87,api
FN:105,uploadFormData
FN:129,(anonymous_16)
FN:133,authenticate
FN:142,(anonymous_18)
FN:145,(anonymous_19)
FN:148,updateAccount
FN:154,changePassword
FN:160,signOut
FN:165,(anonymous_23)
FNF:24
FNH:24
FNDA:31,constructor
FNDA:12,(anonymous_1)
FNDA:53,(anonymous_2)
FNDA:114,(anonymous_3)
FNDA:31,(anonymous_4)
FNDA:3,(anonymous_5)
FNDA:340,responseData
FNDA:341,raw
FNDA:11,multipartRequest
FNDA:11,(anonymous_9)
FNDA:5,(anonymous_10)
FNDA:9,(anonymous_11)
FNDA:1,(anonymous_12)
FNDA:1,(anonymous_13)
FNDA:329,api
FNDA:10,uploadFormData
FNDA:43,(anonymous_16)
FNDA:3,authenticate
FNDA:2,(anonymous_18)
FNDA:1,(anonymous_19)
FNDA:2,updateAccount
FNDA:2,changePassword
FNDA:2,signOut
FNDA:1,(anonymous_23)
DA:3,12
DA:4,12
DA:7,31
DA:11,12
DA:12,12
DA:13,0
DA:16,53
DA:17,12
DA:18,114
DA:19,114
DA:20,85
DA:21,114
DA:24,12
DA:25,31
DA:26,30
DA:27,29
DA:28,29
DA:29,2
DA:30,3
DA:33,1
DA:37,340
DA:38,337
DA:39,337
DA:40,336
DA:41,2
DA:45,341
DA:46,341
DA:47,341
DA:48,341
DA:49,340
DA:50,340
DA:51,312
DA:60,11
DA:61,11
DA:62,11
DA:63,11
DA:64,11
DA:65,5
DA:66,5
DA:69,11
DA:71,9
DA:72,0
DA:73,9
DA:74,6
DA:75,6
DA:77,3
DA:80,11
DA:81,11
DA:82,11
DA:83,11
DA:88,329
DA:89,329
DA:91,26
DA:92,2
DA:93,2
DA:96,1
DA:97,1
DA:99,1
DA:100,1
DA:110,10
DA:111,10
DA:113,5
DA:114,4
DA:116,1
DA:117,1
DA:120,1
DA:121,1
DA:123,0
DA:124,0
DA:129,43
DA:134,3
DA:135,1
DA:137,2
DA:138,1
DA:139,1
DA:142,12
DA:143,2
DA:145,12
DA:146,1
DA:149,2
DA:150,1
DA:151,1
DA:155,2
DA:156,1
DA:157,1
DA:161,2
DA:162,2
DA:163,2
DA:164,2
DA:165,1
LF:90
LH:86
BRDA:3,0,0,12
BRDA:3,0,1,12
BRDA:12,1,0,12
BRDA:12,1,1,12
BRDA:19,2,0,29
BRDA:19,2,1,85
BRDA:25,3,0,1
BRDA:25,3,1,30
BRDA:26,4,0,29
BRDA:26,4,1,1
BRDA:26,5,0,30
BRDA:26,5,1,29
BRDA:26,5,2,29
BRDA:28,6,0,27
BRDA:28,6,1,2
BRDA:29,7,0,2
BRDA:29,7,1,0
BRDA:30,8,0,3
BRDA:30,8,1,0
BRDA:30,9,0,3
BRDA:30,9,1,3
BRDA:30,9,2,3
BRDA:37,10,0,3
BRDA:37,10,1,337
BRDA:39,11,0,1
BRDA:39,11,1,336
BRDA:44,12,0,341
BRDA:46,13,0,341
BRDA:46,13,1,0
BRDA:47,14,0,39
BRDA:47,14,1,302
BRDA:50,15,0,28
BRDA:50,15,1,312
BRDA:63,16,0,2
BRDA:63,16,1,9
BRDA:65,17,0,5
BRDA:65,17,1,0
BRDA:65,18,0,5
BRDA:65,18,1,5
BRDA:71,19,0,9
BRDA:71,19,1,0
BRDA:73,20,0,6
BRDA:73,20,1,3
BRDA:73,21,0,9
BRDA:73,21,1,9
BRDA:87,22,0,329
BRDA:91,23,0,24
BRDA:91,23,1,2
BRDA:91,24,0,26
BRDA:91,24,1,26
BRDA:91,24,2,8
BRDA:113,25,0,4
BRDA:113,25,1,1
BRDA:113,26,0,5
BRDA:113,26,1,3
BRDA:113,26,2,1
BRDA:130,27,0,6
BRDA:130,27,1,37
BRDA:134,28,0,1
BRDA:134,28,1,2
BRDA:163,29,0,2
BRDA:163,29,1,0
BRF:62
BRH:56
end_of_record
TN:
SF:src/lib.ts
FN:1,(anonymous_0)
FN:4,(anonymous_1)
FN:5,(anonymous_2)
FN:7,(anonymous_3)
FN:12,(anonymous_4)
FN:21,(anonymous_5)
FN:22,(anonymous_6)
FNF:7
FNH:7
FNDA:2273,(anonymous_0)
FNDA:1509,(anonymous_1)
FNDA:1676,(anonymous_2)
FNDA:341,(anonymous_3)
FNDA:43,(anonymous_4)
FNDA:134,(anonymous_5)
FNDA:260,(anonymous_6)
DA:1,13
DA:2,2273
DA:4,13
DA:5,1676
DA:7,13
DA:8,341
DA:12,13
DA:13,43
DA:14,27
DA:15,27
DA:16,27
DA:17,27
DA:18,27
DA:21,134
DA:22,260
LF:15
LH:15
BRDA:8,0,0,332
BRDA:8,0,1,9
BRDA:13,1,0,16
BRDA:13,1,1,27
BRDA:17,2,0,27
BRDA:17,2,1,13
BRDA:18,3,0,12
BRDA:18,3,1,15
BRDA:22,4,0,134
BRDA:22,4,1,12
BRDA:22,4,2,8
BRF:11
BRH:11
end_of_record
TN:
SF:src/main.tsx
FN:27,Protected
FN:34,AuthRoute
FNF:2
FNH:2
FNDA:3,Protected
FNDA:3,AuthRoute
DA:23,1
DA:28,3
DA:29,3
DA:30,2
DA:31,1
DA:35,3
DA:36,3
DA:37,2
DA:39,1
DA:59,1
LF:10
LH:10
BRDA:29,0,0,1
BRDA:29,0,1,2
BRDA:30,1,0,1
BRDA:30,1,1,1
BRDA:31,2,0,1
BRDA:31,2,1,0
BRDA:36,3,0,1
BRDA:36,3,1,2
BRDA:36,4,0,3
BRDA:36,4,1,2
BRDA:37,5,0,1
BRDA:37,5,1,1
BRF:12
BRH:11
end_of_record
TN:
SF:src/types.ts
FNF:0
FNH:0
LF:0
LH:0
BRF:0
BRH:0
end_of_record
TN:
SF:src/useAuthState.ts
FN:6,useAuthState
FN:7,(anonymous_1)
FN:9,(anonymous_2)
FN:10,(anonymous_3)
FN:12,(anonymous_4)
FN:17,(anonymous_5)
FNF:6
FNH:5
FNDA:3,useAuthState
FNDA:2,(anonymous_1)
FNDA:2,(anonymous_2)
FNDA:0,(anonymous_3)
FNDA:2,(anonymous_4)
FNDA:1,(anonymous_5)
DA:7,3
DA:9,3
DA:10,2
DA:11,2
DA:12,2
DA:15,3
DA:17,1
DA:23,3
LF:8
LH:8
BRDA:25,0,0,1
BRDA:25,0,1,2
BRDA:25,1,0,3
BRDA:25,1,1,2
BRDA:26,2,0,3
BRDA:26,2,1,2
BRDA:27,3,0,3
BRDA:27,3,1,2
BRF:8
BRH:8
end_of_record
TN:
SF:src/components/PlotlyChart.tsx
FNF:0
FNH:0
DA:4,1
LF:1
LH:1
BRF:0
BRH:0
end_of_record
TN:
SF:src/components/ui.tsx
FN:5,Button
FN:18,Card
FN:22,Badge
FN:30,PageHeader
FN:41,EmptyState
FN:47,Loading
FN:54,Notice
FN:63,Metric
FN:67,Modal
FN:72,(anonymous_9)
FN:74,(anonymous_10)
FN:93,(anonymous_11)
FN:101,(anonymous_12)
FN:108,ErrorState
FNF:14
FNH:14
FNDA:921,Button
FNDA:792,Card
FNDA:338,Badge
FNDA:276,PageHeader
FNDA:58,EmptyState
FNDA:195,Loading
FNDA:204,Notice
FNDA:452,Metric
FNDA:79,Modal
FNDA:33,(anonymous_9)
FNDA:116,(anonymous_10)
FNDA:33,(anonymous_11)
FNDA:52,(anonymous_12)
FNDA:17,ErrorState
DA:10,921
DA:19,792
DA:23,338
DA:27,338
DA:33,276
DA:44,58
DA:48,195
DA:57,204
DA:58,204
DA:64,452
DA:70,79
DA:71,79
DA:72,79
DA:73,33
DA:74,33
DA:75,116
DA:76,116
DA:77,2
DA:80,2
DA:81,2
DA:82,2
DA:83,2
DA:84,1
DA:85,1
DA:86,1
DA:89,33
DA:90,33
DA:91,33
DA:92,33
DA:93,33
DA:94,33
DA:95,33
DA:96,33
DA:99,79
DA:101,52
DA:109,17
LF:36
LH:36
BRDA:6,0,0,921
BRDA:11,1,0,921
BRDA:11,1,1,901
BRDA:12,2,0,921
BRDA:12,2,1,20
BRDA:23,3,0,212
BRDA:23,3,1,126
BRDA:23,4,0,338
BRDA:23,4,1,7
BRDA:24,5,0,11
BRDA:24,5,1,115
BRDA:24,6,0,126
BRDA:24,6,1,7
BRDA:25,7,0,29
BRDA:25,7,1,86
BRDA:25,8,0,115
BRDA:25,8,1,7
BRDA:27,9,0,338
BRDA:27,9,1,316
BRDA:27,10,0,316
BRDA:27,10,1,0
BRDA:35,11,0,276
BRDA:35,11,1,276
BRDA:35,12,0,276
BRDA:35,12,1,276
BRDA:36,13,0,276
BRDA:36,13,1,117
BRDA:44,14,0,58
BRDA:44,14,1,8
BRDA:47,15,0,195
BRDA:54,16,0,204
BRDA:57,17,0,67
BRDA:57,17,1,137
BRDA:57,18,0,22
BRDA:57,18,1,115
BRDA:58,19,0,67
BRDA:58,19,1,137
BRDA:64,20,0,452
BRDA:64,20,1,119
BRDA:73,21,0,33
BRDA:73,21,1,0
BRDA:75,22,0,1
BRDA:75,22,1,115
BRDA:76,23,0,114
BRDA:76,23,1,2
BRDA:76,24,0,116
BRDA:76,24,1,2
BRDA:80,25,0,0
BRDA:80,25,1,2
BRDA:83,26,0,1
BRDA:83,26,1,1
BRDA:83,27,0,2
BRDA:83,27,1,1
BRDA:85,28,0,1
BRDA:85,28,1,0
BRDA:85,29,0,1
BRDA:85,29,1,1
BRDA:101,30,0,77
BRDA:101,30,1,2
BRDA:103,31,0,79
BRDA:103,31,1,77
BRDA:110,32,0,17
BRDA:110,32,1,17
BRF:63
BRH:59
end_of_record
TN:
SF:src/pages/AccountPage.tsx
FN:7,AccountPage
FN:16,saveProfile
FN:32,savePassword
FNF:3
FNH:3
FNDA:15,AccountPage
FNDA:2,saveProfile
FNDA:3,savePassword
DA:8,15
DA:9,15
DA:10,15
DA:11,15
DA:12,15
DA:13,15
DA:14,15
DA:17,2
DA:18,2
DA:19,2
DA:20,2
DA:21,2
DA:22,2
DA:23,2
DA:24,1
DA:26,1
DA:28,2
DA:33,3
DA:34,3
DA:35,3
DA:36,3
DA:37,3
DA:38,3
DA:39,1
DA:40,1
DA:42,2
DA:43,2
DA:44,2
DA:45,1
DA:46,1
DA:48,1
DA:50,2
DA:54,15
LF:33
LH:33
BRDA:26,0,0,1
BRDA:26,0,1,0
BRDA:38,1,0,1
BRDA:38,1,1,2
BRDA:48,2,0,1
BRDA:48,2,1,0
BRDA:63,3,0,15
BRDA:63,3,1,1
BRDA:68,4,0,14
BRDA:68,4,1,1
BRDA:68,5,0,14
BRDA:68,5,1,1
BRDA:69,6,0,14
BRDA:69,6,1,1
BRDA:79,7,0,15
BRDA:79,7,1,1
BRDA:80,8,0,15
BRDA:80,8,1,3
BRDA:82,9,0,15
BRDA:82,9,1,1
BRDA:92,10,0,15
BRDA:92,10,1,1
BRDA:93,11,0,15
BRDA:93,11,1,2
BRF:24
BRH:22
end_of_record
TN:
SF:src/pages/DataPage.tsx
FN:23,(anonymous_0)
FN:25,DataPage
FN:33,(anonymous_2)
FN:34,(anonymous_3)
FN:36,(anonymous_4)
FN:40,(anonymous_5)
FN:52,(anonymous_6)
FN:60,(anonymous_7)
FN:65,submit
FN:70,(anonymous_9)
FN:79,(anonymous_10)
FN:86,(anonymous_11)
FN:89,(anonymous_12)
FN:89,(anonymous_13)
FN:90,(anonymous_14)
FN:91,(anonymous_15)
FN:100,(anonymous_16)
FN:106,DatasetDetail
FN:119,(anonymous_18)
FN:121,(anonymous_19)
FN:121,(anonymous_20)
FN:122,(anonymous_21)
FN:126,(anonymous_22)
FN:127,(anonymous_23)
FN:131,(anonymous_24)
FN:134,(anonymous_25)
FN:138,(anonymous_26)
FN:140,(anonymous_27)
FN:147,(anonymous_28)
FN:147,(anonymous_29)
FN:148,(anonymous_30)
FN:149,(anonymous_31)
FN:149,(anonymous_32)
FN:155,(anonymous_33)
FN:157,(anonymous_34)
FN:165,(anonymous_35)
FN:172,LeakageSummary
FN:180,FeatureAccordions
FN:196,(anonymous_38)
FN:199,(anonymous_39)
FN:200,(anonymous_40)
FN:201,(anonymous_41)
FN:203,(anonymous_42)
FN:212,(anonymous_43)
FN:219,FeatureDistribution
FN:227,(anonymous_45)
FN:227,(anonymous_46)
FN:232,StatisticsTable
FN:234,(anonymous_48)
FN:237,(anonymous_49)
FN:238,(anonymous_50)
FNF:51
FNH:49
FNDA:1,(anonymous_0)
FNDA:52,DataPage
FNDA:14,(anonymous_2)
FNDA:36,(anonymous_3)
FNDA:13,(anonymous_4)
FNDA:2,(anonymous_5)
FNDA:1,(anonymous_6)
FNDA:2,(anonymous_7)
FNDA:2,submit
FNDA:4,(anonymous_9)
FNDA:1,(anonymous_10)
FNDA:0,(anonymous_11)
FNDA:1,(anonymous_12)
FNDA:1,(anonymous_13)
FNDA:3,(anonymous_14)
FNDA:1,(anonymous_15)
FNDA:1,(anonymous_16)
FNDA:45,DatasetDetail
FNDA:11,(anonymous_18)
FNDA:31,(anonymous_19)
FNDA:18,(anonymous_20)
FNDA:32,(anonymous_21)
FNDA:10,(anonymous_22)
FNDA:84,(anonymous_23)
FNDA:3,(anonymous_24)
FNDA:1,(anonymous_25)
FNDA:1,(anonymous_26)
FNDA:12,(anonymous_27)
FNDA:1,(anonymous_28)
FNDA:2,(anonymous_29)
FNDA:31,(anonymous_30)
FNDA:0,(anonymous_31)
FNDA:24,(anonymous_32)
FNDA:1,(anonymous_33)
FNDA:1,(anonymous_34)
FNDA:1,(anonymous_35)
FNDA:3,LeakageSummary
FNDA:9,FeatureAccordions
FNDA:24,(anonymous_38)
FNDA:20,(anonymous_39)
FNDA:22,(anonymous_40)
FNDA:20,(anonymous_41)
FNDA:6,(anonymous_42)
FNDA:2,(anonymous_43)
FNDA:6,FeatureDistribution
FNDA:2,(anonymous_45)
FNDA:2,(anonymous_46)
FNDA:6,StatisticsTable
FNDA:78,(anonymous_48)
FNDA:10,(anonymous_49)
FNDA:2,(anonymous_50)
DA:23,3
DA:26,52
DA:27,52
DA:28,52
DA:29,52
DA:30,52
DA:31,52
DA:32,52
DA:33,52
DA:34,52
DA:35,36
DA:36,36
DA:39,52
DA:41,2
DA:42,2
DA:43,2
DA:44,2
DA:45,2
DA:46,2
DA:53,1
DA:54,1
DA:55,1
DA:56,1
DA:57,1
DA:60,52
DA:61,2
DA:62,2
DA:63,2
DA:66,2
DA:67,2
DA:68,2
DA:70,52
DA:71,4
DA:72,4
DA:73,4
DA:76,52
DA:79,1
DA:86,0
DA:89,1
DA:90,3
DA:91,1
DA:100,1
DA:117,45
DA:118,45
DA:119,45
DA:120,45
DA:121,45
DA:122,45
DA:123,45
DA:124,45
DA:126,10
DA:127,84
DA:129,45
DA:131,3
DA:133,45
DA:134,1
DA:138,1
DA:140,45
DA:141,45
DA:142,34
DA:143,26
DA:145,24
DA:147,2
DA:148,31
DA:149,24
DA:155,1
DA:157,1
DA:165,1
DA:173,3
DA:174,2
DA:175,1
DA:193,9
DA:194,9
DA:195,9
DA:197,24
DA:198,24
DA:199,24
DA:200,24
DA:201,24
DA:202,24
DA:203,6
DA:212,2
DA:220,6
DA:221,6
DA:222,6
DA:223,6
DA:224,5
DA:225,3
DA:227,2
DA:228,6
DA:229,6
DA:233,6
DA:234,78
DA:235,6
DA:236,6
DA:237,10
DA:238,2
LF:97
LH:96
BRDA:26,0,0,52
BRDA:35,1,0,9
BRDA:35,1,1,27
BRDA:35,2,0,36
BRDA:35,2,1,24
BRDA:36,3,0,1
BRDA:36,3,1,35
BRDA:36,4,0,36
BRDA:36,4,1,12
BRDA:36,4,2,12
BRDA:36,5,0,1
BRDA:36,5,1,0
BRDA:66,6,0,0
BRDA:66,6,1,2
BRDA:68,7,0,2
BRDA:68,7,1,2
BRDA:71,8,0,0
BRDA:71,8,1,4
BRDA:73,9,0,3
BRDA:73,9,1,1
BRDA:73,10,0,4
BRDA:73,10,1,4
BRDA:79,11,0,12
BRDA:79,11,1,40
BRDA:79,12,0,1
BRDA:79,12,1,39
BRDA:80,13,0,18
BRDA:80,13,1,21
BRDA:82,14,0,21
BRDA:82,14,1,12
BRDA:83,15,0,52
BRDA:83,15,1,11
BRDA:91,16,0,8
BRDA:91,16,1,3
BRDA:94,17,0,11
BRDA:94,17,1,3
BRDA:95,18,0,2
BRDA:95,18,1,1
BRDA:97,19,0,2
BRDA:97,19,1,1
BRDA:99,20,0,11
BRDA:99,20,1,2
BRDA:121,21,0,9
BRDA:121,21,1,22
BRDA:121,22,0,31
BRDA:121,22,1,18
BRDA:123,23,0,23
BRDA:123,23,1,22
BRDA:127,24,0,8
BRDA:127,24,1,76
BRDA:127,25,0,84
BRDA:127,25,1,28
BRDA:135,26,0,1
BRDA:135,26,1,0
BRDA:140,27,0,12
BRDA:140,27,1,9
BRDA:141,28,0,11
BRDA:141,28,1,34
BRDA:142,29,0,8
BRDA:142,29,1,26
BRDA:142,30,0,34
BRDA:142,30,1,9
BRDA:143,31,0,2
BRDA:143,31,1,24
BRDA:146,32,0,24
BRDA:146,32,1,21
BRDA:147,33,0,1
BRDA:147,33,1,0
BRDA:150,34,0,45
BRDA:150,34,1,23
BRDA:150,35,0,23
BRDA:150,35,1,15
BRDA:150,36,0,23
BRDA:150,36,1,15
BRDA:153,37,0,6
BRDA:153,37,1,18
BRDA:154,38,0,2
BRDA:154,38,1,16
BRDA:154,39,0,18
BRDA:154,39,1,8
BRDA:156,40,0,1
BRDA:156,40,1,15
BRDA:156,41,0,16
BRDA:156,41,1,10
BRDA:159,42,0,12
BRDA:159,42,1,12
BRDA:159,43,0,45
BRDA:159,43,1,15
BRDA:159,44,0,4
BRDA:159,44,1,8
BRDA:159,45,0,12
BRDA:159,45,1,11
BRDA:160,46,0,4
BRDA:160,46,1,1
BRDA:160,47,0,4
BRDA:160,47,1,1
BRDA:160,48,0,4
BRDA:160,48,1,1
BRDA:160,49,0,4
BRDA:160,49,1,1
BRDA:160,50,0,4
BRDA:160,50,1,1
BRDA:161,51,0,3
BRDA:161,51,1,5
BRDA:161,52,0,3
BRDA:161,52,1,1
BRDA:162,53,0,3
BRDA:162,53,1,2
BRDA:164,54,0,3
BRDA:164,54,1,1
BRDA:173,55,0,1
BRDA:173,55,1,2
BRDA:173,56,0,3
BRDA:173,56,1,2
BRDA:174,57,0,1
BRDA:174,57,1,1
BRDA:174,58,0,1
BRDA:174,58,1,0
BRDA:197,59,0,24
BRDA:197,59,1,0
BRDA:202,60,0,6
BRDA:202,60,1,18
BRDA:202,61,0,5
BRDA:202,61,1,19
BRDA:203,62,0,0
BRDA:203,62,1,6
BRDA:204,63,0,24
BRDA:204,63,1,0
BRDA:204,64,0,5
BRDA:204,64,1,19
BRDA:204,65,0,5
BRDA:204,65,1,19
BRDA:205,66,0,6
BRDA:205,66,1,18
BRDA:207,67,0,24
BRDA:207,67,1,6
BRDA:208,68,0,6
BRDA:208,68,1,0
BRDA:208,69,0,6
BRDA:208,69,1,2
BRDA:208,70,0,2
BRDA:208,70,1,4
BRDA:209,71,0,2
BRDA:209,71,1,4
BRDA:209,72,0,2
BRDA:209,72,1,2
BRDA:209,73,0,6
BRDA:209,73,1,1
BRDA:210,74,0,6
BRDA:210,74,1,1
BRDA:210,75,0,1
BRDA:210,75,1,0
BRDA:211,76,0,6
BRDA:211,76,1,1
BRDA:211,77,0,1
BRDA:211,77,1,0
BRDA:212,78,0,2
BRDA:212,78,1,4
BRDA:212,79,0,2
BRDA:212,79,1,1
BRDA:212,80,0,2
BRDA:212,80,1,1
BRDA:212,81,0,1
BRDA:212,81,1,3
BRDA:221,82,0,1
BRDA:221,82,1,5
BRDA:222,83,0,6
BRDA:222,83,1,2
BRDA:223,84,0,1
BRDA:223,84,1,5
BRDA:223,85,0,6
BRDA:223,85,1,2
BRDA:224,86,0,2
BRDA:224,86,1,3
BRDA:224,87,0,5
BRDA:224,87,1,4
BRDA:225,88,0,1
BRDA:225,88,1,2
BRDA:229,89,0,1
BRDA:229,89,1,2
BRDA:229,90,0,1
BRDA:229,90,1,2
BRDA:229,91,0,1
BRDA:229,91,1,2
BRDA:229,92,0,1
BRDA:229,92,1,2
BRDA:229,93,0,1
BRDA:229,93,1,2
BRDA:235,94,0,1
BRDA:235,94,1,5
BRDA:236,95,0,3
BRDA:236,95,1,3
BRDA:236,96,0,6
BRDA:236,96,1,4
BRDA:237,97,0,2
BRDA:237,97,1,1
BRDA:238,98,0,1
BRDA:238,98,1,2
BRF:198
BRH:186
end_of_record
TN:
SF:src/pages/MembersPage.tsx
FN:12,MembersPage
FN:17,(anonymous_1)
FN:18,(anonymous_2)
FN:19,copy
FN:19,(anonymous_4)
FN:23,(anonymous_5)
FN:24,(anonymous_6)
FN:27,(anonymous_7)
FN:28,(anonymous_8)
FN:31,(anonymous_9)
FNF:10
FNH:10
FNDA:12,MembersPage
FNDA:4,(anonymous_1)
FNDA:2,(anonymous_2)
FNDA:1,copy
FNDA:1,(anonymous_4)
FNDA:1,(anonymous_5)
FNDA:7,(anonymous_6)
FNDA:1,(anonymous_7)
FNDA:1,(anonymous_8)
FNDA:2,(anonymous_9)
DA:13,12
DA:14,12
DA:15,12
DA:16,12
DA:17,12
DA:18,12
DA:19,1
DA:20,12
DA:23,1
DA:24,7
DA:27,1
DA:28,1
DA:31,2
LF:13
LH:13
BRDA:13,0,0,12
BRDA:19,1,0,0
BRDA:19,1,1,1
BRDA:22,2,0,12
BRDA:22,2,1,5
BRDA:23,3,0,3
BRDA:23,3,1,9
BRDA:23,4,0,1
BRDA:23,4,1,8
BRDA:23,5,0,7
BRDA:23,5,1,1
BRDA:24,6,0,7
BRDA:24,6,1,2
BRDA:29,7,0,12
BRDA:29,7,1,1
BRDA:30,8,0,2
BRDA:30,8,1,10
BRDA:30,9,0,1
BRDA:30,9,1,1
BRDA:30,10,0,1
BRDA:30,10,1,1
BRF:21
BRH:20
end_of_record
TN:
SF:src/pages/MonitoringPage.tsx
FN:15,(anonymous_0)
FN:60,MonitoringPage
FN:69,(anonymous_2)
FN:72,(anonymous_3)
FN:73,(anonymous_4)
FN:75,(anonymous_5)
FN:75,(anonymous_6)
FN:79,(anonymous_7)
FN:80,(anonymous_8)
FN:85,(anonymous_9)
FN:88,(anonymous_10)
FN:112,(anonymous_11)
FN:113,(anonymous_12)
FN:122,(anonymous_13)
FN:124,(anonymous_14)
FN:126,(anonymous_15)
FN:136,(anonymous_16)
FN:139,(anonymous_17)
FN:146,(anonymous_18)
FN:147,(anonymous_19)
FN:152,(anonymous_20)
FN:152,(anonymous_21)
FN:154,(anonymous_22)
FN:158,DeploymentEvidence
FN:162,(anonymous_24)
FN:171,(anonymous_25)
FN:191,(anonymous_26)
FN:192,(anonymous_27)
FN:196,(anonymous_28)
FN:197,(anonymous_29)
FN:225,(anonymous_30)
FN:234,MonitoringConfigModal
FN:242,(anonymous_32)
FN:251,(anonymous_33)
FN:252,(anonymous_34)
FN:255,(anonymous_35)
FN:262,(anonymous_36)
FN:265,(anonymous_37)
FN:269,GovernanceModal
FN:275,(anonymous_39)
FN:276,(anonymous_40)
FN:277,(anonymous_41)
FN:278,(anonymous_42)
FN:283,(anonymous_43)
FN:286,(anonymous_44)
FN:286,(anonymous_45)
FN:295,(anonymous_46)
FN:296,(anonymous_47)
FN:298,(anonymous_48)
FN:298,(anonymous_49)
FN:308,GovernanceValue
FN:309,(anonymous_51)
FN:311,(anonymous_52)
FN:317,downloadGovernance
FNF:54
FNH:47
FNDA:2,(anonymous_0)
FNDA:13,MonitoringPage
FNDA:5,(anonymous_2)
FNDA:6,(anonymous_3)
FNDA:4,(anonymous_4)
FNDA:9,(anonymous_5)
FNDA:10,(anonymous_6)
FNDA:10,(anonymous_7)
FNDA:10,(anonymous_8)
FNDA:2,(anonymous_9)
FNDA:0,(anonymous_10)
FNDA:4,(anonymous_11)
FNDA:0,(anonymous_12)
FNDA:2,(anonymous_13)
FNDA:16,(anonymous_14)
FNDA:1,(anonymous_15)
FNDA:10,(anonymous_16)
FNDA:0,(anonymous_17)
FNDA:1,(anonymous_18)
FNDA:2,(anonymous_19)
FNDA:0,(anonymous_20)
FNDA:1,(anonymous_21)
FNDA:0,(anonymous_22)
FNDA:10,DeploymentEvidence
FNDA:9,(anonymous_24)
FNDA:10,(anonymous_25)
FNDA:1,(anonymous_26)
FNDA:16,(anonymous_27)
FNDA:9,(anonymous_28)
FNDA:9,(anonymous_29)
FNDA:9,(anonymous_30)
FNDA:4,MonitoringConfigModal
FNDA:1,(anonymous_32)
FNDA:0,(anonymous_33)
FNDA:1,(anonymous_34)
FNDA:1,(anonymous_35)
FNDA:1,(anonymous_36)
FNDA:1,(anonymous_37)
FNDA:8,GovernanceModal
FNDA:3,(anonymous_39)
FNDA:1,(anonymous_40)
FNDA:1,(anonymous_41)
FNDA:1,(anonymous_42)
FNDA:1,(anonymous_43)
FNDA:5,(anonymous_44)
FNDA:1,(anonymous_45)
FNDA:1,(anonymous_46)
FNDA:0,(anonymous_47)
FNDA:16,(anonymous_48)
FNDA:12,(anonymous_49)
FNDA:16,GovernanceValue
FNDA:4,(anonymous_51)
FNDA:6,(anonymous_52)
FNDA:1,downloadGovernance
DA:15,2
DA:61,13
DA:62,13
DA:63,13
DA:64,13
DA:65,13
DA:66,13
DA:67,13
DA:69,5
DA:72,13
DA:73,4
DA:75,13
DA:79,13
DA:80,13
DA:82,13
DA:85,13
DA:87,13
DA:88,10
DA:89,10
DA:113,4
DA:122,2
DA:124,16
DA:126,1
DA:136,10
DA:139,0
DA:146,1
DA:147,2
DA:152,1
DA:154,0
DA:161,10
DA:162,9
DA:170,10
DA:171,10
DA:172,10
DA:173,10
DA:177,10
DA:191,1
DA:192,16
DA:196,9
DA:197,9
DA:226,9
DA:237,4
DA:238,4
DA:239,4
DA:240,4
DA:241,4
DA:242,1
DA:247,4
DA:251,0
DA:252,1
DA:255,1
DA:262,1
DA:265,1
DA:272,8
DA:273,8
DA:274,8
DA:275,3
DA:276,8
DA:277,1
DA:278,8
DA:279,8
DA:283,1
DA:286,5
DA:295,1
DA:296,0
DA:298,16
DA:299,12
DA:309,16
DA:310,4
DA:311,12
DA:312,6
DA:313,8
DA:314,6
DA:318,1
DA:319,1
DA:320,1
DA:321,1
DA:322,1
DA:323,1
LF:79
LH:75
BRDA:73,0,0,6
BRDA:73,0,1,3
BRDA:75,1,0,9
BRDA:75,1,1,3
BRDA:75,2,0,10
BRDA:75,2,1,6
BRDA:75,2,2,7
BRDA:75,2,3,2
BRDA:79,3,0,13
BRDA:79,3,1,13
BRDA:80,4,0,10
BRDA:80,4,1,10
BRDA:80,4,2,8
BRDA:82,5,0,10
BRDA:82,5,1,3
BRDA:87,6,0,3
BRDA:87,6,1,10
BRDA:88,7,0,0
BRDA:88,7,1,10
BRDA:96,8,0,2
BRDA:96,8,1,8
BRDA:97,9,0,2
BRDA:97,9,1,8
BRDA:98,10,0,2
BRDA:98,10,1,0
BRDA:103,11,0,13
BRDA:103,11,1,2
BRDA:104,12,0,13
BRDA:104,12,1,8
BRDA:105,13,0,13
BRDA:105,13,1,8
BRDA:106,14,0,13
BRDA:106,14,1,4
BRDA:112,15,0,4
BRDA:112,15,1,6
BRDA:114,16,0,0
BRDA:114,16,1,4
BRDA:114,17,0,2
BRDA:114,17,1,2
BRDA:115,18,0,2
BRDA:115,18,1,2
BRDA:133,19,0,9
BRDA:133,19,1,1
BRDA:133,20,0,13
BRDA:133,20,1,9
BRDA:135,21,0,8
BRDA:135,21,1,1
BRDA:137,22,0,9
BRDA:137,22,1,1
BRDA:151,23,0,13
BRDA:151,23,1,4
BRDA:151,23,2,1
BRDA:153,24,0,13
BRDA:153,24,1,4
BRDA:153,24,2,2
BRDA:163,25,0,7
BRDA:163,25,1,3
BRDA:170,26,0,10
BRDA:170,26,1,1
BRDA:171,27,0,10
BRDA:171,27,1,1
BRDA:173,28,0,1
BRDA:173,28,1,9
BRDA:175,29,0,7
BRDA:175,29,1,2
BRDA:176,30,0,2
BRDA:176,30,1,0
BRDA:181,31,0,9
BRDA:181,31,1,1
BRDA:189,32,0,1
BRDA:189,32,1,9
BRDA:190,33,0,10
BRDA:190,33,1,9
BRDA:191,34,0,9
BRDA:191,34,1,0
BRDA:194,35,0,9
BRDA:194,35,1,1
BRDA:210,36,0,1
BRDA:210,36,1,9
BRDA:211,37,0,9
BRDA:211,37,1,0
BRDA:217,38,0,9
BRDA:217,38,1,1
BRDA:225,39,0,9
BRDA:225,39,1,1
BRDA:263,40,0,4
BRDA:263,40,1,0
BRDA:284,41,0,8
BRDA:284,41,1,0
BRDA:285,42,0,2
BRDA:285,42,1,6
BRDA:285,43,0,5
BRDA:285,43,1,1
BRDA:287,44,0,4
BRDA:287,44,1,1
BRDA:292,45,0,0
BRDA:292,45,1,8
BRDA:292,46,0,4
BRDA:292,46,1,4
BRDA:296,47,0,4
BRDA:296,47,1,4
BRDA:309,48,0,4
BRDA:309,48,1,12
BRDA:309,49,0,2
BRDA:309,49,1,2
BRDA:311,50,0,4
BRDA:311,50,1,8
BRDA:311,51,0,12
BRDA:311,51,1,10
BRDA:313,52,0,2
BRDA:313,52,1,6
BRDA:319,53,0,1
BRDA:319,53,1,0
BRDA:320,54,0,0
BRDA:320,54,1,1
BRF:115
BRH:104
end_of_record
TN:
SF:src/pages/OperationsPage.tsx
FN:43,OperationsPage
FN:50,(anonymous_1)
FN:56,(anonymous_2)
FN:61,(anonymous_3)
FN:65,(anonymous_4)
FN:66,(anonymous_5)
FN:66,(anonymous_6)
FN:71,(anonymous_7)
FN:72,(anonymous_8)
FN:72,(anonymous_9)
FN:75,(anonymous_10)
FN:82,(anonymous_11)
FN:86,(anonymous_12)
FN:101,(anonymous_13)
FN:106,(anonymous_14)
FN:113,(anonymous_15)
FN:116,(anonymous_16)
FN:118,(anonymous_17)
FN:125,(anonymous_18)
FN:129,RegistryCard
FN:135,(anonymous_20)
FN:137,(anonymous_21)
FN:151,(anonymous_22)
FN:157,(anonymous_23)
FN:159,(anonymous_24)
FN:160,(anonymous_25)
FN:163,(anonymous_26)
FN:166,(anonymous_27)
FN:166,(anonymous_28)
FN:169,(anonymous_29)
FN:170,(anonymous_30)
FN:172,(anonymous_31)
FN:176,DriftModal
FN:184,(anonymous_33)
FN:187,(anonymous_34)
FN:190,(anonymous_35)
FN:203,(anonymous_36)
FN:211,(anonymous_37)
FN:217,(anonymous_38)
FN:226,(anonymous_39)
FN:230,(anonymous_40)
FN:236,DriftPanel
FN:237,(anonymous_42)
FN:249,(anonymous_43)
FN:260,DeploymentRow
FN:266,(anonymous_45)
FN:267,(anonymous_46)
FN:272,(anonymous_47)
FN:274,(anonymous_48)
FN:277,(anonymous_49)
FN:278,(anonymous_50)
FN:280,(anonymous_51)
FN:283,DeploymentAccess
FN:302,ApiAccessModal
FN:306,(anonymous_54)
FN:311,(anonymous_55)
FN:312,(anonymous_56)
FN:319,(anonymous_57)
FN:321,(anonymous_58)
FN:345,(anonymous_59)
FN:361,(anonymous_60)
FN:361,(anonymous_61)
FN:365,(anonymous_62)
FN:374,(anonymous_63)
FN:385,(anonymous_64)
FN:404,(anonymous_65)
FN:416,PlatformEndpoint
FN:424,EndpointValue
FN:428,CleanupPanel
FN:432,(anonymous_69)
FN:440,(anonymous_70)
FN:442,(anonymous_71)
FN:444,(anonymous_72)
FN:455,(anonymous_73)
FN:456,(anonymous_74)
FN:456,(anonymous_75)
FN:460,ConfirmModal
FN:466,confirm
FN:481,RegisterModal
FN:489,(anonymous_79)
FN:491,(anonymous_80)
FN:494,(anonymous_81)
FN:497,(anonymous_82)
FN:497,(anonymous_83)
FN:498,(anonymous_84)
FN:501,(anonymous_85)
FN:505,(anonymous_86)
FN:512,(anonymous_87)
FN:513,(anonymous_88)
FN:516,(anonymous_89)
FN:518,(anonymous_90)
FN:523,(anonymous_91)
FNF:92
FNH:85
FNDA:31,OperationsPage
FNDA:2,(anonymous_1)
FNDA:16,(anonymous_2)
FNDA:17,(anonymous_3)
FNDA:18,(anonymous_4)
FNDA:95,(anonymous_5)
FNDA:23,(anonymous_6)
FNDA:16,(anonymous_7)
FNDA:91,(anonymous_8)
FNDA:13,(anonymous_9)
FNDA:4,(anonymous_10)
FNDA:0,(anonymous_11)
FNDA:2,(anonymous_12)
FNDA:4,(anonymous_13)
FNDA:0,(anonymous_14)
FNDA:1,(anonymous_15)
FNDA:9,(anonymous_16)
FNDA:1,(anonymous_17)
FNDA:1,(anonymous_18)
FNDA:15,RegistryCard
FNDA:3,(anonymous_20)
FNDA:3,(anonymous_21)
FNDA:1,(anonymous_22)
FNDA:1,(anonymous_23)
FNDA:1,(anonymous_24)
FNDA:1,(anonymous_25)
FNDA:1,(anonymous_26)
FNDA:0,(anonymous_27)
FNDA:1,(anonymous_28)
FNDA:0,(anonymous_29)
FNDA:1,(anonymous_30)
FNDA:1,(anonymous_31)
FNDA:11,DriftModal
FNDA:14,(anonymous_33)
FNDA:22,(anonymous_34)
FNDA:1,(anonymous_35)
FNDA:1,(anonymous_36)
FNDA:1,(anonymous_37)
FNDA:1,(anonymous_38)
FNDA:5,(anonymous_39)
FNDA:1,(anonymous_40)
FNDA:19,DriftPanel
FNDA:2,(anonymous_42)
FNDA:2,(anonymous_43)
FNDA:20,DeploymentRow
FNDA:2,(anonymous_45)
FNDA:1,(anonymous_46)
FNDA:4,(anonymous_47)
FNDA:2,(anonymous_48)
FNDA:1,(anonymous_49)
FNDA:2,(anonymous_50)
FNDA:1,(anonymous_51)
FNDA:19,DeploymentAccess
FNDA:10,ApiAccessModal
FNDA:4,(anonymous_54)
FNDA:4,(anonymous_55)
FNDA:1,(anonymous_56)
FNDA:4,(anonymous_57)
FNDA:3,(anonymous_58)
FNDA:12,(anonymous_59)
FNDA:2,(anonymous_60)
FNDA:2,(anonymous_61)
FNDA:1,(anonymous_62)
FNDA:2,(anonymous_63)
FNDA:80,(anonymous_64)
FNDA:27,(anonymous_65)
FNDA:31,PlatformEndpoint
FNDA:15,EndpointValue
FNDA:25,CleanupPanel
FNDA:4,(anonymous_69)
FNDA:0,(anonymous_70)
FNDA:3,(anonymous_71)
FNDA:1,(anonymous_72)
FNDA:0,(anonymous_73)
FNDA:1,(anonymous_74)
FNDA:1,(anonymous_75)
FNDA:10,ConfirmModal
FNDA:4,confirm
FNDA:9,RegisterModal
FNDA:3,(anonymous_79)
FNDA:8,(anonymous_80)
FNDA:2,(anonymous_81)
FNDA:5,(anonymous_82)
FNDA:2,(anonymous_83)
FNDA:1,(anonymous_84)
FNDA:6,(anonymous_85)
FNDA:1,(anonymous_86)
FNDA:1,(anonymous_87)
FNDA:4,(anonymous_88)
FNDA:0,(anonymous_89)
FNDA:2,(anonymous_90)
FNDA:1,(anonymous_91)
DA:44,31
DA:45,31
DA:46,31
DA:47,31
DA:48,31
DA:49,31
DA:50,31
DA:51,2
DA:52,2
DA:54,31
DA:56,16
DA:59,31
DA:61,17
DA:63,31
DA:65,18
DA:66,95
DA:67,23
DA:69,31
DA:71,16
DA:72,91
DA:73,13
DA:75,31
DA:76,4
DA:77,4
DA:78,4
DA:79,4
DA:81,31
DA:82,19
DA:83,19
DA:86,2
DA:102,4
DA:106,0
DA:113,1
DA:117,9
DA:118,1
DA:125,1
DA:132,15
DA:133,15
DA:134,15
DA:135,15
DA:136,15
DA:137,3
DA:141,15
DA:151,1
DA:157,1
DA:159,1
DA:160,1
DA:163,1
DA:166,1
DA:169,0
DA:170,1
DA:172,1
DA:179,11
DA:180,11
DA:181,11
DA:182,11
DA:183,11
DA:184,14
DA:185,11
DA:186,11
DA:187,22
DA:189,11
DA:191,1
DA:192,1
DA:193,1
DA:194,1
DA:195,1
DA:196,1
DA:202,11
DA:203,1
DA:207,11
DA:212,1
DA:217,1
DA:226,5
DA:230,1
DA:237,19
DA:238,19
DA:239,19
DA:249,2
DA:263,20
DA:264,20
DA:265,20
DA:266,2
DA:267,1
DA:269,20
DA:272,4
DA:274,2
DA:277,1
DA:278,2
DA:280,1
DA:286,19
DA:287,19
DA:288,19
DA:289,15
DA:292,4
DA:294,1
DA:296,3
DA:297,1
DA:299,2
DA:305,10
DA:306,4
DA:308,10
DA:309,10
DA:310,10
DA:311,10
DA:312,4
DA:313,1
DA:314,1
DA:315,1
DA:316,1
DA:318,4
DA:319,4
DA:321,10
DA:322,3
DA:323,3
DA:324,2
DA:325,2
DA:327,1
DA:330,10
DA:340,10
DA:345,12
DA:346,10
DA:361,2
DA:365,1
DA:374,2
DA:386,80
DA:404,27
DA:419,31
DA:420,31
DA:425,15
DA:429,25
DA:430,25
DA:431,25
DA:432,4
DA:435,25
DA:440,0
DA:442,3
DA:444,1
DA:455,0
DA:456,1
DA:464,10
DA:465,10
DA:467,4
DA:468,4
DA:469,1
DA:472,10
DA:485,9
DA:486,9
DA:487,9
DA:489,3
DA:491,9
DA:492,9
DA:494,2
DA:496,9
DA:497,5
DA:498,1
DA:501,9
DA:502,6
DA:504,9
DA:505,1
DA:509,9
DA:512,1
DA:514,4
DA:516,0
DA:518,2
DA:523,1
LF:166
LH:161
BRDA:44,0,0,31
BRDA:47,1,0,31
BRDA:47,1,1,28
BRDA:48,2,0,31
BRDA:48,2,1,28
BRDA:49,3,0,31
BRDA:49,3,1,28
BRDA:52,4,0,1
BRDA:52,4,1,1
BRDA:52,5,0,2
BRDA:52,5,1,1
BRDA:66,6,0,23
BRDA:66,6,1,72
BRDA:72,7,0,2
BRDA:72,7,1,89
BRDA:81,8,0,12
BRDA:81,8,1,19
BRDA:81,9,0,31
BRDA:81,9,1,19
BRDA:82,10,0,0
BRDA:82,10,1,19
BRDA:88,11,0,17
BRDA:88,11,1,2
BRDA:89,12,0,31
BRDA:89,12,1,2
BRDA:90,13,0,31
BRDA:90,13,1,0
BRDA:93,14,0,31
BRDA:93,14,1,2
BRDA:94,15,0,31
BRDA:94,15,1,3
BRDA:96,16,0,10
BRDA:96,16,1,9
BRDA:101,17,0,4
BRDA:101,17,1,15
BRDA:108,18,0,31
BRDA:108,18,1,0
BRDA:112,19,0,1
BRDA:112,19,1,18
BRDA:113,20,0,1
BRDA:113,20,1,17
BRDA:114,21,0,6
BRDA:114,21,1,11
BRDA:123,22,0,31
BRDA:123,22,1,3
BRDA:145,23,0,8
BRDA:145,23,1,7
BRDA:146,24,0,8
BRDA:146,24,1,0
BRDA:148,25,0,15
BRDA:148,25,1,3
BRDA:149,26,0,15
BRDA:149,26,1,0
BRDA:156,27,0,15
BRDA:156,27,1,5
BRDA:158,28,0,15
BRDA:158,28,1,12
BRDA:165,29,0,15
BRDA:165,29,1,2
BRDA:167,30,0,15
BRDA:167,30,1,1
BRDA:183,31,0,11
BRDA:183,31,1,4
BRDA:183,32,0,11
BRDA:183,32,1,4
BRDA:185,33,0,11
BRDA:185,33,1,0
BRDA:212,34,0,1
BRDA:212,34,1,0
BRDA:214,35,0,11
BRDA:214,35,1,1
BRDA:216,36,0,11
BRDA:216,36,1,10
BRDA:216,36,2,3
BRDA:218,37,0,11
BRDA:218,37,1,2
BRDA:220,38,0,11
BRDA:220,38,1,0
BRDA:221,39,0,11
BRDA:221,39,1,7
BRDA:221,39,2,0
BRDA:223,40,0,11
BRDA:223,40,1,7
BRDA:223,40,2,7
BRDA:227,41,0,11
BRDA:227,41,1,0
BRDA:229,42,0,11
BRDA:229,42,1,7
BRDA:237,43,0,2
BRDA:237,43,1,1
BRDA:242,44,0,2
BRDA:242,44,1,17
BRDA:243,45,0,2
BRDA:243,45,1,1
BRDA:244,46,0,1
BRDA:244,46,1,0
BRDA:245,47,0,1
BRDA:245,47,1,0
BRDA:246,48,0,1
BRDA:246,48,1,0
BRDA:249,49,0,2
BRDA:249,49,1,0
BRDA:251,50,0,1
BRDA:251,50,1,1
BRDA:253,51,0,2
BRDA:253,51,1,1
BRDA:269,52,0,20
BRDA:269,52,1,0
BRDA:273,53,0,20
BRDA:273,53,1,19
BRDA:275,54,0,20
BRDA:275,54,1,3
BRDA:279,55,0,20
BRDA:279,55,1,4
BRDA:287,56,0,19
BRDA:287,56,1,16
BRDA:288,57,0,15
BRDA:288,57,1,4
BRDA:288,58,0,19
BRDA:288,58,1,15
BRDA:288,58,2,0
BRDA:292,59,0,1
BRDA:292,59,1,3
BRDA:292,60,0,4
BRDA:292,60,1,3
BRDA:296,61,0,1
BRDA:296,61,1,2
BRDA:306,62,0,4
BRDA:306,62,1,2
BRDA:313,63,0,1
BRDA:313,63,1,0
BRDA:354,64,0,8
BRDA:354,64,1,2
BRDA:358,65,0,3
BRDA:358,65,1,5
BRDA:360,66,0,3
BRDA:360,66,1,5
BRDA:362,67,0,3
BRDA:362,67,1,5
BRDA:363,68,0,3
BRDA:363,68,1,5
BRDA:366,69,0,0
BRDA:366,69,1,8
BRDA:371,70,0,3
BRDA:371,70,1,5
BRDA:375,71,0,3
BRDA:375,71,1,5
BRDA:380,72,0,10
BRDA:380,72,1,1
BRDA:386,73,0,80
BRDA:386,73,1,31
BRDA:388,74,0,10
BRDA:388,74,1,1
BRDA:394,75,0,1
BRDA:394,75,1,1
BRDA:396,76,0,1
BRDA:396,76,1,1
BRDA:400,77,0,10
BRDA:400,77,1,9
BRDA:404,78,0,27
BRDA:404,78,1,15
BRDA:407,79,0,9
BRDA:407,79,1,9
BRDA:407,79,2,3
BRDA:425,80,0,15
BRDA:425,80,1,0
BRDA:443,81,0,25
BRDA:443,81,1,7
BRDA:443,81,2,5
BRDA:445,82,0,25
BRDA:445,82,1,0
BRDA:446,83,0,25
BRDA:446,83,1,7
BRDA:447,84,0,5
BRDA:447,84,1,2
BRDA:451,85,0,7
BRDA:451,85,1,2
BRDA:453,86,0,25
BRDA:453,86,1,1
BRDA:453,87,0,1
BRDA:453,87,1,0
BRDA:460,88,0,10
BRDA:469,89,0,1
BRDA:469,89,1,0
BRDA:473,90,0,10
BRDA:473,90,1,8
BRDA:474,91,0,10
BRDA:474,91,1,2
BRDA:476,92,0,8
BRDA:476,92,1,2
BRDA:491,93,0,9
BRDA:491,93,1,3
BRDA:497,94,0,5
BRDA:497,94,1,3
BRDA:502,95,0,1
BRDA:502,95,1,5
BRDA:502,96,0,6
BRDA:502,96,1,2
BRDA:511,97,0,3
BRDA:511,97,1,6
BRDA:511,98,0,4
BRDA:511,98,1,2
BRDA:514,99,0,4
BRDA:514,99,1,0
BRDA:517,100,0,3
BRDA:517,100,1,1
BRDA:520,101,0,4
BRDA:520,101,1,0
BRDA:522,102,0,4
BRDA:522,102,1,3
BRF:210
BRH:186
end_of_record
TN:
SF:src/pages/ProjectOverview.tsx
FN:16,(anonymous_0)
FN:22,ProjectOverview
FN:27,(anonymous_2)
FN:28,(anonymous_3)
FN:29,(anonymous_4)
FN:30,(anonymous_5)
FN:31,(anonymous_6)
FN:38,(anonymous_7)
FN:42,(anonymous_8)
FN:42,(anonymous_9)
FN:51,(anonymous_10)
FN:52,(anonymous_11)
FN:55,(anonymous_12)
FN:64,(anonymous_13)
FN:68,(anonymous_14)
FN:82,(anonymous_15)
FN:87,(anonymous_16)
FN:92,(anonymous_17)
FN:93,(anonymous_18)
FN:94,(anonymous_19)
FN:97,(anonymous_20)
FN:139,(anonymous_21)
FN:140,(anonymous_22)
FN:142,(anonymous_23)
FN:144,(anonymous_24)
FN:146,(anonymous_25)
FN:176,(anonymous_26)
FN:179,(anonymous_27)
FN:185,TargetVisualization
FN:205,(anonymous_29)
FN:205,(anonymous_30)
FN:223,(anonymous_31)
FNF:32
FNH:30
FNDA:2,(anonymous_0)
FNDA:36,ProjectOverview
FNDA:6,(anonymous_2)
FNDA:6,(anonymous_3)
FNDA:6,(anonymous_4)
FNDA:17,(anonymous_5)
FNDA:10,(anonymous_6)
FNDA:5,(anonymous_7)
FNDA:10,(anonymous_8)
FNDA:5,(anonymous_9)
FNDA:6,(anonymous_10)
FNDA:61,(anonymous_11)
FNDA:14,(anonymous_12)
FNDA:2,(anonymous_13)
FNDA:2,(anonymous_14)
FNDA:2,(anonymous_15)
FNDA:0,(anonymous_16)
FNDA:11,(anonymous_17)
FNDA:11,(anonymous_18)
FNDA:28,(anonymous_19)
FNDA:25,(anonymous_20)
FNDA:0,(anonymous_21)
FNDA:28,(anonymous_22)
FNDA:1,(anonymous_23)
FNDA:25,(anonymous_24)
FNDA:2,(anonymous_25)
FNDA:120,(anonymous_26)
FNDA:11,(anonymous_27)
FNDA:8,TargetVisualization
FNDA:11,(anonymous_29)
FNDA:11,(anonymous_30)
FNDA:12,(anonymous_31)
DA:14,2
DA:15,2
DA:16,2
DA:23,36
DA:24,36
DA:25,36
DA:26,36
DA:27,36
DA:28,36
DA:29,36
DA:30,36
DA:31,17
DA:32,5
DA:35,36
DA:38,5
DA:40,36
DA:41,36
DA:42,10
DA:45,36
DA:48,36
DA:51,6
DA:52,61
DA:55,36
DA:56,14
DA:58,36
DA:59,36
DA:61,36
DA:63,36
DA:64,2
DA:69,2
DA:70,2
DA:73,36
DA:74,36
DA:75,36
DA:82,2
DA:85,36
DA:86,30
DA:87,36
DA:88,0
DA:91,30
DA:92,36
DA:93,36
DA:94,36
DA:95,36
DA:97,25
DA:100,36
DA:103,36
DA:104,36
DA:105,36
DA:108,36
DA:109,36
DA:112,36
DA:115,36
DA:116,36
DA:125,36
DA:127,36
DA:139,0
DA:140,28
DA:142,1
DA:144,25
DA:146,2
DA:176,120
DA:180,11
DA:190,8
DA:193,8
DA:194,8
DA:197,8
DA:203,8
DA:205,11
DA:207,8
DA:224,12
LF:71
LH:69
BRDA:23,0,0,36
BRDA:31,1,0,5
BRDA:31,1,1,12
BRDA:31,2,0,17
BRDA:31,2,1,10
BRDA:42,3,0,10
BRDA:42,3,1,6
BRDA:42,4,0,10
BRDA:42,4,1,6
BRDA:45,5,0,18
BRDA:45,5,1,18
BRDA:52,6,0,6
BRDA:52,6,1,55
BRDA:52,7,0,61
BRDA:52,7,1,21
BRDA:56,8,0,14
BRDA:56,8,1,10
BRDA:58,9,0,27
BRDA:58,9,1,9
BRDA:59,10,0,36
BRDA:59,10,1,11
BRDA:60,11,0,11
BRDA:60,11,1,0
BRDA:61,12,0,36
BRDA:61,12,1,11
BRDA:78,13,0,36
BRDA:78,13,1,6
BRDA:78,13,2,6
BRDA:85,14,0,6
BRDA:85,14,1,30
BRDA:85,15,0,36
BRDA:85,15,1,30
BRDA:85,15,2,30
BRDA:86,16,0,30
BRDA:86,16,1,30
BRDA:86,16,2,30
BRDA:87,17,0,0
BRDA:87,17,1,36
BRDA:91,18,0,30
BRDA:91,18,1,0
BRDA:92,19,0,36
BRDA:92,19,1,25
BRDA:93,20,0,36
BRDA:93,20,1,24
BRDA:95,21,0,18
BRDA:95,21,1,12
BRDA:96,22,0,18
BRDA:96,22,1,0
BRDA:100,23,0,11
BRDA:100,23,1,19
BRDA:103,24,0,36
BRDA:103,24,1,6
BRDA:105,25,0,5
BRDA:105,25,1,25
BRDA:105,26,0,36
BRDA:105,26,1,5
BRDA:108,27,0,9
BRDA:108,27,1,21
BRDA:109,28,0,3
BRDA:109,28,1,27
BRDA:109,29,0,36
BRDA:109,29,1,5
BRDA:112,30,0,36
BRDA:112,30,1,18
BRDA:112,30,2,16
BRDA:112,30,3,9
BRDA:112,30,4,7
BRDA:115,31,0,3
BRDA:115,31,1,27
BRDA:116,32,0,2
BRDA:116,32,1,28
BRDA:118,33,0,5
BRDA:118,33,1,23
BRDA:118,34,0,28
BRDA:118,34,1,5
BRDA:120,35,0,2
BRDA:120,35,1,21
BRDA:122,36,0,3
BRDA:122,36,1,18
BRDA:125,37,0,2
BRDA:125,37,1,28
BRDA:128,38,0,36
BRDA:128,38,1,0
BRDA:128,39,0,36
BRDA:128,39,1,0
BRDA:129,40,0,36
BRDA:129,40,1,2
BRDA:130,41,0,36
BRDA:130,41,1,19
BRDA:132,42,0,36
BRDA:132,42,1,19
BRDA:135,43,0,2
BRDA:135,43,1,28
BRDA:142,44,0,28
BRDA:142,44,1,18
BRDA:146,45,0,28
BRDA:146,45,1,11
BRDA:148,46,0,9
BRDA:148,46,1,19
BRDA:148,47,0,28
BRDA:148,47,1,23
BRDA:149,48,0,28
BRDA:149,48,1,10
BRDA:149,48,2,5
BRDA:150,49,0,28
BRDA:150,49,1,0
BRDA:151,50,0,28
BRDA:151,50,1,18
BRDA:151,51,0,5
BRDA:151,51,1,13
BRDA:152,52,0,18
BRDA:152,52,1,9
BRDA:152,53,0,5
BRDA:152,53,1,13
BRDA:152,54,0,18
BRDA:152,54,1,5
BRDA:155,55,0,28
BRDA:155,55,1,9
BRDA:155,55,2,9
BRDA:155,55,3,9
BRDA:156,56,0,9
BRDA:156,56,1,5
BRDA:157,57,0,28
BRDA:157,57,1,2
BRDA:157,58,0,2
BRDA:157,58,1,0
BRDA:157,59,0,2
BRDA:157,59,1,0
BRDA:158,60,0,2
BRDA:158,60,1,0
BRDA:159,61,0,28
BRDA:159,61,1,5
BRDA:159,61,2,5
BRDA:161,62,0,1
BRDA:161,62,1,4
BRDA:165,63,0,28
BRDA:165,63,1,3
BRDA:165,64,0,3
BRDA:165,64,1,0
BRDA:166,65,0,28
BRDA:166,65,1,17
BRDA:166,65,2,13
BRDA:167,66,0,28
BRDA:167,66,1,23
BRDA:167,66,2,18
BRDA:179,67,0,11
BRDA:179,67,1,19
BRDA:180,68,0,11
BRDA:180,68,1,6
BRDA:190,69,0,2
BRDA:190,69,1,6
BRDA:192,70,0,6
BRDA:192,70,1,0
BRDA:193,71,0,8
BRDA:193,71,1,2
BRDA:194,72,0,4
BRDA:194,72,1,4
BRDA:195,73,0,3
BRDA:195,73,1,1
BRDA:197,74,0,4
BRDA:197,74,1,4
BRDA:199,75,0,3
BRDA:199,75,1,1
BRDA:203,76,0,3
BRDA:203,76,1,5
BRDA:203,77,0,8
BRDA:203,77,1,4
BRDA:208,78,0,6
BRDA:208,78,1,2
BRDA:209,79,0,0
BRDA:209,79,1,8
BRDA:209,80,0,8
BRDA:209,80,1,5
BRDA:216,81,0,4
BRDA:216,81,1,4
BRDA:217,82,0,4
BRDA:217,82,1,4
BRDA:222,83,0,8
BRDA:222,83,1,3
BRDA:226,84,0,8
BRDA:226,84,1,1
BRF:181
BRH:168
end_of_record
TN:
SF:src/pages/ProjectsPage.tsx
FN:12,ProjectsPage
FN:18,(anonymous_1)
FN:20,(anonymous_2)
FN:21,(anonymous_3)
FN:24,(anonymous_4)
FN:25,(anonymous_5)
FN:27,(anonymous_6)
FN:27,(anonymous_7)
FN:35,submitCreate
FN:39,submitInvite
FN:45,(anonymous_10)
FN:46,(anonymous_11)
FN:47,(anonymous_12)
FN:49,(anonymous_13)
FN:50,(anonymous_14)
FN:58,(anonymous_15)
FN:60,(anonymous_16)
FN:64,(anonymous_17)
FN:65,(anonymous_18)
FN:68,(anonymous_19)
FN:70,(anonymous_20)
FN:72,(anonymous_21)
FNF:22
FNH:18
FNDA:41,ProjectsPage
FNDA:8,(anonymous_1)
FNDA:2,(anonymous_2)
FNDA:1,(anonymous_3)
FNDA:1,(anonymous_4)
FNDA:1,(anonymous_5)
FNDA:32,(anonymous_6)
FNDA:102,(anonymous_7)
FNDA:2,submitCreate
FNDA:1,submitInvite
FNDA:1,(anonymous_10)
FNDA:1,(anonymous_11)
FNDA:20,(anonymous_12)
FNDA:1,(anonymous_13)
FNDA:75,(anonymous_14)
FNDA:0,(anonymous_15)
FNDA:1,(anonymous_16)
FNDA:1,(anonymous_17)
FNDA:0,(anonymous_18)
FNDA:1,(anonymous_19)
FNDA:0,(anonymous_20)
FNDA:0,(anonymous_21)
DA:10,1
DA:13,41
DA:14,41
DA:15,41
DA:16,41
DA:17,41
DA:18,41
DA:19,41
DA:20,2
DA:21,1
DA:23,41
DA:24,1
DA:25,1
DA:27,41
DA:28,102
DA:30,41
DA:31,41
DA:32,41
DA:33,41
DA:36,2
DA:37,2
DA:40,1
DA:43,41
DA:45,1
DA:46,1
DA:47,20
DA:49,1
DA:51,75
DA:58,0
DA:60,1
DA:64,1
DA:65,0
DA:68,1
DA:70,0
DA:72,0
LF:35
LH:31
BRDA:30,0,0,41
BRDA:30,0,1,22
BRDA:48,1,0,41
BRDA:48,1,1,12
BRDA:48,2,0,16
BRDA:48,2,1,25
BRDA:49,3,0,5
BRDA:49,3,1,36
BRDA:49,4,0,1
BRDA:49,4,1,35
BRDA:50,5,0,19
BRDA:50,5,1,16
BRDA:53,6,0,75
BRDA:53,6,1,0
BRDA:56,7,0,19
BRDA:56,7,1,12
BRDA:62,8,0,10
BRDA:62,8,1,6
BRDA:63,9,0,10
BRDA:63,9,1,6
BRDA:64,10,0,16
BRDA:64,10,1,6
BRDA:65,11,0,41
BRDA:65,11,1,3
BRDA:68,12,0,3
BRDA:68,12,1,1
BRDA:70,13,0,41
BRDA:70,13,1,1
BRDA:72,14,0,1
BRDA:72,14,1,0
BRF:30
BRH:28
end_of_record
TN:
SF:src/pages/RunsPage.tsx
FN:32,(anonymous_0)
FN:34,RunsPage
FN:40,(anonymous_2)
FN:41,(anonymous_3)
FN:42,(anonymous_4)
FN:45,(anonymous_5)
FN:46,(anonymous_6)
FN:50,(anonymous_7)
FN:52,(anonymous_8)
FN:63,(anonymous_9)
FN:64,(anonymous_10)
FN:71,(anonymous_11)
FN:76,RunDetail
FN:84,(anonymous_13)
FN:89,(anonymous_14)
FN:94,(anonymous_15)
FN:98,(anonymous_16)
FN:107,(anonymous_17)
FN:111,(anonymous_18)
FN:114,(anonymous_19)
FN:131,(anonymous_20)
FN:134,(anonymous_21)
FN:137,(anonymous_22)
FN:143,(anonymous_23)
FN:145,(anonymous_24)
FN:147,(anonymous_25)
FN:149,(anonymous_26)
FN:152,(anonymous_27)
FN:155,(anonymous_28)
FN:155,(anonymous_29)
FN:158,(anonymous_30)
FN:159,(anonymous_31)
FN:159,(anonymous_32)
FN:163,LeaderboardPanel
FN:175,(anonymous_34)
FN:188,(anonymous_35)
FN:192,(anonymous_36)
FN:213,ModelEvidence
FN:225,(anonymous_38)
FN:227,(anonymous_39)
FN:230,(anonymous_40)
FN:240,ModelPipeline
FN:248,(anonymous_42)
FN:271,(anonymous_43)
FN:280,PipelineDiagram
FN:287,(anonymous_45)
FN:296,(anonymous_46)
FN:297,(anonymous_47)
FN:320,FeatureSelectionPanel
FN:324,(anonymous_49)
FN:327,(anonymous_50)
FN:334,CorrelationEvidence
FN:346,(anonymous_52)
FN:348,(anonymous_53)
FN:349,(anonymous_54)
FN:350,(anonymous_55)
FN:351,(anonymous_56)
FN:351,(anonymous_57)
FN:356,(anonymous_58)
FN:386,(anonymous_59)
FN:394,downloadModelAudit
FN:401,(anonymous_61)
FN:407,(anonymous_62)
FN:430,waitForAuditExplanation
FN:443,(anonymous_64)
FN:448,LiveTrainingSummary
FN:452,(anonymous_66)
FN:482,ResourcePanel
FN:484,(anonymous_68)
FN:508,ResourceMeter
FN:516,ModelDiagnosticCharts
FN:528,(anonymous_71)
FN:528,(anonymous_72)
FN:529,(anonymous_73)
FN:529,(anonymous_74)
FN:536,ClassificationCharts
FN:540,(anonymous_76)
FN:541,(anonymous_77)
FN:542,(anonymous_78)
FN:553,(anonymous_79)
FN:553,(anonymous_80)
FN:562,(anonymous_81)
FN:562,(anonymous_82)
FN:565,(anonymous_83)
FN:565,(anonymous_84)
FN:566,(anonymous_85)
FN:571,(anonymous_86)
FN:577,(anonymous_87)
FN:578,(anonymous_88)
FN:597,(anonymous_89)
FN:597,(anonymous_90)
FN:597,(anonymous_91)
FN:600,(anonymous_92)
FN:600,(anonymous_93)
FN:600,(anonymous_94)
FN:601,(anonymous_95)
FN:601,(anonymous_96)
FN:605,RegressionCharts
FN:608,(anonymous_98)
FN:609,(anonymous_99)
FN:612,(anonymous_100)
FN:612,(anonymous_101)
FN:615,(anonymous_102)
FN:617,(anonymous_103)
FN:617,(anonymous_104)
FN:618,(anonymous_105)
FN:618,(anonymous_106)
FN:623,ClusteringCharts
FN:627,(anonymous_108)
FN:630,(anonymous_109)
FN:630,(anonymous_110)
FN:630,(anonymous_111)
FN:634,EvidenceChart
FN:648,AnalysisPanel
FN:662,(anonymous_114)
FN:663,(anonymous_115)
FN:663,(anonymous_116)
FN:668,(anonymous_117)
FN:670,(anonymous_118)
FN:674,(anonymous_119)
FN:674,(anonymous_120)
FN:676,(anonymous_121)
FN:680,(anonymous_122)
FN:683,(anonymous_123)
FN:685,(anonymous_124)
FN:687,(anonymous_125)
FN:690,(anonymous_126)
FN:690,(anonymous_127)
FN:693,(anonymous_128)
FN:693,(anonymous_129)
FN:696,(anonymous_130)
FN:702,(anonymous_131)
FN:709,(anonymous_132)
FN:711,(anonymous_133)
FN:718,(anonymous_134)
FN:728,(anonymous_135)
FN:735,(anonymous_136)
FN:741,(anonymous_137)
FN:749,(anonymous_138)
FN:751,(anonymous_139)
FN:755,(anonymous_140)
FN:763,(anonymous_141)
FN:764,(anonymous_142)
FN:768,(anonymous_143)
FN:771,(anonymous_144)
FN:777,(anonymous_145)
FN:786,(anonymous_146)
FN:801,(anonymous_147)
FN:803,(anonymous_148)
FN:806,(anonymous_149)
FN:815,(anonymous_150)
FN:816,(anonymous_151)
FN:823,(anonymous_152)
FN:825,(anonymous_153)
FN:835,AnalysisResultPanel
FN:836,(anonymous_155)
FN:838,(anonymous_156)
FN:839,(anonymous_157)
FN:846,(anonymous_158)
FN:849,(anonymous_159)
FN:854,(anonymous_160)
FN:860,LogsPanel
FN:863,(anonymous_162)
FN:868,AddModelsModal
FN:877,(anonymous_164)
FN:880,(anonymous_165)
FN:882,(anonymous_166)
FN:892,(anonymous_167)
FN:892,(anonymous_168)
FN:893,(anonymous_169)
FN:894,(anonymous_170)
FN:897,(anonymous_171)
FN:897,(anonymous_172)
FN:898,(anonymous_173)
FN:903,(anonymous_174)
FN:904,(anonymous_175)
FN:905,(anonymous_176)
FN:907,(anonymous_177)
FN:911,(anonymous_178)
FNF:179
FNH:163
FNDA:3,(anonymous_0)
FNDA:45,RunsPage
FNDA:18,(anonymous_2)
FNDA:112,(anonymous_3)
FNDA:55,(anonymous_4)
FNDA:44,(anonymous_5)
FNDA:31,(anonymous_6)
FNDA:31,(anonymous_7)
FNDA:1,(anonymous_8)
FNDA:32,(anonymous_9)
FNDA:1,(anonymous_10)
FNDA:3,(anonymous_11)
FNDA:49,RunDetail
FNDA:18,(anonymous_13)
FNDA:18,(anonymous_14)
FNDA:3,(anonymous_15)
FNDA:3,(anonymous_16)
FNDA:1,(anonymous_17)
FNDA:1,(anonymous_18)
FNDA:29,(anonymous_19)
FNDA:2,(anonymous_20)
FNDA:1,(anonymous_21)
FNDA:1,(anonymous_22)
FNDA:1,(anonymous_23)
FNDA:2,(anonymous_24)
FNDA:3,(anonymous_25)
FNDA:2,(anonymous_26)
FNDA:1,(anonymous_27)
FNDA:4,(anonymous_28)
FNDA:3,(anonymous_29)
FNDA:2,(anonymous_30)
FNDA:0,(anonymous_31)
FNDA:1,(anonymous_32)
FNDA:43,LeaderboardPanel
FNDA:1,(anonymous_34)
FNDA:24,(anonymous_35)
FNDA:6,(anonymous_36)
FNDA:16,ModelEvidence
FNDA:80,(anonymous_38)
FNDA:10,(anonymous_39)
FNDA:6,(anonymous_40)
FNDA:7,ModelPipeline
FNDA:2,(anonymous_42)
FNDA:56,(anonymous_43)
FNDA:7,PipelineDiagram
FNDA:21,(anonymous_45)
FNDA:14,(anonymous_46)
FNDA:28,(anonymous_47)
FNDA:4,FeatureSelectionPanel
FNDA:0,(anonymous_49)
FNDA:0,(anonymous_50)
FNDA:4,CorrelationEvidence
FNDA:2,(anonymous_52)
FNDA:2,(anonymous_53)
FNDA:6,(anonymous_54)
FNDA:4,(anonymous_55)
FNDA:6,(anonymous_56)
FNDA:18,(anonymous_57)
FNDA:4,(anonymous_58)
FNDA:2,(anonymous_59)
FNDA:2,downloadModelAudit
FNDA:3,(anonymous_61)
FNDA:0,(anonymous_62)
FNDA:1,waitForAuditExplanation
FNDA:0,(anonymous_64)
FNDA:43,LiveTrainingSummary
FNDA:1,(anonymous_66)
FNDA:2,ResourcePanel
FNDA:0,(anonymous_68)
FNDA:6,ResourceMeter
FNDA:4,ModelDiagnosticCharts
FNDA:2,(anonymous_71)
FNDA:2,(anonymous_72)
FNDA:2,(anonymous_73)
FNDA:2,(anonymous_74)
FNDA:3,ClassificationCharts
FNDA:7,(anonymous_76)
FNDA:17,(anonymous_77)
FNDA:17,(anonymous_78)
FNDA:7,(anonymous_79)
FNDA:17,(anonymous_80)
FNDA:7,(anonymous_81)
FNDA:17,(anonymous_82)
FNDA:3,(anonymous_83)
FNDA:7,(anonymous_84)
FNDA:17,(anonymous_85)
FNDA:3,(anonymous_86)
FNDA:0,(anonymous_87)
FNDA:1,(anonymous_88)
FNDA:2,(anonymous_89)
FNDA:6,(anonymous_90)
FNDA:6,(anonymous_91)
FNDA:2,(anonymous_92)
FNDA:4,(anonymous_93)
FNDA:4,(anonymous_94)
FNDA:3,(anonymous_95)
FNDA:6,(anonymous_96)
FNDA:1,RegressionCharts
FNDA:2,(anonymous_98)
FNDA:2,(anonymous_99)
FNDA:2,(anonymous_100)
FNDA:2,(anonymous_101)
FNDA:2,(anonymous_102)
FNDA:2,(anonymous_103)
FNDA:2,(anonymous_104)
FNDA:2,(anonymous_105)
FNDA:2,(anonymous_106)
FNDA:1,ClusteringCharts
FNDA:2,(anonymous_108)
FNDA:2,(anonymous_109)
FNDA:4,(anonymous_110)
FNDA:4,(anonymous_111)
FNDA:19,EvidenceChart
FNDA:27,AnalysisPanel
FNDA:3,(anonymous_114)
FNDA:34,(anonymous_115)
FNDA:11,(anonymous_116)
FNDA:3,(anonymous_117)
FNDA:1,(anonymous_118)
FNDA:1,(anonymous_119)
FNDA:1,(anonymous_120)
FNDA:2,(anonymous_121)
FNDA:6,(anonymous_122)
FNDA:14,(anonymous_123)
FNDA:17,(anonymous_124)
FNDA:28,(anonymous_125)
FNDA:10,(anonymous_126)
FNDA:4,(anonymous_127)
FNDA:9,(anonymous_128)
FNDA:3,(anonymous_129)
FNDA:12,(anonymous_130)
FNDA:3,(anonymous_131)
FNDA:0,(anonymous_132)
FNDA:0,(anonymous_133)
FNDA:2,(anonymous_134)
FNDA:2,(anonymous_135)
FNDA:1,(anonymous_136)
FNDA:1,(anonymous_137)
FNDA:3,(anonymous_138)
FNDA:34,(anonymous_139)
FNDA:7,(anonymous_140)
FNDA:1,(anonymous_141)
FNDA:34,(anonymous_142)
FNDA:0,(anonymous_143)
FNDA:1,(anonymous_144)
FNDA:2,(anonymous_145)
FNDA:2,(anonymous_146)
FNDA:0,(anonymous_147)
FNDA:0,(anonymous_148)
FNDA:1,(anonymous_149)
FNDA:0,(anonymous_150)
FNDA:0,(anonymous_151)
FNDA:6,(anonymous_152)
FNDA:0,(anonymous_153)
FNDA:3,AnalysisResultPanel
FNDA:1,(anonymous_155)
FNDA:0,(anonymous_156)
FNDA:1,(anonymous_157)
FNDA:1,(anonymous_158)
FNDA:1,(anonymous_159)
FNDA:1,(anonymous_160)
FNDA:5,LogsPanel
FNDA:1,(anonymous_162)
FNDA:16,AddModelsModal
FNDA:2,(anonymous_164)
FNDA:40,(anonymous_165)
FNDA:1,(anonymous_166)
FNDA:1,(anonymous_167)
FNDA:2,(anonymous_168)
FNDA:1,(anonymous_169)
FNDA:26,(anonymous_170)
FNDA:4,(anonymous_171)
FNDA:4,(anonymous_172)
FNDA:2,(anonymous_173)
FNDA:2,(anonymous_174)
FNDA:1,(anonymous_175)
FNDA:52,(anonymous_176)
FNDA:3,(anonymous_177)
FNDA:1,(anonymous_178)
DA:32,3
DA:35,45
DA:36,45
DA:37,45
DA:38,45
DA:40,18
DA:42,112
DA:45,45
DA:46,44
DA:47,13
DA:50,45
DA:51,45
DA:52,31
DA:53,30
DA:63,32
DA:64,1
DA:71,3
DA:79,49
DA:80,49
DA:81,49
DA:82,49
DA:84,18
DA:87,49
DA:89,18
DA:92,49
DA:94,3
DA:98,49
DA:99,3
DA:100,3
DA:106,49
DA:107,1
DA:110,49
DA:111,1
DA:114,49
DA:115,49
DA:131,2
DA:134,1
DA:137,1
DA:143,1
DA:145,2
DA:147,3
DA:149,2
DA:152,1
DA:155,4
DA:158,2
DA:159,1
DA:171,43
DA:172,43
DA:175,1
DA:189,24
DA:190,24
DA:192,6
DA:222,16
DA:223,16
DA:226,80
DA:227,10
DA:230,6
DA:244,7
DA:245,7
DA:246,7
DA:247,7
DA:248,7
DA:249,2
DA:250,2
DA:251,2
DA:253,1
DA:255,2
DA:258,7
DA:271,56
DA:284,7
DA:285,7
DA:286,7
DA:287,21
DA:296,14
DA:298,28
DA:324,4
DA:325,4
DA:327,0
DA:335,4
DA:336,4
DA:337,4
DA:338,4
DA:339,2
DA:341,2
DA:342,4
DA:343,4
DA:344,4
DA:345,4
DA:346,4
DA:347,2
DA:348,4
DA:349,6
DA:350,4
DA:351,6
DA:352,18
DA:353,18
DA:354,18
DA:356,4
DA:362,4
DA:386,2
DA:400,2
DA:401,2
DA:402,3
DA:403,3
DA:405,2
DA:406,2
DA:407,1
DA:408,1
DA:409,0
DA:411,1
DA:412,1
DA:414,1
DA:415,1
DA:416,1
DA:418,2
DA:419,1
DA:420,1
DA:422,1
DA:423,1
DA:424,1
DA:425,1
DA:426,1
DA:427,1
DA:434,1
DA:435,1
DA:438,1
DA:439,0
DA:440,0
DA:442,0
DA:443,0
DA:445,0
DA:451,43
DA:452,29
DA:453,28
DA:454,28
DA:455,28
DA:456,43
DA:457,43
DA:458,43
DA:459,43
DA:462,43
DA:463,43
DA:468,43
DA:471,43
DA:483,2
DA:484,2
DA:485,2
DA:486,2
DA:487,2
DA:488,2
DA:489,2
DA:511,6
DA:520,4
DA:521,4
DA:522,4
DA:528,2
DA:529,2
DA:537,3
DA:538,3
DA:539,3
DA:540,3
DA:541,17
DA:542,17
DA:544,3
DA:545,3
DA:546,3
DA:549,3
DA:552,3
DA:553,7
DA:554,17
DA:555,8
DA:556,8
DA:557,8
DA:558,6
DA:559,4
DA:560,2
DA:562,17
DA:565,3
DA:566,17
DA:570,3
DA:571,3
DA:572,3
DA:577,0
DA:578,1
DA:597,6
DA:600,4
DA:601,6
DA:606,1
DA:607,1
DA:608,2
DA:609,2
DA:610,1
DA:612,2
DA:615,2
DA:617,2
DA:618,2
DA:624,1
DA:625,1
DA:626,1
DA:627,2
DA:628,1
DA:630,4
DA:643,19
DA:651,27
DA:652,27
DA:653,27
DA:654,27
DA:655,27
DA:656,27
DA:657,27
DA:658,27
DA:659,27
DA:660,27
DA:662,3
DA:663,34
DA:664,11
DA:666,27
DA:669,3
DA:670,3
DA:674,3
DA:676,2
DA:680,27
DA:681,6
DA:683,27
DA:684,27
DA:685,17
DA:686,27
DA:687,28
DA:689,27
DA:690,27
DA:691,4
DA:693,27
DA:694,3
DA:696,27
DA:697,12
DA:699,12
DA:701,0
DA:702,12
DA:703,1
DA:704,11
DA:705,1
DA:708,27
DA:709,0
DA:712,0
DA:713,0
DA:714,0
DA:717,27
DA:719,2
DA:720,2
DA:721,2
DA:722,2
DA:723,2
DA:724,2
DA:729,2
DA:730,2
DA:731,2
DA:734,27
DA:735,1
DA:742,1
DA:743,1
DA:744,1
DA:747,27
DA:749,3
DA:751,34
DA:755,27
DA:756,27
DA:759,27
DA:763,1
DA:764,34
DA:768,0
DA:771,1
DA:778,2
DA:779,2
DA:780,2
DA:781,2
DA:786,2
DA:801,0
DA:803,0
DA:806,1
DA:815,0
DA:816,0
DA:824,6
DA:825,0
DA:836,3
DA:838,0
DA:839,3
DA:840,3
DA:847,1
DA:850,1
DA:851,1
DA:855,1
DA:861,5
DA:863,1
DA:871,16
DA:872,16
DA:873,16
DA:874,16
DA:875,16
DA:877,2
DA:880,40
DA:881,16
DA:882,1
DA:888,16
DA:892,2
DA:893,1
DA:894,26
DA:897,4
DA:898,2
DA:903,2
DA:904,1
DA:905,52
DA:907,3
DA:911,1
LF:313
LH:293
BRDA:35,0,0,45
BRDA:42,1,0,7
BRDA:42,1,1,105
BRDA:46,2,0,13
BRDA:46,2,1,31
BRDA:46,3,0,44
BRDA:46,3,1,29
BRDA:51,4,0,14
BRDA:51,4,1,31
BRDA:52,5,0,1
BRDA:52,5,1,30
BRDA:56,6,0,1
BRDA:56,6,1,29
BRDA:64,7,0,16
BRDA:64,7,1,16
BRDA:65,8,0,32
BRDA:65,8,1,0
BRDA:70,9,0,29
BRDA:70,9,1,16
BRDA:85,10,0,4
BRDA:85,10,1,45
BRDA:90,11,0,4
BRDA:90,11,1,45
BRDA:96,12,0,4
BRDA:96,12,1,45
BRDA:118,13,0,49
BRDA:118,13,1,0
BRDA:122,14,0,49
BRDA:122,14,1,4
BRDA:123,15,0,49
BRDA:123,15,1,4
BRDA:125,16,0,49
BRDA:125,16,1,20
BRDA:126,17,0,49
BRDA:126,17,1,29
BRDA:127,18,0,49
BRDA:127,18,1,20
BRDA:131,19,0,49
BRDA:131,19,1,41
BRDA:133,20,0,49
BRDA:133,20,1,4
BRDA:136,21,0,49
BRDA:136,21,1,4
BRDA:142,22,0,37
BRDA:142,22,1,12
BRDA:144,23,0,4
BRDA:144,23,1,45
BRDA:146,24,0,3
BRDA:146,24,1,46
BRDA:148,25,0,5
BRDA:148,25,1,44
BRDA:151,26,0,49
BRDA:151,26,1,37
BRDA:153,27,0,49
BRDA:153,27,1,4
BRDA:154,28,0,49
BRDA:154,28,1,3
BRDA:155,29,0,3
BRDA:155,29,1,0
BRDA:156,30,0,49
BRDA:156,30,1,5
BRDA:157,31,0,49
BRDA:157,31,1,2
BRDA:174,32,0,14
BRDA:174,32,1,29
BRDA:175,33,0,2
BRDA:175,33,1,27
BRDA:176,34,0,23
BRDA:176,34,1,4
BRDA:178,35,0,23
BRDA:178,35,1,6
BRDA:179,36,0,17
BRDA:179,36,1,6
BRDA:180,37,0,17
BRDA:180,37,1,0
BRDA:182,38,0,23
BRDA:182,38,1,17
BRDA:187,39,0,23
BRDA:187,39,1,0
BRDA:190,40,0,6
BRDA:190,40,1,18
BRDA:192,41,0,0
BRDA:192,41,1,6
BRDA:193,42,0,24
BRDA:193,42,1,6
BRDA:194,43,0,24
BRDA:194,43,1,4
BRDA:195,44,0,17
BRDA:195,44,1,7
BRDA:197,45,0,24
BRDA:197,45,1,3
BRDA:198,46,0,24
BRDA:198,46,1,6
BRDA:226,47,0,16
BRDA:226,47,1,64
BRDA:227,48,0,16
BRDA:227,48,1,64
BRDA:229,49,0,16
BRDA:229,49,1,6
BRDA:231,50,0,6
BRDA:231,50,1,2
BRDA:232,51,0,16
BRDA:232,51,1,4
BRDA:233,52,0,16
BRDA:233,52,1,2
BRDA:234,53,0,16
BRDA:234,53,1,1
BRDA:235,54,0,16
BRDA:235,54,1,3
BRDA:246,55,0,7
BRDA:246,55,1,7
BRDA:247,56,0,7
BRDA:247,56,1,7
BRDA:253,57,0,1
BRDA:253,57,1,0
BRDA:267,58,0,7
BRDA:267,58,1,1
BRDA:268,59,0,7
BRDA:268,59,1,2
BRDA:285,60,0,7
BRDA:285,60,1,0
BRDA:287,61,0,7
BRDA:287,61,1,0
BRDA:288,62,0,7
BRDA:288,62,1,7
BRDA:295,63,0,7
BRDA:295,63,1,0
BRDA:295,64,0,7
BRDA:295,64,1,0
BRDA:302,65,0,7
BRDA:302,65,1,7
BRDA:306,66,0,7
BRDA:306,66,1,0
BRDA:307,67,0,7
BRDA:307,67,1,0
BRDA:324,68,0,4
BRDA:324,68,1,0
BRDA:326,69,0,0
BRDA:326,69,1,4
BRDA:327,70,0,0
BRDA:327,70,1,4
BRDA:328,71,0,4
BRDA:328,71,1,0
BRDA:338,72,0,2
BRDA:338,72,1,2
BRDA:338,73,0,4
BRDA:338,73,1,2
BRDA:341,74,0,2
BRDA:341,74,1,0
BRDA:342,75,0,4
BRDA:342,75,1,0
BRDA:343,76,0,4
BRDA:343,76,1,0
BRDA:344,77,0,4
BRDA:344,77,1,0
BRDA:347,78,0,2
BRDA:347,78,1,0
BRDA:349,79,0,2
BRDA:349,79,1,4
BRDA:354,80,0,10
BRDA:354,80,1,8
BRDA:354,81,0,18
BRDA:354,81,1,12
BRDA:354,82,0,8
BRDA:354,82,1,0
BRDA:365,83,0,4
BRDA:365,83,1,0
BRDA:366,84,0,4
BRDA:366,84,1,0
BRDA:367,85,0,4
BRDA:367,85,1,0
BRDA:375,86,0,4
BRDA:375,86,1,0
BRDA:376,87,0,2
BRDA:376,87,1,0
BRDA:376,88,0,4
BRDA:376,88,1,2
BRDA:377,89,0,2
BRDA:377,89,1,0
BRDA:384,90,0,2
BRDA:384,90,1,0
BRDA:403,91,0,0
BRDA:403,91,1,3
BRDA:406,92,0,1
BRDA:406,92,1,1
BRDA:408,93,0,0
BRDA:408,93,1,1
BRDA:409,94,0,0
BRDA:409,94,1,0
BRDA:418,95,0,1
BRDA:418,95,1,1
BRDA:420,96,0,1
BRDA:420,96,1,0
BRDA:438,97,0,1
BRDA:438,97,1,0
BRDA:439,98,0,0
BRDA:439,98,1,0
BRDA:451,99,0,14
BRDA:451,99,1,29
BRDA:452,100,0,1
BRDA:452,100,1,28
BRDA:454,101,0,0
BRDA:454,101,1,28
BRDA:455,102,0,28
BRDA:455,102,1,0
BRDA:456,103,0,43
BRDA:456,103,1,0
BRDA:457,104,0,28
BRDA:457,104,1,0
BRDA:459,105,0,27
BRDA:459,105,1,1
BRDA:460,106,0,27
BRDA:460,106,1,25
BRDA:462,107,0,3
BRDA:462,107,1,25
BRDA:463,108,0,2
BRDA:463,108,1,26
BRDA:464,109,0,2
BRDA:464,109,1,0
BRDA:468,110,0,2
BRDA:468,110,1,26
BRDA:472,111,0,27
BRDA:472,111,1,1
BRDA:473,112,0,43
BRDA:473,112,1,25
BRDA:473,113,0,25
BRDA:473,113,1,0
BRDA:474,114,0,43
BRDA:474,114,1,22
BRDA:474,114,2,13
BRDA:474,114,3,0
BRDA:483,115,0,0
BRDA:483,115,1,2
BRDA:484,116,0,0
BRDA:484,116,1,2
BRDA:486,117,0,0
BRDA:486,117,1,2
BRDA:487,118,0,1
BRDA:487,118,1,1
BRDA:487,119,0,1
BRDA:487,119,1,0
BRDA:488,120,0,1
BRDA:488,120,1,1
BRDA:488,121,0,1
BRDA:488,121,1,0
BRDA:491,122,0,1
BRDA:491,122,1,1
BRDA:493,123,0,1
BRDA:493,123,1,1
BRDA:496,124,0,1
BRDA:496,124,1,1
BRDA:496,125,0,1
BRDA:496,125,1,0
BRDA:497,126,0,2
BRDA:497,126,1,1
BRDA:497,127,0,2
BRDA:497,127,1,2
BRDA:499,128,0,2
BRDA:499,128,1,1
BRDA:500,129,0,2
BRDA:500,129,1,1
BRDA:502,130,0,1
BRDA:502,130,1,1
BRDA:503,131,0,2
BRDA:503,131,1,1
BRDA:504,132,0,2
BRDA:504,132,1,1
BRDA:504,132,2,1
BRDA:508,133,0,6
BRDA:512,134,0,6
BRDA:512,134,1,4
BRDA:523,135,0,4
BRDA:523,135,1,2
BRDA:523,136,0,4
BRDA:523,136,1,4
BRDA:523,136,2,1
BRDA:525,137,0,4
BRDA:525,137,1,1
BRDA:526,138,0,1
BRDA:526,138,1,3
BRDA:526,139,0,1
BRDA:526,139,1,0
BRDA:530,140,0,1
BRDA:530,140,1,0
BRDA:531,141,0,1
BRDA:531,141,1,3
BRDA:531,142,0,4
BRDA:531,142,1,2
BRDA:532,143,0,1
BRDA:532,143,1,0
BRDA:538,144,0,3
BRDA:538,144,1,0
BRDA:539,145,0,3
BRDA:539,145,1,0
BRDA:542,146,0,14
BRDA:542,146,1,3
BRDA:544,147,0,2
BRDA:544,147,1,1
BRDA:545,148,0,2
BRDA:545,148,1,1
BRDA:546,149,0,0
BRDA:546,149,1,3
BRDA:548,150,0,2
BRDA:548,150,1,1
BRDA:549,151,0,0
BRDA:549,151,1,3
BRDA:551,152,0,2
BRDA:551,152,1,1
BRDA:552,153,0,3
BRDA:552,153,1,2
BRDA:554,154,0,9
BRDA:554,154,1,8
BRDA:557,155,0,2
BRDA:557,155,1,6
BRDA:557,156,0,8
BRDA:557,156,1,4
BRDA:558,157,0,2
BRDA:558,157,1,4
BRDA:559,158,0,2
BRDA:559,158,1,2
BRDA:563,159,0,17
BRDA:563,159,1,5
BRDA:563,160,0,17
BRDA:563,160,1,9
BRDA:568,161,0,4
BRDA:568,161,1,13
BRDA:571,162,0,1
BRDA:571,162,1,2
BRDA:571,163,0,3
BRDA:571,163,1,2
BRDA:573,164,0,3
BRDA:573,164,1,0
BRDA:574,165,0,3
BRDA:574,165,1,2
BRDA:575,166,0,2
BRDA:575,166,1,0
BRDA:580,167,0,1
BRDA:580,167,1,2
BRDA:584,168,0,1
BRDA:584,168,1,0
BRDA:589,169,0,1
BRDA:589,169,1,1
BRDA:593,170,0,1
BRDA:593,170,1,2
BRDA:596,171,0,2
BRDA:596,171,1,1
BRDA:600,172,0,2
BRDA:600,172,1,1
BRDA:601,173,0,1
BRDA:601,173,1,2
BRDA:601,174,0,6
BRDA:601,174,1,3
BRDA:606,175,0,1
BRDA:606,175,1,0
BRDA:607,176,0,0
BRDA:607,176,1,1
BRDA:616,177,0,1
BRDA:616,177,1,0
BRDA:626,178,0,1
BRDA:626,178,1,0
BRDA:629,179,0,1
BRDA:629,179,1,0
BRDA:629,180,0,1
BRDA:629,180,1,1
BRDA:630,181,0,1
BRDA:630,181,1,0
BRDA:634,182,0,19
BRDA:644,183,0,3
BRDA:644,183,1,16
BRDA:645,184,0,19
BRDA:645,184,1,3
BRDA:663,185,0,8
BRDA:663,185,1,26
BRDA:676,186,0,1
BRDA:676,186,1,0
BRDA:676,187,0,1
BRDA:676,187,1,0
BRDA:681,188,0,2
BRDA:681,188,1,4
BRDA:681,189,0,6
BRDA:681,189,1,5
BRDA:683,190,0,27
BRDA:683,190,1,13
BRDA:684,191,0,27
BRDA:684,191,1,20
BRDA:684,192,0,27
BRDA:684,192,1,20
BRDA:690,193,0,10
BRDA:690,193,1,5
BRDA:691,194,0,4
BRDA:691,194,1,3
BRDA:693,195,0,9
BRDA:693,195,1,5
BRDA:694,196,0,3
BRDA:694,196,1,2
BRDA:694,196,2,0
BRDA:697,197,0,0
BRDA:697,197,1,12
BRDA:697,198,0,12
BRDA:697,198,1,4
BRDA:699,199,0,0
BRDA:699,199,1,12
BRDA:699,200,0,12
BRDA:699,200,1,0
BRDA:699,200,2,0
BRDA:702,201,0,1
BRDA:702,201,1,11
BRDA:702,202,0,12
BRDA:702,202,1,3
BRDA:704,203,0,1
BRDA:704,203,1,10
BRDA:704,204,0,11
BRDA:704,204,1,9
BRDA:721,205,0,2
BRDA:721,205,1,0
BRDA:738,206,0,0
BRDA:738,206,1,1
BRDA:738,207,0,0
BRDA:738,207,1,0
BRDA:751,208,0,3
BRDA:751,208,1,31
BRDA:752,209,0,34
BRDA:752,209,1,26
BRDA:756,210,0,27
BRDA:756,210,1,6
BRDA:756,210,2,3
BRDA:762,211,0,2
BRDA:762,211,1,25
BRDA:767,212,0,19
BRDA:767,212,1,6
BRDA:770,213,0,6
BRDA:770,213,1,19
BRDA:773,214,0,25
BRDA:773,214,1,19
BRDA:778,215,0,2
BRDA:778,215,1,0
BRDA:783,216,0,19
BRDA:783,216,1,6
BRDA:785,217,0,19
BRDA:785,217,1,13
BRDA:785,217,2,6
BRDA:788,218,0,19
BRDA:788,218,1,4
BRDA:790,219,0,19
BRDA:790,219,1,0
BRDA:791,220,0,19
BRDA:791,220,1,7
BRDA:791,220,2,0
BRDA:794,221,0,19
BRDA:794,221,1,7
BRDA:794,221,2,7
BRDA:794,221,3,2
BRDA:797,222,0,19
BRDA:797,222,1,7
BRDA:797,222,2,7
BRDA:797,222,3,5
BRDA:800,223,0,19
BRDA:800,223,1,0
BRDA:805,224,0,19
BRDA:805,224,1,7
BRDA:805,224,2,7
BRDA:808,225,0,19
BRDA:808,225,1,0
BRDA:811,226,0,25
BRDA:811,226,1,6
BRDA:811,226,2,5
BRDA:818,227,0,5
BRDA:818,227,1,0
BRDA:821,228,0,27
BRDA:821,228,1,26
BRDA:821,229,0,21
BRDA:821,229,1,5
BRDA:822,230,0,7
BRDA:822,230,1,20
BRDA:823,231,0,7
BRDA:823,231,1,6
BRDA:824,232,0,5
BRDA:824,232,1,1
BRDA:826,233,0,6
BRDA:826,233,1,0
BRDA:829,234,0,7
BRDA:829,234,1,6
BRDA:829,235,0,3
BRDA:829,235,1,3
BRDA:830,236,0,3
BRDA:830,236,1,3
BRDA:831,237,0,18
BRDA:831,237,1,2
BRDA:837,238,0,1
BRDA:837,238,1,0
BRDA:837,238,2,0
BRDA:843,239,0,3
BRDA:843,239,1,1
BRDA:845,240,0,3
BRDA:845,240,1,1
BRDA:848,241,0,3
BRDA:848,241,1,1
BRDA:850,242,0,1
BRDA:850,242,1,0
BRDA:854,243,0,3
BRDA:854,243,1,1
BRDA:863,244,0,2
BRDA:863,244,1,3
BRDA:863,245,0,1
BRDA:863,245,1,2
BRDA:864,246,0,2
BRDA:864,246,1,1
BRDA:872,247,0,16
BRDA:872,247,1,2
BRDA:873,248,0,16
BRDA:873,248,1,2
BRDA:874,249,0,16
BRDA:874,249,1,2
BRDA:880,250,0,16
BRDA:880,250,1,2
BRDA:890,251,0,2
BRDA:890,251,1,14
BRDA:890,252,0,13
BRDA:890,252,1,1
BRDA:893,253,0,13
BRDA:893,253,1,11
BRDA:895,254,0,20
BRDA:895,254,1,6
BRDA:897,255,0,1
BRDA:897,255,1,3
BRDA:909,256,0,13
BRDA:909,256,1,0
BRF:527
BRH:438
end_of_record
TN:
SF:src/pages/SettingsPage.tsx
FN:8,SettingsPage
FN:11,(anonymous_1)
FN:13,(anonymous_2)
FN:14,(anonymous_3)
FN:16,submit
FN:21,(anonymous_5)
FNF:6
FNH:6
FNDA:7,SettingsPage
FNDA:3,(anonymous_1)
FNDA:2,(anonymous_2)
FNDA:1,(anonymous_3)
FNDA:2,submit
FNDA:1,(anonymous_5)
DA:9,7
DA:10,7
DA:11,7
DA:12,7
DA:13,2
DA:14,1
DA:17,2
DA:18,2
DA:20,7
DA:21,5
DA:22,4
LF:11
LH:11
BRDA:9,0,0,7
BRDA:20,1,0,2
BRDA:20,1,1,5
BRDA:21,2,0,1
BRDA:21,2,1,4
BRDA:25,3,0,7
BRDA:25,3,1,2
BRDA:27,4,0,7
BRDA:27,4,1,1
BRDA:27,5,0,7
BRDA:27,5,1,1
BRF:11
BRH:11
end_of_record
TN:
SF:src/pages/TrainingPage.tsx
FN:42,TrainingPage
FN:59,(anonymous_1)
FN:60,(anonymous_2)
FN:61,(anonymous_3)
FN:62,(anonymous_4)
FN:62,(anonymous_5)
FN:63,(anonymous_6)
FN:64,(anonymous_7)
FN:66,(anonymous_8)
FN:66,(anonymous_9)
FN:69,(anonymous_10)
FN:70,(anonymous_11)
FN:74,(anonymous_12)
FN:75,(anonymous_13)
FN:81,(anonymous_14)
FN:85,(anonymous_15)
FN:92,(anonymous_16)
FN:98,(anonymous_17)
FN:103,(anonymous_18)
FN:104,(anonymous_19)
FN:107,(anonymous_20)
FN:108,(anonymous_21)
FN:113,(anonymous_22)
FN:114,(anonymous_23)
FN:114,(anonymous_24)
FN:114,(anonymous_25)
FN:115,(anonymous_26)
FN:122,(anonymous_27)
FN:124,(anonymous_28)
FN:125,(anonymous_29)
FN:129,(anonymous_30)
FN:131,(anonymous_31)
FN:133,(anonymous_32)
FN:139,(anonymous_33)
FN:143,(anonymous_34)
FN:151,(anonymous_35)
FN:162,(anonymous_36)
FN:162,(anonymous_37)
FN:163,(anonymous_38)
FN:163,(anonymous_39)
FN:165,(anonymous_40)
FN:166,(anonymous_41)
FN:167,(anonymous_42)
FN:167,(anonymous_43)
FN:168,(anonymous_44)
FN:170,(anonymous_45)
FN:175,(anonymous_46)
FN:176,(anonymous_47)
FN:180,(anonymous_48)
FN:180,(anonymous_49)
FN:182,(anonymous_50)
FN:184,(anonymous_51)
FN:185,(anonymous_52)
FN:186,(anonymous_53)
FN:186,(anonymous_54)
FN:186,(anonymous_55)
FN:192,(anonymous_56)
FN:193,(anonymous_57)
FN:193,(anonymous_58)
FN:194,(anonymous_59)
FN:195,(anonymous_60)
FN:199,(anonymous_61)
FN:200,(anonymous_62)
FN:203,(anonymous_63)
FN:204,(anonymous_64)
FN:205,(anonymous_65)
FNF:66
FNH:63
FNDA:126,TrainingPage
FNDA:10,(anonymous_1)
FNDA:26,(anonymous_2)
FNDA:9,(anonymous_3)
FNDA:24,(anonymous_4)
FNDA:14,(anonymous_5)
FNDA:115,(anonymous_6)
FNDA:96,(anonymous_7)
FNDA:16,(anonymous_8)
FNDA:14,(anonymous_9)
FNDA:23,(anonymous_10)
FNDA:24,(anonymous_11)
FNDA:8,(anonymous_12)
FNDA:147,(anonymous_13)
FNDA:5,(anonymous_14)
FNDA:22,(anonymous_15)
FNDA:20,(anonymous_16)
FNDA:27,(anonymous_17)
FNDA:9,(anonymous_18)
FNDA:3,(anonymous_19)
FNDA:17,(anonymous_20)
FNDA:32,(anonymous_21)
FNDA:14,(anonymous_22)
FNDA:24,(anonymous_23)
FNDA:14,(anonymous_24)
FNDA:8,(anonymous_25)
FNDA:59,(anonymous_26)
FNDA:2,(anonymous_27)
FNDA:1,(anonymous_28)
FNDA:1,(anonymous_29)
FNDA:1,(anonymous_30)
FNDA:1,(anonymous_31)
FNDA:1,(anonymous_32)
FNDA:1,(anonymous_33)
FNDA:1,(anonymous_34)
FNDA:1,(anonymous_35)
FNDA:0,(anonymous_36)
FNDA:100,(anonymous_37)
FNDA:0,(anonymous_38)
FNDA:76,(anonymous_39)
FNDA:304,(anonymous_40)
FNDA:4,(anonymous_41)
FNDA:0,(anonymous_42)
FNDA:144,(anonymous_43)
FNDA:1,(anonymous_44)
FNDA:88,(anonymous_45)
FNDA:1,(anonymous_46)
FNDA:436,(anonymous_47)
FNDA:2,(anonymous_48)
FNDA:4,(anonymous_49)
FNDA:1,(anonymous_50)
FNDA:1,(anonymous_51)
FNDA:121,(anonymous_52)
FNDA:3,(anonymous_53)
FNDA:3,(anonymous_54)
FNDA:2,(anonymous_55)
FNDA:3,(anonymous_56)
FNDA:1,(anonymous_57)
FNDA:304,(anonymous_58)
FNDA:2,(anonymous_59)
FNDA:2,(anonymous_60)
FNDA:187,(anonymous_61)
FNDA:2,(anonymous_62)
FNDA:20,(anonymous_63)
FNDA:1,(anonymous_64)
FNDA:1,(anonymous_65)
DA:10,3
DA:43,126
DA:44,126
DA:45,126
DA:46,126
DA:47,126
DA:48,126
DA:49,126
DA:50,126
DA:51,126
DA:52,126
DA:53,126
DA:54,126
DA:55,126
DA:56,126
DA:57,126
DA:59,126
DA:60,126
DA:61,126
DA:62,126
DA:63,126
DA:64,126
DA:65,126
DA:66,16
DA:69,126
DA:70,126
DA:71,126
DA:74,8
DA:75,147
DA:78,126
DA:81,5
DA:85,126
DA:86,22
DA:87,22
DA:88,6
DA:90,22
DA:92,126
DA:93,20
DA:96,20
DA:98,126
DA:99,27
DA:100,21
DA:101,21
DA:103,9
DA:104,3
DA:105,3
DA:107,126
DA:108,32
DA:109,3
DA:113,126
DA:114,126
DA:115,126
DA:122,126
DA:123,126
DA:124,1
DA:125,1
DA:128,126
DA:129,117
DA:130,115
DA:131,1
DA:132,114
DA:133,106
DA:134,105
DA:139,1
DA:142,104
DA:143,82
DA:144,80
DA:151,1
DA:154,76
DA:158,126
DA:162,100
DA:163,76
DA:166,304
DA:167,144
DA:168,1
DA:170,88
DA:175,1
DA:176,436
DA:180,4
DA:182,1
DA:184,1
DA:186,121
DA:192,3
DA:193,304
DA:194,2
DA:195,2
DA:199,187
DA:200,2
DA:203,20
DA:204,1
DA:205,1
LF:91
LH:91
BRDA:43,0,0,126
BRDA:60,1,0,8
BRDA:60,1,1,18
BRDA:60,2,0,26
BRDA:60,2,1,18
BRDA:62,3,0,7
BRDA:62,3,1,17
BRDA:62,4,0,24
BRDA:62,4,1,14
BRDA:66,5,0,16
BRDA:66,5,1,9
BRDA:66,6,0,16
BRDA:66,6,1,9
BRDA:69,7,0,7
BRDA:69,7,1,16
BRDA:69,8,0,23
BRDA:69,8,1,14
BRDA:70,9,0,7
BRDA:70,9,1,17
BRDA:70,10,0,24
BRDA:70,10,1,15
BRDA:75,11,0,2
BRDA:75,11,1,145
BRDA:75,12,0,147
BRDA:75,12,1,73
BRDA:80,13,0,126
BRDA:80,13,1,76
BRDA:87,14,0,6
BRDA:87,14,1,16
BRDA:87,15,0,22
BRDA:87,15,1,6
BRDA:90,16,0,5
BRDA:90,16,1,17
BRDA:93,17,0,11
BRDA:93,17,1,9
BRDA:94,18,0,11
BRDA:94,18,1,8
BRDA:96,19,0,3
BRDA:96,19,1,17
BRDA:99,20,0,21
BRDA:99,20,1,6
BRDA:99,21,0,27
BRDA:99,21,1,24
BRDA:103,22,0,3
BRDA:103,22,1,3
BRDA:105,23,0,2
BRDA:105,23,1,1
BRDA:108,24,0,3
BRDA:108,24,1,14
BRDA:114,25,0,12
BRDA:114,25,1,12
BRDA:116,26,0,3
BRDA:116,26,1,56
BRDA:117,27,0,51
BRDA:117,27,1,8
BRDA:117,28,0,51
BRDA:117,28,1,36
BRDA:128,29,0,9
BRDA:128,29,1,117
BRDA:129,30,0,2
BRDA:129,30,1,115
BRDA:130,31,0,1
BRDA:130,31,1,114
BRDA:132,32,0,8
BRDA:132,32,1,106
BRDA:133,33,0,1
BRDA:133,33,1,105
BRDA:134,34,0,1
BRDA:134,34,1,104
BRDA:134,35,0,105
BRDA:134,35,1,97
BRDA:142,36,0,22
BRDA:142,36,1,82
BRDA:142,37,0,104
BRDA:142,37,1,89
BRDA:143,38,0,2
BRDA:143,38,1,80
BRDA:144,39,0,4
BRDA:144,39,1,76
BRDA:144,40,0,80
BRDA:144,40,1,78
BRDA:148,41,0,2
BRDA:148,41,1,2
BRDA:148,42,0,4
BRDA:148,42,1,2
BRDA:154,43,0,4
BRDA:154,43,1,72
BRDA:166,44,0,76
BRDA:166,44,1,228
BRDA:166,45,0,304
BRDA:166,45,1,76
BRDA:167,46,0,126
BRDA:167,46,1,72
BRDA:168,47,0,126
BRDA:168,47,1,64
BRDA:168,47,2,44
BRDA:169,48,0,44
BRDA:169,48,1,4
BRDA:171,49,0,3
BRDA:171,49,1,41
BRDA:174,50,0,126
BRDA:174,50,1,4
BRDA:179,51,0,64
BRDA:179,51,1,12
BRDA:181,52,0,64
BRDA:181,52,1,62
BRDA:183,53,0,6
BRDA:183,53,1,70
BRDA:184,54,0,4
BRDA:184,54,1,66
BRDA:185,55,0,64
BRDA:185,55,1,2
BRDA:186,56,0,101
BRDA:186,56,1,20
BRDA:186,57,0,1
BRDA:186,57,1,2
BRDA:186,58,0,2
BRDA:186,58,1,0
BRDA:187,59,0,64
BRDA:187,59,1,57
BRDA:189,60,0,126
BRDA:189,60,1,70
BRDA:189,60,2,66
BRDA:189,61,0,66
BRDA:189,61,1,0
BRDA:198,62,0,126
BRDA:198,62,1,1
BRDA:199,63,0,4
BRDA:199,63,1,72
BRDA:199,64,0,72
BRDA:199,64,1,0
BRDA:199,65,0,126
BRDA:199,65,1,64
BRDA:199,66,0,64
BRDA:199,66,1,24
BRDA:200,67,0,51
BRDA:200,67,1,25
BRDA:200,68,0,51
BRDA:200,68,1,51
BRDA:200,68,2,43
BRDA:200,68,3,39
BRDA:200,68,4,39
BRDA:200,68,5,39
BRDA:200,68,6,31
BRDA:200,68,7,16
BRDA:201,69,0,24
BRDA:201,69,1,1
BRDA:201,70,0,24
BRDA:201,70,1,0
BRDA:201,71,0,25
BRDA:201,71,1,1
BRDA:202,72,0,25
BRDA:202,72,1,24
BRDA:202,73,0,25
BRDA:202,73,1,1
BRDA:204,74,0,25
BRDA:204,74,1,0
BRF:157
BRH:152
end_of_record
TN:
SF:src/pages/presentation.ts
FN:16,buildWordCloudTrace
FN:19,(anonymous_1)
FN:20,(anonymous_2)
FN:22,(anonymous_3)
FN:28,(anonymous_4)
FN:48,(anonymous_5)
FN:59,(anonymous_6)
FN:60,(anonymous_7)
FN:61,(anonymous_8)
FN:62,(anonymous_9)
FN:65,(anonymous_10)
FN:66,(anonymous_11)
FN:73,wordHash
FN:79,formatStatistic
FN:85,inferPreviewTask
FN:92,previewTaskRationale
FN:99,previewColumnProfile
FN:106,(anonymous_17)
FN:118,(anonymous_18)
FN:122,formatTargetStatistic
FN:127,fallbackPipeline
FN:142,fallbackPipelineDiagram
FN:160,formatNumber
FN:164,formatDuration
FN:170,formatMetric
FNF:25
FNH:25
FNDA:2,buildWordCloudTrace
FNDA:8,(anonymous_1)
FNDA:2,(anonymous_2)
FNDA:4,(anonymous_3)
FNDA:4,(anonymous_4)
FNDA:166,(anonymous_5)
FNDA:4,(anonymous_6)
FNDA:4,(anonymous_7)
FNDA:4,(anonymous_8)
FNDA:4,(anonymous_9)
FNDA:4,(anonymous_10)
FNDA:4,(anonymous_11)
FNDA:4,wordHash
FNDA:17,formatStatistic
FNDA:34,inferPreviewTask
FNDA:17,previewTaskRationale
FNDA:12,previewColumnProfile
FNDA:19,(anonymous_17)
FNDA:16,(anonymous_18)
FNDA:17,formatTargetStatistic
FNDA:10,fallbackPipeline
FNDA:9,fallbackPipelineDiagram
FNDA:10,formatNumber
FNDA:5,formatDuration
FNDA:13,formatMetric
DA:17,2
DA:18,2
DA:19,8
DA:20,2
DA:22,4
DA:23,2
DA:24,2
DA:25,2
DA:26,2
DA:28,2
DA:29,4
DA:30,4
DA:31,4
DA:32,4
DA:33,4
DA:34,4
DA:36,4
DA:37,168
DA:38,168
DA:39,168
DA:40,168
DA:41,168
DA:47,168
DA:48,168
DA:49,168
DA:50,4
DA:51,4
DA:52,4
DA:56,2
DA:59,4
DA:60,4
DA:61,4
DA:62,4
DA:65,4
DA:66,4
DA:74,4
DA:75,32
DA:76,4
DA:80,17
DA:81,16
DA:82,3
DA:86,34
DA:87,12
DA:88,10
DA:89,5
DA:93,17
DA:94,7
DA:95,5
DA:96,3
DA:100,12
DA:101,12
DA:106,12
DA:107,19
DA:108,19
DA:110,12
DA:118,16
DA:123,17
DA:124,16
DA:128,10
DA:129,10
DA:130,10
DA:143,9
DA:161,10
DA:165,5
DA:166,5
DA:167,5
DA:171,13
DA:172,11
DA:174,2
DA:175,1
LF:70
LH:70
BRDA:19,0,0,8
BRDA:19,0,1,6
BRDA:19,0,2,6
BRDA:29,1,0,2
BRDA:29,1,1,2
BRDA:38,2,0,4
BRDA:38,2,1,164
BRDA:47,3,0,168
BRDA:47,3,1,168
BRDA:47,3,2,168
BRDA:47,3,3,168
BRDA:48,4,0,166
BRDA:48,4,1,166
BRDA:48,4,2,166
BRDA:48,4,3,164
BRDA:49,5,0,164
BRDA:49,5,1,4
BRDA:49,6,0,168
BRDA:49,6,1,168
BRDA:80,7,0,1
BRDA:80,7,1,16
BRDA:81,8,0,13
BRDA:81,8,1,3
BRDA:86,9,0,22
BRDA:86,9,1,12
BRDA:87,10,0,2
BRDA:87,10,1,10
BRDA:88,11,0,5
BRDA:88,11,1,5
BRDA:93,12,0,10
BRDA:93,12,1,7
BRDA:94,13,0,2
BRDA:94,13,1,5
BRDA:95,14,0,2
BRDA:95,14,1,3
BRDA:100,15,0,12
BRDA:100,15,1,4
BRDA:101,16,0,4
BRDA:101,16,1,8
BRDA:103,17,0,1
BRDA:103,17,1,7
BRDA:105,18,0,2
BRDA:105,18,1,5
BRDA:107,19,0,19
BRDA:107,19,1,16
BRDA:112,20,0,12
BRDA:112,20,1,0
BRDA:113,21,0,12
BRDA:113,21,1,7
BRDA:116,22,0,0
BRDA:116,22,1,12
BRDA:123,23,0,1
BRDA:123,23,1,16
BRDA:124,24,0,13
BRDA:124,24,1,3
BRDA:129,25,0,8
BRDA:129,25,1,2
BRDA:129,26,0,1
BRDA:129,26,1,1
BRDA:131,27,0,8
BRDA:131,27,1,2
BRDA:133,28,0,1
BRDA:133,28,1,9
BRDA:135,29,0,1
BRDA:135,29,1,9
BRDA:153,30,0,1
BRDA:153,30,1,8
BRDA:161,31,0,5
BRDA:161,31,1,5
BRDA:167,32,0,2
BRDA:167,32,1,3
BRDA:171,33,0,11
BRDA:171,33,1,2
BRDA:171,34,0,13
BRDA:171,34,1,13
BRDA:171,34,2,11
BRDA:171,34,3,2
BRDA:174,35,0,1
BRDA:174,35,1,1
BRDA:174,36,0,2
BRDA:174,36,1,1
BRF:81
BRH:79
end_of_record
