TN:
SF:src/Auth.tsx
FN:18,Auth
FN:30,setMode
FN:38,submit
FN:97,(anonymous_3)
FN:110,(anonymous_4)
FN:115,(anonymous_5)
FN:117,(anonymous_6)
FNF:7
FNH:7
FNDA:30,Auth
FNDA:4,setMode
FNDA:8,submit
FNDA:1,(anonymous_3)
FNDA:1,(anonymous_4)
FNDA:1,(anonymous_5)
FNDA:1,(anonymous_6)
DA:11,1
DA:19,30
DA:20,30
DA:21,30
DA:22,30
DA:24,30
DA:25,30
DA:26,30
DA:27,30
DA:28,30
DA:31,4
DA:32,4
DA:33,4
DA:34,4
DA:35,4
DA:39,8
DA:40,8
DA:41,8
DA:42,8
DA:43,8
DA:44,2
DA:45,2
DA:47,6
DA:48,6
DA:49,6
DA:50,1
DA:51,0
DA:52,5
DA:53,1
DA:56,1
DA:57,1
DA:58,1
DA:59,4
DA:60,2
DA:61,2
DA:62,2
DA:64,2
DA:65,2
DA:66,1
DA:67,1
DA:68,1
DA:69,1
DA:72,2
DA:74,6
DA:78,30
DA:79,30
DA:97,1
DA:110,1
DA:115,1
DA:117,1
LF:50
LH:49
BRDA:22,0,0,19
BRDA:22,0,1,11
BRDA:22,1,0,30
BRDA:22,1,1,11
BRDA:34,2,0,1
BRDA:34,2,1,3
BRDA:34,3,0,1
BRDA:34,3,1,2
BRDA:43,4,0,2
BRDA:43,4,1,6
BRDA:43,5,0,8
BRDA:43,5,1,6
BRDA:43,5,2,5
BRDA:49,6,0,1
BRDA:49,6,1,5
BRDA:52,7,0,1
BRDA:52,7,1,4
BRDA:59,8,0,2
BRDA:59,8,1,2
BRDA:62,9,0,2
BRDA:62,9,1,1
BRDA:64,10,0,2
BRDA:64,10,1,1
BRDA:65,11,0,1
BRDA:65,11,1,1
BRDA:72,12,0,2
BRDA:72,12,1,0
BRDA:97,13,0,30
BRDA:97,13,1,18
BRDA:101,14,0,30
BRDA:101,14,1,6
BRDA:102,15,0,30
BRDA:102,15,1,4
BRDA:103,16,0,30
BRDA:103,16,1,5
BRDA:103,17,0,30
BRDA:103,17,1,18
BRDA:103,17,2,13
BRDA:103,17,3,24
BRDA:105,18,0,30
BRDA:105,18,1,18
BRDA:105,18,2,13
BRDA:105,18,3,23
BRDA:107,19,0,6
BRDA:107,19,1,17
BRDA:107,20,0,12
BRDA:107,20,1,11
BRDA:107,21,0,12
BRDA:107,21,1,11
BRDA:107,22,0,30
BRDA:107,22,1,25
BRDA:107,22,2,11
BRDA:110,23,0,30
BRDA:110,23,1,12
BRDA:112,24,0,12
BRDA:112,24,1,18
BRDA:112,25,0,5
BRDA:112,25,1,13
BRDA:112,26,0,7
BRDA:112,26,1,6
BRDA:113,27,0,13
BRDA:113,27,1,17
BRDA:113,28,0,30
BRDA:113,28,1,23
BRDA:115,29,0,30
BRDA:115,29,1,7
BRDA:115,29,2,1
BRDA:115,30,0,30
BRDA:115,30,1,18
BRDA:115,30,2,17
BRDA:116,31,0,12
BRDA:116,31,1,5
BRDA:117,32,0,1
BRDA:117,32,1,0
BRDA:118,33,0,12
BRDA:118,33,1,5
BRF:76
BRH:74
end_of_record
TN:
SF:src/Landing.tsx
FN:42,Landing
FN:50,(anonymous_1)
FN:92,(anonymous_2)
FN:116,(anonymous_3)
FN:119,(anonymous_4)
FN:133,(anonymous_5)
FN:147,(anonymous_6)
FNF:7
FNH:6
FNDA:3,Landing
FNDA:0,(anonymous_1)
FNDA:15,(anonymous_2)
FNDA:9,(anonymous_3)
FNDA:27,(anonymous_4)
FNDA:12,(anonymous_5)
FNDA:12,(anonymous_6)
DA:10,1
DA:28,1
DA:35,1
DA:43,3
DA:44,3
DA:45,3
DA:46,3
DA:50,0
DA:93,15
DA:117,9
DA:119,27
DA:134,12
DA:148,12
LF:13
LH:12
BRDA:45,0,0,1
BRDA:45,0,1,2
BRDA:51,1,0,0
BRDA:51,1,1,3
BRDA:52,2,0,0
BRDA:52,2,1,3
BRDA:54,3,0,0
BRDA:54,3,1,3
BRDA:59,4,0,1
BRDA:59,4,1,2
BRDA:60,5,0,1
BRDA:60,5,1,1
BRDA:60,6,0,1
BRDA:60,6,1,0
BRDA:62,7,0,1
BRDA:62,7,1,0
BRDA:78,8,0,1
BRDA:78,8,1,2
BRDA:93,9,0,3
BRDA:93,9,1,12
BRDA:118,10,0,9
BRDA:118,10,1,3
BRDA:122,11,0,9
BRDA:122,11,1,3
BRDA:167,12,0,1
BRDA:167,12,1,2
BRDA:174,13,0,1
BRDA:174,13,1,2
BRDA:174,14,0,1
BRDA:174,14,1,2
BRF:30
BRH:25
end_of_record
TN:
SF:src/Layout.tsx
FN:21,Layout
FN:26,(anonymous_1)
FN:27,(anonymous_2)
FN:29,logout
FN:35,(anonymous_4)
FN:39,(anonymous_5)
FN:44,(anonymous_6)
FN:49,(anonymous_7)
FN:50,(anonymous_8)
FN:59,(anonymous_9)
FN:60,(anonymous_10)
FN:67,(anonymous_11)
FN:69,(anonymous_12)
FNF:13
FNH:12
FNDA:17,Layout
FNDA:4,(anonymous_1)
FNDA:9,(anonymous_2)
FNDA:1,logout
FNDA:1,(anonymous_4)
FNDA:1,(anonymous_5)
FNDA:0,(anonymous_6)
FNDA:102,(anonymous_7)
FNDA:1,(anonymous_8)
FNDA:1,(anonymous_9)
FNDA:1,(anonymous_10)
FNDA:1,(anonymous_11)
FNDA:3,(anonymous_12)
DA:12,1
DA:22,17
DA:23,17
DA:24,17
DA:25,17
DA:26,17
DA:27,17
DA:29,1
DA:31,17
DA:35,1
DA:39,1
DA:44,0
DA:50,102
DA:59,1
DA:60,1
DA:67,1
DA:69,3
LF:17
LH:16
BRDA:32,0,0,17
BRDA:32,0,1,3
BRDA:41,1,0,17
BRDA:41,1,1,17
BRDA:45,2,0,17
BRDA:45,2,1,8
BRDA:57,3,0,17
BRDA:57,3,1,0
BRDA:63,4,0,17
BRDA:63,4,1,0
BRDA:67,5,0,17
BRDA:67,5,1,3
BRDA:70,6,0,17
BRDA:70,6,1,8
BRF:14
BRH:12
end_of_record
TN:
SF:src/NotFound.tsx
FN:4,NotFound
FNF:1
FNH:1
FNDA:1,NotFound
DA:5,1
LF:1
LH:1
BRF:0
BRH:0
end_of_record
TN:
SF:src/api.ts
FN:7,constructor
FN:11,(anonymous_1)
FN:16,(anonymous_2)
FN:17,(anonymous_3)
FN:24,(anonymous_4)
FN:29,(anonymous_5)
FN:36,responseData
FN:44,raw
FN:54,withIdempotencyKey
FN:62,multipartRequest
FN:69,(anonymous_10)
FN:74,(anonymous_11)
FN:79,(anonymous_12)
FN:90,(anonymous_13)
FN:91,(anonymous_14)
FN:97,api
FN:116,rawBlob
FN:130,apiBlob
FN:151,uploadFormData
FN:178,(anonymous_19)
FN:182,authenticate
FN:191,(anonymous_21)
FN:194,(anonymous_22)
FN:197,updateAccount
FN:203,changePassword
FN:209,signOut
FN:214,(anonymous_26)
FNF:27
FNH:27
FNDA:35,constructor
FNDA:13,(anonymous_1)
FNDA:54,(anonymous_2)
FNDA:127,(anonymous_3)
FNDA:35,(anonymous_4)
FNDA:3,(anonymous_5)
FNDA:350,responseData
FNDA:348,raw
FNDA:337,withIdempotencyKey
FNDA:6,multipartRequest
FNDA:6,(anonymous_10)
FNDA:1,(anonymous_11)
FNDA:4,(anonymous_12)
FNDA:1,(anonymous_13)
FNDA:1,(anonymous_14)
FNDA:332,api
FNDA:6,rawBlob
FNDA:5,apiBlob
FNDA:5,uploadFormData
FNDA:84,(anonymous_19)
FNDA:3,authenticate
FNDA:2,(anonymous_21)
FNDA:1,(anonymous_22)
FNDA:2,updateAccount
FNDA:2,changePassword
FNDA:2,signOut
FNDA:1,(anonymous_26)
DA:3,13
DA:4,13
DA:7,35
DA:11,13
DA:12,13
DA:13,0
DA:16,54
DA:17,13
DA:18,127
DA:19,127
DA:20,92
DA:21,127
DA:24,13
DA:25,35
DA:26,32
DA:27,31
DA:28,31
DA:29,2
DA:30,3
DA:33,1
DA:37,350
DA:38,347
DA:39,347
DA:40,346
DA:41,4
DA:45,348
DA:46,348
DA:47,348
DA:48,348
DA:49,347
DA:50,347
DA:51,317
DA:55,337
DA:56,337
DA:57,39
DA:58,39
DA:59,39
DA:69,6
DA:70,6
DA:71,6
DA:72,6
DA:73,6
DA:74,6
DA:75,1
DA:76,1
DA:79,6
DA:81,4
DA:82,0
DA:83,4
DA:84,2
DA:85,2
DA:87,2
DA:90,6
DA:91,6
DA:92,6
DA:93,6
DA:98,332
DA:99,332
DA:100,332
DA:102,27
DA:103,3
DA:104,3
DA:107,2
DA:108,2
DA:110,1
DA:111,1
DA:117,6
DA:118,6
DA:119,6
DA:120,6
DA:121,6
DA:122,3
DA:123,3
DA:125,3
DA:126,6
DA:127,6
DA:131,5
DA:132,5
DA:133,5
DA:135,3
DA:136,1
DA:138,2
DA:139,2
DA:142,1
DA:143,1
DA:145,1
DA:146,1
DA:156,5
DA:157,5
DA:158,5
DA:162,4
DA:163,3
DA:165,1
DA:166,1
DA:169,1
DA:170,1
DA:172,0
DA:173,0
DA:178,84
DA:183,3
DA:184,1
DA:186,2
DA:187,1
DA:188,1
DA:191,13
DA:192,2
DA:194,13
DA:195,1
DA:198,2
DA:199,1
DA:200,1
DA:204,2
DA:205,1
DA:206,1
DA:210,2
DA:211,2
DA:212,2
DA:213,2
DA:214,1
LF:119
LH:115
BRDA:3,0,0,13
BRDA:3,0,1,13
BRDA:12,1,0,13
BRDA:12,1,1,13
BRDA:19,2,0,35
BRDA:19,2,1,92
BRDA:25,3,0,3
BRDA:25,3,1,32
BRDA:26,4,0,31
BRDA:26,4,1,1
BRDA:26,5,0,32
BRDA:26,5,1,31
BRDA:26,5,2,31
BRDA:28,6,0,29
BRDA:28,6,1,2
BRDA:29,7,0,2
BRDA:29,7,1,0
BRDA:30,8,0,3
BRDA:30,8,1,0
BRDA:30,9,0,3
BRDA:30,9,1,3
BRDA:30,9,2,3
BRDA:37,10,0,3
BRDA:37,10,1,347
BRDA:39,11,0,1
BRDA:39,11,1,346
BRDA:44,12,0,348
BRDA:46,13,0,348
BRDA:46,13,1,0
BRDA:47,14,0,41
BRDA:47,14,1,307
BRDA:50,15,0,30
BRDA:50,15,1,317
BRDA:55,16,0,337
BRDA:55,16,1,298
BRDA:56,17,0,298
BRDA:56,17,1,39
BRDA:58,18,0,38
BRDA:58,18,1,1
BRDA:72,19,0,2
BRDA:72,19,1,4
BRDA:75,20,0,1
BRDA:75,20,1,0
BRDA:75,21,0,1
BRDA:75,21,1,1
BRDA:81,22,0,4
BRDA:81,22,1,0
BRDA:83,23,0,2
BRDA:83,23,1,2
BRDA:83,24,0,4
BRDA:83,24,1,4
BRDA:97,25,0,332
BRDA:102,26,0,24
BRDA:102,26,1,3
BRDA:102,27,0,27
BRDA:102,27,1,27
BRDA:102,27,2,9
BRDA:119,28,0,4
BRDA:119,28,1,2
BRDA:121,29,0,3
BRDA:121,29,1,3
BRDA:125,30,0,3
BRDA:125,30,1,2
BRDA:126,31,0,6
BRDA:126,31,1,2
BRDA:130,32,0,5
BRDA:135,33,0,1
BRDA:135,33,1,2
BRDA:135,34,0,3
BRDA:135,34,1,3
BRDA:135,34,2,2
BRDA:162,35,0,3
BRDA:162,35,1,1
BRDA:162,36,0,4
BRDA:162,36,1,2
BRDA:162,36,2,1
BRDA:179,37,0,6
BRDA:179,37,1,78
BRDA:183,38,0,1
BRDA:183,38,1,2
BRDA:212,39,0,2
BRDA:212,39,1,0
BRF:82
BRH:76
end_of_record
TN:
SF:src/incrementalSha256.ts
FN:22,(anonymous_0)
FN:30,constructor
FN:39,update
FN:60,snapshot
FN:65,digestHex
FN:77,(anonymous_5)
FN:80,compress
FN:105,(anonymous_7)
FNF:8
FNH:8
FNDA:31680,(anonymous_0)
FNDA:45,constructor
FNDA:40,update
FNDA:18,snapshot
FNDA:39,digestHex
FNDA:304,(anonymous_5)
FNDA:55,compress
FNDA:440,(anonymous_7)
DA:7,7
DA:11,7
DA:22,31680
DA:28,45
DA:31,45
DA:32,45
DA:33,45
DA:34,45
DA:35,3
DA:40,40
DA:41,39
DA:42,39
DA:43,39
DA:44,1
DA:45,53
DA:46,1
DA:47,1
DA:48,1
DA:49,1
DA:52,39
DA:53,16
DA:54,16
DA:56,349
DA:57,39
DA:61,18
DA:62,17
DA:66,39
DA:67,38
DA:68,38
DA:69,1763
DA:70,38
DA:71,38
DA:72,152
DA:73,152
DA:74,38
DA:75,38
DA:77,304
DA:81,55
DA:82,55
DA:83,880
DA:84,880
DA:87,55
DA:88,2640
DA:89,2640
DA:90,2640
DA:91,2640
DA:92,2640
DA:94,55
DA:95,55
DA:96,3520
DA:97,3520
DA:98,3520
DA:99,3520
DA:100,3520
DA:101,3520
DA:102,3520
DA:104,55
DA:105,440
LF:58
LH:58
BRDA:31,0,0,4
BRDA:31,0,1,41
BRDA:32,1,0,4
BRDA:32,1,1,41
BRDA:33,2,0,45
BRDA:33,2,1,42
BRDA:34,3,0,3
BRDA:34,3,1,42
BRDA:34,4,0,45
BRDA:34,4,1,44
BRDA:34,4,2,43
BRDA:40,5,0,1
BRDA:40,5,1,39
BRDA:43,6,0,1
BRDA:43,6,1,38
BRDA:47,7,0,1
BRDA:47,7,1,0
BRDA:61,8,0,1
BRDA:61,8,1,17
BRDA:66,9,0,1
BRDA:66,9,1,38
BRF:21
BRH:20
end_of_record
TN:
SF:src/lib.ts
FN:1,(anonymous_0)
FN:4,(anonymous_1)
FN:5,(anonymous_2)
FN:7,(anonymous_3)
FN:12,(anonymous_4)
FN:21,(anonymous_5)
FN:22,(anonymous_6)
FNF:7
FNH:7
FNDA:2288,(anonymous_0)
FNDA:1497,(anonymous_1)
FNDA:1663,(anonymous_2)
FNDA:341,(anonymous_3)
FNDA:50,(anonymous_4)
FNDA:134,(anonymous_5)
FNDA:260,(anonymous_6)
DA:1,13
DA:2,2288
DA:4,13
DA:5,1663
DA:7,13
DA:8,341
DA:12,13
DA:13,50
DA:14,34
DA:15,34
DA:16,34
DA:17,34
DA:18,34
DA:21,134
DA:22,260
LF:15
LH:15
BRDA:8,0,0,332
BRDA:8,0,1,9
BRDA:13,1,0,16
BRDA:13,1,1,34
BRDA:17,2,0,34
BRDA:17,2,1,13
BRDA:18,3,0,12
BRDA:18,3,1,22
BRDA:22,4,0,134
BRDA:22,4,1,12
BRDA:22,4,2,8
BRF:11
BRH:11
end_of_record
TN:
SF:src/main.tsx
FN:27,Protected
FN:34,AuthRoute
FNF:2
FNH:2
FNDA:3,Protected
FNDA:3,AuthRoute
DA:23,1
DA:28,3
DA:29,3
DA:30,2
DA:31,1
DA:35,3
DA:36,3
DA:37,2
DA:39,1
DA:59,1
LF:10
LH:10
BRDA:29,0,0,1
BRDA:29,0,1,2
BRDA:30,1,0,1
BRDA:30,1,1,1
BRDA:31,2,0,1
BRDA:31,2,1,0
BRDA:36,3,0,1
BRDA:36,3,1,2
BRDA:36,4,0,3
BRDA:36,4,1,2
BRDA:37,5,0,1
BRDA:37,5,1,1
BRF:12
BRH:11
end_of_record
TN:
SF:src/resumableUpload.ts
FN:65,constructor
FN:69,pause
FN:75,resume
FN:78,(anonymous_3)
FN:81,cancel
FN:86,(anonymous_5)
FN:95,_setSession
FN:96,_setRequest
FN:97,_isCancelled
FN:98,_isPaused
FN:99,_waitUntilResumed
FN:101,(anonymous_11)
FN:105,createResumableUpload
FN:111,waitForVerifiedUpload
FN:130,waitForUploadResult
FN:140,hashFileIncrementally
FN:159,(anonymous_16)
FN:160,(anonymous_17)
FN:165,(anonymous_18)
FN:180,(anonymous_19)
FN:190,(anonymous_20)
FN:197,runUpload
FN:212,(anonymous_22)
FN:216,(anonymous_23)
FN:265,(anonymous_24)
FN:269,(anonymous_25)
FN:285,(anonymous_26)
FN:305,transferUnit
FN:334,constructor_2
FN:339,xhrTransfer
FN:345,(anonymous_30)
FN:349,(anonymous_31)
FN:350,(anonymous_32)
FN:351,(anonymous_33)
FN:352,(anonymous_34)
FN:353,(anonymous_35)
FN:362,(anonymous_36)
FN:374,arrayBufferSha256
FN:378,blobArrayBuffer
FN:380,(anonymous_39)
FN:382,(anonymous_40)
FN:383,(anonymous_41)
FN:388,emit
FN:396,(anonymous_43)
FN:396,(anonymous_44)
FN:397,(anonymous_45)
FN:398,(anonymous_46)
FN:400,database
FN:402,(anonymous_48)
FN:404,(anonymous_49)
FN:405,(anonymous_50)
FN:406,(anonymous_51)
FN:410,savePersistedUpload
FN:413,(anonymous_53)
FN:417,loadPersistedUpload
FN:421,(anonymous_55)
FN:426,removePersistedUpload
FN:429,(anonymous_57)
FN:433,transactionPromise
FN:435,(anonymous_59)
FN:438,(anonymous_60)
FN:439,(anonymous_61)
FN:440,(anonymous_62)
FNF:63
FNH:54
FNDA:15,constructor
FNDA:3,pause
FNDA:2,resume
FNDA:1,(anonymous_3)
FNDA:3,cancel
FNDA:1,(anonymous_5)
FNDA:14,_setSession
FNDA:43,_setRequest
FNDA:57,_isCancelled
FNDA:33,_isPaused
FNDA:3,_waitUntilResumed
FNDA:2,(anonymous_11)
FNDA:15,createResumableUpload
FNDA:4,waitForVerifiedUpload
FNDA:1,waitForUploadResult
FNDA:17,hashFileIncrementally
FNDA:1,(anonymous_16)
FNDA:0,(anonymous_17)
FNDA:2,(anonymous_18)
FNDA:1,(anonymous_19)
FNDA:0,(anonymous_20)
FNDA:15,runUpload
FNDA:13,(anonymous_22)
FNDA:13,(anonymous_23)
FNDA:21,(anonymous_24)
FNDA:15,(anonymous_25)
FNDA:0,(anonymous_26)
FNDA:15,transferUnit
FNDA:14,constructor_2
FNDA:22,xhrTransfer
FNDA:22,(anonymous_30)
FNDA:22,(anonymous_31)
FNDA:21,(anonymous_32)
FNDA:0,(anonymous_33)
FNDA:0,(anonymous_34)
FNDA:21,(anonymous_35)
FNDA:14,(anonymous_36)
FNDA:15,arrayBufferSha256
FNDA:30,blobArrayBuffer
FNDA:30,(anonymous_39)
FNDA:0,(anonymous_40)
FNDA:30,(anonymous_41)
FNDA:88,emit
FNDA:8,(anonymous_43)
FNDA:8,(anonymous_44)
FNDA:16,(anonymous_45)
FNDA:15,(anonymous_46)
FNDA:108,database
FNDA:5,(anonymous_48)
FNDA:5,(anonymous_49)
FNDA:5,(anonymous_50)
FNDA:0,(anonymous_51)
FNDA:52,savePersistedUpload
FNDA:1,(anonymous_53)
FNDA:20,loadPersistedUpload
FNDA:2,(anonymous_55)
FNDA:36,removePersistedUpload
FNDA:2,(anonymous_57)
FNDA:5,transactionPromise
FNDA:5,(anonymous_59)
FNDA:5,(anonymous_60)
FNDA:0,(anonymous_61)
FNDA:0,(anonymous_62)
DA:52,5
DA:53,5
DA:54,5
DA:55,5
DA:59,15
DA:60,15
DA:61,15
DA:62,15
DA:63,15
DA:66,15
DA:70,3
DA:71,2
DA:72,2
DA:76,2
DA:77,1
DA:78,1
DA:82,3
DA:83,2
DA:84,2
DA:85,3
DA:86,3
DA:87,3
DA:88,1
DA:90,1
DA:95,14
DA:96,43
DA:97,57
DA:98,33
DA:100,3
DA:101,2
DA:108,15
DA:116,4
DA:117,4
DA:118,5
DA:121,5
DA:122,3
DA:123,1
DA:125,2
DA:127,1
DA:134,1
DA:135,1
DA:145,17
DA:146,1
DA:148,16
DA:149,15
DA:150,15
DA:151,14
DA:152,14
DA:154,15
DA:156,1
DA:157,1
DA:158,1
DA:159,1
DA:160,1
DA:161,0
DA:162,0
DA:163,0
DA:165,1
DA:166,2
DA:167,1
DA:168,1
DA:169,1
DA:170,1
DA:172,2
DA:175,1
DA:176,1
DA:177,1
DA:178,1
DA:179,1
DA:180,1
DA:181,1
DA:182,1
DA:184,1
DA:185,1
DA:187,1
DA:188,1
DA:190,0
DA:191,0
DA:193,1
DA:201,15
DA:202,15
DA:203,15
DA:204,15
DA:205,1
DA:206,1
DA:208,15
DA:209,15
DA:210,15
DA:213,13
DA:214,13
DA:216,13
DA:217,13
DA:221,14
DA:222,15
DA:224,15
DA:225,15
DA:227,14
DA:228,14
DA:229,13
DA:232,13
DA:241,13
DA:242,13
DA:244,14
DA:245,14
DA:247,14
DA:248,14
DA:249,14
DA:250,19
DA:251,18
DA:252,2
DA:253,2
DA:254,2
DA:256,16
DA:257,16
DA:258,15
DA:259,15
DA:260,15
DA:264,15
DA:265,15
DA:266,21
DA:267,21
DA:269,15
DA:271,7
DA:273,8
DA:274,8
DA:276,8
DA:279,8
DA:280,6
DA:281,6
DA:282,5
DA:284,7
DA:285,0
DA:286,7
DA:287,7
DA:288,7
DA:291,11
DA:292,11
DA:295,11
DA:296,11
DA:297,11
DA:312,15
DA:313,15
DA:314,22
DA:315,22
DA:317,15
DA:318,15
DA:319,0
DA:320,0
DA:322,15
DA:323,15
DA:324,15
DA:325,8
DA:326,7
DA:327,15
DA:328,15
DA:334,14
DA:335,14
DA:345,22
DA:346,22
DA:347,22
DA:348,22
DA:349,22
DA:350,22
DA:351,22
DA:352,22
DA:353,22
DA:354,21
DA:355,21
DA:356,14
DA:357,14
DA:359,14
DA:361,7
DA:362,7
DA:363,14
DA:364,14
DA:366,7
DA:370,22
DA:375,15
DA:379,30
DA:380,30
DA:381,30
DA:382,30
DA:383,30
DA:384,30
DA:391,88
DA:396,8
DA:397,16
DA:398,15
DA:401,108
DA:402,5
DA:403,5
DA:404,5
DA:405,5
DA:406,5
DA:411,52
DA:412,52
DA:413,1
DA:414,1
DA:418,20
DA:419,20
DA:420,2
DA:421,2
DA:422,2
DA:423,2
DA:427,36
DA:428,36
DA:429,2
DA:430,2
DA:435,5
DA:436,5
DA:437,5
DA:438,5
DA:439,5
DA:440,5
LF:214
LH:206
BRDA:70,0,0,1
BRDA:70,0,1,2
BRDA:76,1,0,1
BRDA:76,1,1,1
BRDA:82,2,0,1
BRDA:82,2,1,2
BRDA:87,3,0,1
BRDA:87,3,1,2
BRDA:100,4,0,1
BRDA:100,4,1,2
BRDA:114,5,0,4
BRDA:114,6,0,4
BRDA:114,7,0,4
BRDA:121,8,0,2
BRDA:121,8,1,3
BRDA:122,9,0,1
BRDA:122,9,1,2
BRDA:125,10,0,1
BRDA:125,10,1,1
BRDA:145,11,0,1
BRDA:145,11,1,16
BRDA:145,12,0,17
BRDA:145,12,1,1
BRDA:148,13,0,15
BRDA:148,13,1,1
BRDA:150,14,0,15
BRDA:150,14,1,15
BRDA:166,15,0,1
BRDA:166,15,1,1
BRDA:172,16,0,1
BRDA:172,16,1,1
BRDA:177,17,0,1
BRDA:177,17,1,1
BRDA:204,18,0,1
BRDA:204,18,1,14
BRDA:204,19,0,15
BRDA:204,19,1,2
BRDA:210,20,0,15
BRDA:210,20,1,14
BRDA:215,21,0,13
BRDA:215,21,1,13
BRDA:222,22,0,15
BRDA:222,22,1,1
BRDA:225,23,0,1
BRDA:225,23,1,14
BRDA:228,24,0,13
BRDA:228,24,1,1
BRDA:228,25,0,14
BRDA:228,25,1,1
BRDA:228,25,2,1
BRDA:229,26,0,13
BRDA:229,26,1,1
BRDA:234,27,0,13
BRDA:234,27,1,13
BRDA:235,28,0,13
BRDA:235,28,1,13
BRDA:236,29,0,13
BRDA:236,29,1,8
BRDA:238,30,0,13
BRDA:238,30,1,13
BRDA:238,31,0,13
BRDA:238,31,1,13
BRDA:239,32,0,13
BRDA:239,32,1,13
BRDA:239,33,0,13
BRDA:239,33,1,13
BRDA:250,34,0,1
BRDA:250,34,1,18
BRDA:251,35,0,2
BRDA:251,35,1,16
BRDA:257,36,0,1
BRDA:257,36,1,15
BRDA:273,37,0,0
BRDA:273,37,1,8
BRDA:276,38,0,8
BRDA:276,38,1,6
BRDA:276,38,2,6
BRDA:279,39,0,2
BRDA:279,39,1,6
BRDA:281,40,0,1
BRDA:281,40,1,5
BRDA:317,41,0,0
BRDA:317,41,1,15
BRDA:318,42,0,0
BRDA:318,42,1,15
BRDA:324,43,0,7
BRDA:324,43,1,8
BRDA:324,44,0,15
BRDA:324,44,1,14
BRDA:325,45,0,1
BRDA:325,45,1,7
BRDA:326,46,0,6
BRDA:326,46,1,1
BRDA:328,47,0,2
BRDA:328,47,1,5
BRDA:355,48,0,14
BRDA:355,48,1,7
BRDA:355,49,0,21
BRDA:355,49,1,21
BRDA:355,49,2,14
BRDA:356,50,0,14
BRDA:356,50,1,1
BRDA:358,51,0,13
BRDA:358,51,1,1
BRDA:364,52,0,7
BRDA:364,52,1,7
BRDA:379,53,0,0
BRDA:379,53,1,30
BRDA:382,54,0,0
BRDA:382,54,1,0
BRDA:392,55,0,14
BRDA:392,55,1,3
BRDA:401,56,0,103
BRDA:401,56,1,5
BRDA:412,57,0,51
BRDA:412,57,1,1
BRDA:419,58,0,18
BRDA:419,58,1,2
BRDA:428,59,0,34
BRDA:428,59,1,2
BRF:120
BRH:114
end_of_record
TN:
SF:src/types.ts
FNF:0
FNH:0
LF:0
LH:0
BRF:0
BRH:0
end_of_record
TN:
SF:src/uploadHash.worker.ts
FN:9,(anonymous_0)
FNF:1
FNH:1
FNDA:3,(anonymous_0)
DA:8,1
DA:9,1
DA:10,3
DA:11,1
DA:12,1
DA:13,2
DA:14,1
DA:15,1
DA:17,1
LF:9
LH:9
BRDA:10,0,0,1
BRDA:10,0,1,2
BRDA:13,1,0,1
BRDA:13,1,1,1
BRF:4
BRH:4
end_of_record
TN:
SF:src/useAuthState.ts
FN:6,useAuthState
FN:7,(anonymous_1)
FN:9,(anonymous_2)
FN:10,(anonymous_3)
FN:12,(anonymous_4)
FN:17,(anonymous_5)
FNF:6
FNH:5
FNDA:3,useAuthState
FNDA:2,(anonymous_1)
FNDA:2,(anonymous_2)
FNDA:0,(anonymous_3)
FNDA:2,(anonymous_4)
FNDA:1,(anonymous_5)
DA:7,3
DA:9,3
DA:10,2
DA:11,2
DA:12,2
DA:15,3
DA:17,1
DA:23,3
LF:8
LH:8
BRDA:25,0,0,1
BRDA:25,0,1,2
BRDA:25,1,0,3
BRDA:25,1,1,2
BRDA:26,2,0,3
BRDA:26,2,1,2
BRDA:27,3,0,3
BRDA:27,3,1,2
BRF:8
BRH:8
end_of_record
TN:
SF:src/components/PlotlyChart.tsx
FNF:0
FNH:0
DA:4,1
LF:1
LH:1
BRF:0
BRH:0
end_of_record
TN:
SF:src/components/ui.tsx
FN:5,Button
FN:18,Card
FN:22,Badge
FN:30,PageHeader
FN:41,EmptyState
FN:47,Loading
FN:54,Notice
FN:63,Metric
FN:67,Modal
FN:72,(anonymous_9)
FN:74,(anonymous_10)
FN:93,(anonymous_11)
FN:101,(anonymous_12)
FN:108,ErrorState
FNF:14
FNH:14
FNDA:930,Button
FNDA:796,Card
FNDA:338,Badge
FNDA:277,PageHeader
FNDA:58,EmptyState
FNDA:195,Loading
FNDA:206,Notice
FNDA:458,Metric
FNDA:79,Modal
FNDA:33,(anonymous_9)
FNDA:116,(anonymous_10)
FNDA:33,(anonymous_11)
FNDA:54,(anonymous_12)
FNDA:17,ErrorState
DA:10,930
DA:19,796
DA:23,338
DA:27,338
DA:33,277
DA:44,58
DA:48,195
DA:57,206
DA:58,206
DA:64,458
DA:70,79
DA:71,79
DA:72,79
DA:73,33
DA:74,33
DA:75,116
DA:76,116
DA:77,2
DA:80,2
DA:81,2
DA:82,2
DA:83,2
DA:84,1
DA:85,1
DA:86,1
DA:89,33
DA:90,33
DA:91,33
DA:92,33
DA:93,33
DA:94,33
DA:95,33
DA:96,33
DA:99,79
DA:101,54
DA:109,17
LF:36
LH:36
BRDA:6,0,0,930
BRDA:11,1,0,930
BRDA:11,1,1,910
BRDA:12,2,0,930
BRDA:12,2,1,20
BRDA:23,3,0,212
BRDA:23,3,1,126
BRDA:23,4,0,338
BRDA:23,4,1,7
BRDA:24,5,0,11
BRDA:24,5,1,115
BRDA:24,6,0,126
BRDA:24,6,1,7
BRDA:25,7,0,29
BRDA:25,7,1,86
BRDA:25,8,0,115
BRDA:25,8,1,7
BRDA:27,9,0,338
BRDA:27,9,1,316
BRDA:27,10,0,316
BRDA:27,10,1,0
BRDA:35,11,0,277
BRDA:35,11,1,277
BRDA:35,12,0,277
BRDA:35,12,1,277
BRDA:36,13,0,277
BRDA:36,13,1,117
BRDA:44,14,0,58
BRDA:44,14,1,8
BRDA:47,15,0,195
BRDA:54,16,0,206
BRDA:57,17,0,67
BRDA:57,17,1,139
BRDA:57,18,0,23
BRDA:57,18,1,116
BRDA:58,19,0,67
BRDA:58,19,1,139
BRDA:64,20,0,458
BRDA:64,20,1,119
BRDA:73,21,0,33
BRDA:73,21,1,0
BRDA:75,22,0,1
BRDA:75,22,1,115
BRDA:76,23,0,114
BRDA:76,23,1,2
BRDA:76,24,0,116
BRDA:76,24,1,2
BRDA:80,25,0,0
BRDA:80,25,1,2
BRDA:83,26,0,1
BRDA:83,26,1,1
BRDA:83,27,0,2
BRDA:83,27,1,1
BRDA:85,28,0,1
BRDA:85,28,1,0
BRDA:85,29,0,1
BRDA:85,29,1,1
BRDA:101,30,0,77
BRDA:101,30,1,2
BRDA:103,31,0,79
BRDA:103,31,1,77
BRDA:110,32,0,17
BRDA:110,32,1,17
BRF:63
BRH:59
end_of_record
TN:
SF:src/pages/AccountPage.tsx
FN:7,AccountPage
FN:16,saveProfile
FN:32,savePassword
FNF:3
FNH:3
FNDA:15,AccountPage
FNDA:2,saveProfile
FNDA:3,savePassword
DA:8,15
DA:9,15
DA:10,15
DA:11,15
DA:12,15
DA:13,15
DA:14,15
DA:17,2
DA:18,2
DA:19,2
DA:20,2
DA:21,2
DA:22,2
DA:23,2
DA:24,1
DA:26,1
DA:28,2
DA:33,3
DA:34,3
DA:35,3
DA:36,3
DA:37,3
DA:38,3
DA:39,1
DA:40,1
DA:42,2
DA:43,2
DA:44,2
DA:45,1
DA:46,1
DA:48,1
DA:50,2
DA:54,15
LF:33
LH:33
BRDA:26,0,0,1
BRDA:26,0,1,0
BRDA:38,1,0,1
BRDA:38,1,1,2
BRDA:48,2,0,1
BRDA:48,2,1,0
BRDA:63,3,0,15
BRDA:63,3,1,1
BRDA:68,4,0,14
BRDA:68,4,1,1
BRDA:68,5,0,14
BRDA:68,5,1,1
BRDA:69,6,0,14
BRDA:69,6,1,1
BRDA:79,7,0,15
BRDA:79,7,1,1
BRDA:80,8,0,15
BRDA:80,8,1,3
BRDA:82,9,0,15
BRDA:82,9,1,1
BRDA:92,10,0,15
BRDA:92,10,1,1
BRDA:93,11,0,15
BRDA:93,11,1,2
BRF:24
BRH:22
end_of_record
TN:
SF:src/pages/DataPage.tsx
FN:23,(anonymous_0)
FN:25,DataPage
FN:35,(anonymous_2)
FN:36,(anonymous_3)
FN:38,(anonymous_4)
FN:42,(anonymous_5)
FN:46,(anonymous_6)
FN:58,(anonymous_7)
FN:69,(anonymous_8)
FN:75,submit
FN:80,(anonymous_10)
FN:89,(anonymous_11)
FN:96,(anonymous_12)
FN:99,(anonymous_13)
FN:99,(anonymous_14)
FN:100,(anonymous_15)
FN:101,(anonymous_16)
FN:111,(anonymous_17)
FN:112,(anonymous_18)
FN:113,(anonymous_19)
FN:116,(anonymous_20)
FN:124,DatasetDetail
FN:137,(anonymous_22)
FN:139,(anonymous_23)
FN:139,(anonymous_24)
FN:140,(anonymous_25)
FN:144,(anonymous_26)
FN:145,(anonymous_27)
FN:149,(anonymous_28)
FN:152,(anonymous_29)
FN:156,(anonymous_30)
FN:158,(anonymous_31)
FN:165,(anonymous_32)
FN:165,(anonymous_33)
FN:166,(anonymous_34)
FN:167,(anonymous_35)
FN:167,(anonymous_36)
FN:173,(anonymous_37)
FN:175,(anonymous_38)
FN:183,(anonymous_39)
FN:190,LeakageSummary
FN:198,FeatureAccordions
FN:214,(anonymous_42)
FN:217,(anonymous_43)
FN:218,(anonymous_44)
FN:219,(anonymous_45)
FN:221,(anonymous_46)
FN:230,(anonymous_47)
FN:237,FeatureDistribution
FN:245,(anonymous_49)
FN:245,(anonymous_50)
FN:250,StatisticsTable
FN:252,(anonymous_52)
FN:255,(anonymous_53)
FN:256,(anonymous_54)
FNF:55
FNH:50
FNDA:1,(anonymous_0)
FNDA:51,DataPage
FNDA:14,(anonymous_2)
FNDA:36,(anonymous_3)
FNDA:13,(anonymous_4)
FNDA:2,(anonymous_5)
FNDA:1,(anonymous_6)
FNDA:1,(anonymous_7)
FNDA:2,(anonymous_8)
FNDA:2,submit
FNDA:4,(anonymous_10)
FNDA:1,(anonymous_11)
FNDA:0,(anonymous_12)
FNDA:1,(anonymous_13)
FNDA:1,(anonymous_14)
FNDA:3,(anonymous_15)
FNDA:1,(anonymous_16)
FNDA:0,(anonymous_17)
FNDA:0,(anonymous_18)
FNDA:0,(anonymous_19)
FNDA:1,(anonymous_20)
FNDA:45,DatasetDetail
FNDA:11,(anonymous_22)
FNDA:31,(anonymous_23)
FNDA:18,(anonymous_24)
FNDA:32,(anonymous_25)
FNDA:10,(anonymous_26)
FNDA:84,(anonymous_27)
FNDA:3,(anonymous_28)
FNDA:1,(anonymous_29)
FNDA:1,(anonymous_30)
FNDA:12,(anonymous_31)
FNDA:1,(anonymous_32)
FNDA:2,(anonymous_33)
FNDA:31,(anonymous_34)
FNDA:0,(anonymous_35)
FNDA:24,(anonymous_36)
FNDA:1,(anonymous_37)
FNDA:1,(anonymous_38)
FNDA:1,(anonymous_39)
FNDA:3,LeakageSummary
FNDA:9,FeatureAccordions
FNDA:24,(anonymous_42)
FNDA:20,(anonymous_43)
FNDA:22,(anonymous_44)
FNDA:20,(anonymous_45)
FNDA:6,(anonymous_46)
FNDA:2,(anonymous_47)
FNDA:6,FeatureDistribution
FNDA:2,(anonymous_49)
FNDA:2,(anonymous_50)
FNDA:6,StatisticsTable
FNDA:78,(anonymous_52)
FNDA:10,(anonymous_53)
FNDA:2,(anonymous_54)
DA:23,3
DA:26,51
DA:27,51
DA:28,51
DA:29,51
DA:30,51
DA:31,51
DA:32,51
DA:33,51
DA:34,51
DA:35,51
DA:36,51
DA:37,36
DA:38,36
DA:41,51
DA:43,2
DA:47,1
DA:48,1
DA:51,2
DA:52,2
DA:53,1
DA:54,1
DA:56,1
DA:59,1
DA:60,1
DA:61,0
DA:63,1
DA:64,1
DA:65,1
DA:66,1
DA:69,51
DA:70,2
DA:71,2
DA:72,2
DA:73,2
DA:76,2
DA:77,2
DA:78,2
DA:80,51
DA:81,4
DA:82,4
DA:83,4
DA:86,51
DA:89,1
DA:96,0
DA:99,1
DA:100,3
DA:101,1
DA:111,0
DA:112,0
DA:113,0
DA:117,1
DA:135,45
DA:136,45
DA:137,45
DA:138,45
DA:139,45
DA:140,45
DA:141,45
DA:142,45
DA:144,10
DA:145,84
DA:147,45
DA:149,3
DA:151,45
DA:152,1
DA:156,1
DA:158,45
DA:159,45
DA:160,34
DA:161,26
DA:163,24
DA:165,2
DA:166,31
DA:167,24
DA:173,1
DA:175,1
DA:183,1
DA:191,3
DA:192,2
DA:193,1
DA:211,9
DA:212,9
DA:213,9
DA:215,24
DA:216,24
DA:217,24
DA:218,24
DA:219,24
DA:220,24
DA:221,6
DA:230,2
DA:238,6
DA:239,6
DA:240,6
DA:241,6
DA:242,5
DA:243,3
DA:245,2
DA:246,6
DA:247,6
DA:251,6
DA:252,78
DA:253,6
DA:254,6
DA:255,10
DA:256,2
LF:107
LH:102
BRDA:26,0,0,51
BRDA:37,1,0,9
BRDA:37,1,1,27
BRDA:37,2,0,36
BRDA:37,2,1,24
BRDA:38,3,0,1
BRDA:38,3,1,35
BRDA:38,4,0,36
BRDA:38,4,1,12
BRDA:38,4,2,12
BRDA:38,5,0,1
BRDA:38,5,1,0
BRDA:53,6,0,1
BRDA:53,6,1,0
BRDA:53,7,0,1
BRDA:53,7,1,0
BRDA:60,8,0,0
BRDA:60,8,1,1
BRDA:76,9,0,0
BRDA:76,9,1,2
BRDA:78,10,0,2
BRDA:78,10,1,2
BRDA:81,11,0,0
BRDA:81,11,1,4
BRDA:83,12,0,3
BRDA:83,12,1,1
BRDA:83,13,0,4
BRDA:83,13,1,4
BRDA:89,14,0,12
BRDA:89,14,1,39
BRDA:89,15,0,1
BRDA:89,15,1,38
BRDA:90,16,0,17
BRDA:90,16,1,21
BRDA:92,17,0,21
BRDA:92,17,1,12
BRDA:93,18,0,51
BRDA:93,18,1,10
BRDA:101,19,0,7
BRDA:101,19,1,3
BRDA:104,20,0,10
BRDA:104,20,1,3
BRDA:105,21,0,3
BRDA:105,21,1,1
BRDA:107,22,0,2
BRDA:107,22,1,1
BRDA:108,23,0,0
BRDA:108,23,1,3
BRDA:109,24,0,3
BRDA:109,24,1,1
BRDA:109,25,0,3
BRDA:109,25,1,1
BRDA:109,25,2,0
BRDA:110,26,0,0
BRDA:110,26,1,3
BRDA:115,27,0,10
BRDA:115,27,1,1
BRDA:117,28,0,0
BRDA:117,28,1,1
BRDA:118,29,0,10
BRDA:118,29,1,7
BRDA:139,30,0,9
BRDA:139,30,1,22
BRDA:139,31,0,31
BRDA:139,31,1,18
BRDA:141,32,0,23
BRDA:141,32,1,22
BRDA:145,33,0,8
BRDA:145,33,1,76
BRDA:145,34,0,84
BRDA:145,34,1,28
BRDA:153,35,0,1
BRDA:153,35,1,0
BRDA:158,36,0,12
BRDA:158,36,1,9
BRDA:159,37,0,11
BRDA:159,37,1,34
BRDA:160,38,0,8
BRDA:160,38,1,26
BRDA:160,39,0,34
BRDA:160,39,1,9
BRDA:161,40,0,2
BRDA:161,40,1,24
BRDA:164,41,0,24
BRDA:164,41,1,21
BRDA:165,42,0,1
BRDA:165,42,1,0
BRDA:168,43,0,45
BRDA:168,43,1,23
BRDA:168,44,0,23
BRDA:168,44,1,15
BRDA:168,45,0,23
BRDA:168,45,1,15
BRDA:171,46,0,6
BRDA:171,46,1,18
BRDA:172,47,0,2
BRDA:172,47,1,16
BRDA:172,48,0,18
BRDA:172,48,1,8
BRDA:174,49,0,1
BRDA:174,49,1,15
BRDA:174,50,0,16
BRDA:174,50,1,10
BRDA:177,51,0,12
BRDA:177,51,1,12
BRDA:177,52,0,45
BRDA:177,52,1,15
BRDA:177,53,0,4
BRDA:177,53,1,8
BRDA:177,54,0,12
BRDA:177,54,1,11
BRDA:178,55,0,4
BRDA:178,55,1,1
BRDA:178,56,0,4
BRDA:178,56,1,1
BRDA:178,57,0,4
BRDA:178,57,1,1
BRDA:178,58,0,4
BRDA:178,58,1,1
BRDA:178,59,0,4
BRDA:178,59,1,1
BRDA:179,60,0,3
BRDA:179,60,1,5
BRDA:179,61,0,3
BRDA:179,61,1,1
BRDA:180,62,0,3
BRDA:180,62,1,2
BRDA:182,63,0,3
BRDA:182,63,1,1
BRDA:191,64,0,1
BRDA:191,64,1,2
BRDA:191,65,0,3
BRDA:191,65,1,2
BRDA:192,66,0,1
BRDA:192,66,1,1
BRDA:192,67,0,1
BRDA:192,67,1,0
BRDA:215,68,0,24
BRDA:215,68,1,0
BRDA:220,69,0,6
BRDA:220,69,1,18
BRDA:220,70,0,5
BRDA:220,70,1,19
BRDA:221,71,0,0
BRDA:221,71,1,6
BRDA:222,72,0,24
BRDA:222,72,1,0
BRDA:222,73,0,5
BRDA:222,73,1,19
BRDA:222,74,0,5
BRDA:222,74,1,19
BRDA:223,75,0,6
BRDA:223,75,1,18
BRDA:225,76,0,24
BRDA:225,76,1,6
BRDA:226,77,0,6
BRDA:226,77,1,0
BRDA:226,78,0,6
BRDA:226,78,1,2
BRDA:226,79,0,2
BRDA:226,79,1,4
BRDA:227,80,0,2
BRDA:227,80,1,4
BRDA:227,81,0,2
BRDA:227,81,1,2
BRDA:227,82,0,6
BRDA:227,82,1,1
BRDA:228,83,0,6
BRDA:228,83,1,1
BRDA:228,84,0,1
BRDA:228,84,1,0
BRDA:229,85,0,6
BRDA:229,85,1,1
BRDA:229,86,0,1
BRDA:229,86,1,0
BRDA:230,87,0,2
BRDA:230,87,1,4
BRDA:230,88,0,2
BRDA:230,88,1,1
BRDA:230,89,0,2
BRDA:230,89,1,1
BRDA:230,90,0,1
BRDA:230,90,1,3
BRDA:239,91,0,1
BRDA:239,91,1,5
BRDA:240,92,0,6
BRDA:240,92,1,2
BRDA:241,93,0,1
BRDA:241,93,1,5
BRDA:241,94,0,6
BRDA:241,94,1,2
BRDA:242,95,0,2
BRDA:242,95,1,3
BRDA:242,96,0,5
BRDA:242,96,1,4
BRDA:243,97,0,1
BRDA:243,97,1,2
BRDA:247,98,0,1
BRDA:247,98,1,2
BRDA:247,99,0,1
BRDA:247,99,1,2
BRDA:247,100,0,1
BRDA:247,100,1,2
BRDA:247,101,0,1
BRDA:247,101,1,2
BRDA:247,102,0,1
BRDA:247,102,1,2
BRDA:253,103,0,1
BRDA:253,103,1,5
BRDA:254,104,0,3
BRDA:254,104,1,3
BRDA:254,105,0,6
BRDA:254,105,1,4
BRDA:255,106,0,2
BRDA:255,106,1,1
BRDA:256,107,0,1
BRDA:256,107,1,2
BRF:217
BRH:198
end_of_record
TN:
SF:src/pages/MembersPage.tsx
FN:12,MembersPage
FN:17,(anonymous_1)
FN:18,(anonymous_2)
FN:19,copy
FN:19,(anonymous_4)
FN:23,(anonymous_5)
FN:24,(anonymous_6)
FN:27,(anonymous_7)
FN:28,(anonymous_8)
FN:31,(anonymous_9)
FNF:10
FNH:9
FNDA:12,MembersPage
FNDA:4,(anonymous_1)
FNDA:2,(anonymous_2)
FNDA:1,copy
FNDA:0,(anonymous_4)
FNDA:1,(anonymous_5)
FNDA:7,(anonymous_6)
FNDA:1,(anonymous_7)
FNDA:1,(anonymous_8)
FNDA:2,(anonymous_9)
DA:13,12
DA:14,12
DA:15,12
DA:16,12
DA:17,12
DA:18,12
DA:19,1
DA:20,12
DA:23,1
DA:24,7
DA:27,1
DA:28,1
DA:31,2
LF:13
LH:13
BRDA:13,0,0,12
BRDA:19,1,0,0
BRDA:19,1,1,1
BRDA:22,2,0,12
BRDA:22,2,1,5
BRDA:23,3,0,3
BRDA:23,3,1,9
BRDA:23,4,0,1
BRDA:23,4,1,8
BRDA:23,5,0,7
BRDA:23,5,1,1
BRDA:24,6,0,7
BRDA:24,6,1,2
BRDA:29,7,0,12
BRDA:29,7,1,1
BRDA:30,8,0,2
BRDA:30,8,1,10
BRDA:30,9,0,1
BRDA:30,9,1,1
BRDA:30,10,0,1
BRDA:30,10,1,1
BRF:21
BRH:20
end_of_record
TN:
SF:src/pages/MonitoringPage.tsx
FN:15,(anonymous_0)
FN:60,MonitoringPage
FN:69,(anonymous_2)
FN:72,(anonymous_3)
FN:73,(anonymous_4)
FN:75,(anonymous_5)
FN:75,(anonymous_6)
FN:79,(anonymous_7)
FN:80,(anonymous_8)
FN:85,(anonymous_9)
FN:88,(anonymous_10)
FN:112,(anonymous_11)
FN:113,(anonymous_12)
FN:122,(anonymous_13)
FN:124,(anonymous_14)
FN:126,(anonymous_15)
FN:136,(anonymous_16)
FN:139,(anonymous_17)
FN:146,(anonymous_18)
FN:147,(anonymous_19)
FN:152,(anonymous_20)
FN:152,(anonymous_21)
FN:154,(anonymous_22)
FN:158,DeploymentEvidence
FN:162,(anonymous_24)
FN:171,(anonymous_25)
FN:191,(anonymous_26)
FN:192,(anonymous_27)
FN:196,(anonymous_28)
FN:197,(anonymous_29)
FN:225,(anonymous_30)
FN:234,MonitoringConfigModal
FN:242,(anonymous_32)
FN:251,(anonymous_33)
FN:252,(anonymous_34)
FN:255,(anonymous_35)
FN:262,(anonymous_36)
FN:265,(anonymous_37)
FN:269,GovernanceModal
FN:275,(anonymous_39)
FN:276,(anonymous_40)
FN:277,(anonymous_41)
FN:278,(anonymous_42)
FN:283,(anonymous_43)
FN:286,(anonymous_44)
FN:286,(anonymous_45)
FN:295,(anonymous_46)
FN:296,(anonymous_47)
FN:298,(anonymous_48)
FN:298,(anonymous_49)
FN:308,GovernanceValue
FN:309,(anonymous_51)
FN:311,(anonymous_52)
FN:317,downloadGovernance
FNF:54
FNH:47
FNDA:2,(anonymous_0)
FNDA:13,MonitoringPage
FNDA:5,(anonymous_2)
FNDA:6,(anonymous_3)
FNDA:4,(anonymous_4)
FNDA:9,(anonymous_5)
FNDA:10,(anonymous_6)
FNDA:10,(anonymous_7)
FNDA:10,(anonymous_8)
FNDA:2,(anonymous_9)
FNDA:0,(anonymous_10)
FNDA:4,(anonymous_11)
FNDA:0,(anonymous_12)
FNDA:2,(anonymous_13)
FNDA:16,(anonymous_14)
FNDA:1,(anonymous_15)
FNDA:10,(anonymous_16)
FNDA:0,(anonymous_17)
FNDA:1,(anonymous_18)
FNDA:2,(anonymous_19)
FNDA:0,(anonymous_20)
FNDA:1,(anonymous_21)
FNDA:0,(anonymous_22)
FNDA:10,DeploymentEvidence
FNDA:9,(anonymous_24)
FNDA:10,(anonymous_25)
FNDA:1,(anonymous_26)
FNDA:16,(anonymous_27)
FNDA:9,(anonymous_28)
FNDA:9,(anonymous_29)
FNDA:9,(anonymous_30)
FNDA:4,MonitoringConfigModal
FNDA:1,(anonymous_32)
FNDA:0,(anonymous_33)
FNDA:1,(anonymous_34)
FNDA:1,(anonymous_35)
FNDA:1,(anonymous_36)
FNDA:1,(anonymous_37)
FNDA:8,GovernanceModal
FNDA:3,(anonymous_39)
FNDA:1,(anonymous_40)
FNDA:1,(anonymous_41)
FNDA:1,(anonymous_42)
FNDA:1,(anonymous_43)
FNDA:5,(anonymous_44)
FNDA:1,(anonymous_45)
FNDA:1,(anonymous_46)
FNDA:0,(anonymous_47)
FNDA:16,(anonymous_48)
FNDA:12,(anonymous_49)
FNDA:16,GovernanceValue
FNDA:4,(anonymous_51)
FNDA:6,(anonymous_52)
FNDA:1,downloadGovernance
DA:15,2
DA:61,13
DA:62,13
DA:63,13
DA:64,13
DA:65,13
DA:66,13
DA:67,13
DA:69,5
DA:72,13
DA:73,4
DA:75,13
DA:79,13
DA:80,13
DA:82,13
DA:85,13
DA:87,13
DA:88,10
DA:89,10
DA:113,4
DA:122,2
DA:124,16
DA:126,1
DA:136,10
DA:139,0
DA:146,1
DA:147,2
DA:152,1
DA:154,0
DA:161,10
DA:162,9
DA:170,10
DA:171,10
DA:172,10
DA:173,10
DA:177,10
DA:191,1
DA:192,16
DA:196,9
DA:197,9
DA:226,9
DA:237,4
DA:238,4
DA:239,4
DA:240,4
DA:241,4
DA:242,1
DA:247,4
DA:251,0
DA:252,1
DA:255,1
DA:262,1
DA:265,1
DA:272,8
DA:273,8
DA:274,8
DA:275,3
DA:276,8
DA:277,1
DA:278,8
DA:279,8
DA:283,1
DA:286,5
DA:295,1
DA:296,0
DA:298,16
DA:299,12
DA:309,16
DA:310,4
DA:311,12
DA:312,6
DA:313,8
DA:314,6
DA:318,1
DA:319,1
DA:320,1
DA:321,1
DA:322,1
DA:323,1
LF:79
LH:75
BRDA:73,0,0,6
BRDA:73,0,1,3
BRDA:75,1,0,9
BRDA:75,1,1,3
BRDA:75,2,0,10
BRDA:75,2,1,6
BRDA:75,2,2,7
BRDA:75,2,3,2
BRDA:79,3,0,13
BRDA:79,3,1,13
BRDA:80,4,0,10
BRDA:80,4,1,10
BRDA:80,4,2,8
BRDA:82,5,0,10
BRDA:82,5,1,3
BRDA:87,6,0,3
BRDA:87,6,1,10
BRDA:88,7,0,0
BRDA:88,7,1,10
BRDA:96,8,0,2
BRDA:96,8,1,8
BRDA:97,9,0,2
BRDA:97,9,1,8
BRDA:98,10,0,2
BRDA:98,10,1,0
BRDA:103,11,0,13
BRDA:103,11,1,2
BRDA:104,12,0,13
BRDA:104,12,1,8
BRDA:105,13,0,13
BRDA:105,13,1,8
BRDA:106,14,0,13
BRDA:106,14,1,4
BRDA:112,15,0,4
BRDA:112,15,1,6
BRDA:114,16,0,0
BRDA:114,16,1,4
BRDA:114,17,0,2
BRDA:114,17,1,2
BRDA:115,18,0,2
BRDA:115,18,1,2
BRDA:133,19,0,9
BRDA:133,19,1,1
BRDA:133,20,0,13
BRDA:133,20,1,9
BRDA:135,21,0,8
BRDA:135,21,1,1
BRDA:137,22,0,9
BRDA:137,22,1,1
BRDA:151,23,0,13
BRDA:151,23,1,4
BRDA:151,23,2,1
BRDA:153,24,0,13
BRDA:153,24,1,4
BRDA:153,24,2,2
BRDA:163,25,0,7
BRDA:163,25,1,3
BRDA:170,26,0,10
BRDA:170,26,1,1
BRDA:171,27,0,10
BRDA:171,27,1,1
BRDA:173,28,0,1
BRDA:173,28,1,9
BRDA:175,29,0,7
BRDA:175,29,1,2
BRDA:176,30,0,2
BRDA:176,30,1,0
BRDA:181,31,0,9
BRDA:181,31,1,1
BRDA:189,32,0,1
BRDA:189,32,1,9
BRDA:190,33,0,10
BRDA:190,33,1,9
BRDA:191,34,0,9
BRDA:191,34,1,0
BRDA:194,35,0,9
BRDA:194,35,1,1
BRDA:210,36,0,1
BRDA:210,36,1,9
BRDA:211,37,0,9
BRDA:211,37,1,0
BRDA:217,38,0,9
BRDA:217,38,1,1
BRDA:225,39,0,9
BRDA:225,39,1,1
BRDA:263,40,0,4
BRDA:263,40,1,0
BRDA:284,41,0,8
BRDA:284,41,1,0
BRDA:285,42,0,2
BRDA:285,42,1,6
BRDA:285,43,0,5
BRDA:285,43,1,1
BRDA:287,44,0,4
BRDA:287,44,1,1
BRDA:292,45,0,0
BRDA:292,45,1,8
BRDA:292,46,0,4
BRDA:292,46,1,4
BRDA:296,47,0,4
BRDA:296,47,1,4
BRDA:309,48,0,4
BRDA:309,48,1,12
BRDA:309,49,0,2
BRDA:309,49,1,2
BRDA:311,50,0,4
BRDA:311,50,1,8
BRDA:311,51,0,12
BRDA:311,51,1,10
BRDA:313,52,0,2
BRDA:313,52,1,6
BRDA:319,53,0,1
BRDA:319,53,1,0
BRDA:320,54,0,0
BRDA:320,54,1,1
BRF:115
BRH:104
end_of_record
TN:
SF:src/pages/OperationsPage.tsx
FN:44,OperationsPage
FN:51,(anonymous_1)
FN:57,(anonymous_2)
FN:62,(anonymous_3)
FN:66,(anonymous_4)
FN:67,(anonymous_5)
FN:67,(anonymous_6)
FN:72,(anonymous_7)
FN:73,(anonymous_8)
FN:73,(anonymous_9)
FN:76,(anonymous_10)
FN:83,(anonymous_11)
FN:87,(anonymous_12)
FN:102,(anonymous_13)
FN:107,(anonymous_14)
FN:114,(anonymous_15)
FN:117,(anonymous_16)
FN:119,(anonymous_17)
FN:126,(anonymous_18)
FN:130,RegistryCard
FN:136,(anonymous_20)
FN:138,(anonymous_21)
FN:152,(anonymous_22)
FN:158,(anonymous_23)
FN:160,(anonymous_24)
FN:161,(anonymous_25)
FN:164,(anonymous_26)
FN:167,(anonymous_27)
FN:167,(anonymous_28)
FN:170,(anonymous_29)
FN:171,(anonymous_30)
FN:173,(anonymous_31)
FN:177,DriftModal
FN:185,(anonymous_33)
FN:188,(anonymous_34)
FN:191,(anonymous_35)
FN:198,(anonymous_36)
FN:209,(anonymous_37)
FN:217,(anonymous_38)
FN:223,(anonymous_39)
FN:232,(anonymous_40)
FN:236,(anonymous_41)
FN:242,DriftPanel
FN:243,(anonymous_43)
FN:255,(anonymous_44)
FN:266,DeploymentRow
FN:272,(anonymous_46)
FN:273,(anonymous_47)
FN:278,(anonymous_48)
FN:280,(anonymous_49)
FN:283,(anonymous_50)
FN:284,(anonymous_51)
FN:286,(anonymous_52)
FN:289,DeploymentAccess
FN:308,ApiAccessModal
FN:312,(anonymous_55)
FN:317,(anonymous_56)
FN:318,(anonymous_57)
FN:325,(anonymous_58)
FN:327,(anonymous_59)
FN:351,(anonymous_60)
FN:367,(anonymous_61)
FN:367,(anonymous_62)
FN:371,(anonymous_63)
FN:380,(anonymous_64)
FN:391,(anonymous_65)
FN:412,(anonymous_66)
FN:424,OfflineScoringUpload
FN:428,(anonymous_68)
FN:436,(anonymous_69)
FN:457,(anonymous_70)
FN:461,(anonymous_71)
FN:469,PlatformEndpoint
FN:477,EndpointValue
FN:481,CleanupPanel
FN:485,(anonymous_75)
FN:493,(anonymous_76)
FN:495,(anonymous_77)
FN:497,(anonymous_78)
FN:508,(anonymous_79)
FN:509,(anonymous_80)
FN:509,(anonymous_81)
FN:513,ConfirmModal
FN:519,confirm
FN:534,RegisterModal
FN:542,(anonymous_85)
FN:544,(anonymous_86)
FN:547,(anonymous_87)
FN:550,(anonymous_88)
FN:550,(anonymous_89)
FN:551,(anonymous_90)
FN:554,(anonymous_91)
FN:558,(anonymous_92)
FN:565,(anonymous_93)
FN:566,(anonymous_94)
FN:569,(anonymous_95)
FN:571,(anonymous_96)
FN:576,(anonymous_97)
FNF:98
FNH:90
FNDA:31,OperationsPage
FNDA:2,(anonymous_1)
FNDA:16,(anonymous_2)
FNDA:17,(anonymous_3)
FNDA:18,(anonymous_4)
FNDA:95,(anonymous_5)
FNDA:23,(anonymous_6)
FNDA:16,(anonymous_7)
FNDA:91,(anonymous_8)
FNDA:13,(anonymous_9)
FNDA:4,(anonymous_10)
FNDA:0,(anonymous_11)
FNDA:2,(anonymous_12)
FNDA:4,(anonymous_13)
FNDA:0,(anonymous_14)
FNDA:1,(anonymous_15)
FNDA:9,(anonymous_16)
FNDA:1,(anonymous_17)
FNDA:1,(anonymous_18)
FNDA:15,RegistryCard
FNDA:3,(anonymous_20)
FNDA:3,(anonymous_21)
FNDA:1,(anonymous_22)
FNDA:1,(anonymous_23)
FNDA:1,(anonymous_24)
FNDA:1,(anonymous_25)
FNDA:1,(anonymous_26)
FNDA:0,(anonymous_27)
FNDA:1,(anonymous_28)
FNDA:0,(anonymous_29)
FNDA:1,(anonymous_30)
FNDA:1,(anonymous_31)
FNDA:11,DriftModal
FNDA:14,(anonymous_33)
FNDA:22,(anonymous_34)
FNDA:1,(anonymous_35)
FNDA:1,(anonymous_36)
FNDA:1,(anonymous_37)
FNDA:1,(anonymous_38)
FNDA:1,(anonymous_39)
FNDA:5,(anonymous_40)
FNDA:1,(anonymous_41)
FNDA:19,DriftPanel
FNDA:2,(anonymous_43)
FNDA:2,(anonymous_44)
FNDA:20,DeploymentRow
FNDA:2,(anonymous_46)
FNDA:1,(anonymous_47)
FNDA:4,(anonymous_48)
FNDA:2,(anonymous_49)
FNDA:1,(anonymous_50)
FNDA:2,(anonymous_51)
FNDA:1,(anonymous_52)
FNDA:19,DeploymentAccess
FNDA:10,ApiAccessModal
FNDA:4,(anonymous_55)
FNDA:4,(anonymous_56)
FNDA:1,(anonymous_57)
FNDA:4,(anonymous_58)
FNDA:3,(anonymous_59)
FNDA:12,(anonymous_60)
FNDA:2,(anonymous_61)
FNDA:2,(anonymous_62)
FNDA:1,(anonymous_63)
FNDA:2,(anonymous_64)
FNDA:80,(anonymous_65)
FNDA:27,(anonymous_66)
FNDA:5,OfflineScoringUpload
FNDA:1,(anonymous_68)
FNDA:0,(anonymous_69)
FNDA:1,(anonymous_70)
FNDA:1,(anonymous_71)
FNDA:31,PlatformEndpoint
FNDA:15,EndpointValue
FNDA:25,CleanupPanel
FNDA:4,(anonymous_75)
FNDA:0,(anonymous_76)
FNDA:3,(anonymous_77)
FNDA:1,(anonymous_78)
FNDA:0,(anonymous_79)
FNDA:1,(anonymous_80)
FNDA:1,(anonymous_81)
FNDA:10,ConfirmModal
FNDA:4,confirm
FNDA:9,RegisterModal
FNDA:3,(anonymous_85)
FNDA:8,(anonymous_86)
FNDA:2,(anonymous_87)
FNDA:5,(anonymous_88)
FNDA:2,(anonymous_89)
FNDA:1,(anonymous_90)
FNDA:6,(anonymous_91)
FNDA:1,(anonymous_92)
FNDA:1,(anonymous_93)
FNDA:4,(anonymous_94)
FNDA:0,(anonymous_95)
FNDA:2,(anonymous_96)
FNDA:1,(anonymous_97)
DA:45,31
DA:46,31
DA:47,31
DA:48,31
DA:49,31
DA:50,31
DA:51,31
DA:52,2
DA:53,2
DA:55,31
DA:57,16
DA:60,31
DA:62,17
DA:64,31
DA:66,18
DA:67,95
DA:68,23
DA:70,31
DA:72,16
DA:73,91
DA:74,13
DA:76,31
DA:77,4
DA:78,4
DA:79,4
DA:80,4
DA:82,31
DA:83,19
DA:84,19
DA:87,2
DA:103,4
DA:107,0
DA:114,1
DA:118,9
DA:119,1
DA:126,1
DA:133,15
DA:134,15
DA:135,15
DA:136,15
DA:137,15
DA:138,3
DA:142,15
DA:152,1
DA:158,1
DA:160,1
DA:161,1
DA:164,1
DA:167,1
DA:170,0
DA:171,1
DA:173,1
DA:180,11
DA:181,11
DA:182,11
DA:183,11
DA:184,11
DA:185,14
DA:186,11
DA:187,11
DA:188,22
DA:190,11
DA:192,1
DA:198,1
DA:200,1
DA:201,1
DA:203,1
DA:204,1
DA:208,11
DA:209,1
DA:213,11
DA:218,1
DA:223,1
DA:232,5
DA:236,1
DA:243,19
DA:244,19
DA:245,19
DA:255,2
DA:269,20
DA:270,20
DA:271,20
DA:272,2
DA:273,1
DA:275,20
DA:278,4
DA:280,2
DA:283,1
DA:284,2
DA:286,1
DA:292,19
DA:293,19
DA:294,19
DA:295,15
DA:298,4
DA:300,1
DA:302,3
DA:303,1
DA:305,2
DA:311,10
DA:312,4
DA:314,10
DA:315,10
DA:316,10
DA:317,10
DA:318,4
DA:319,1
DA:320,1
DA:321,1
DA:322,1
DA:324,4
DA:325,4
DA:327,10
DA:328,3
DA:329,3
DA:330,2
DA:331,2
DA:333,1
DA:336,10
DA:346,10
DA:351,12
DA:352,10
DA:367,2
DA:371,1
DA:380,2
DA:392,80
DA:412,27
DA:425,5
DA:426,5
DA:427,5
DA:429,1
DA:436,0
DA:438,1
DA:439,1
DA:443,1
DA:444,1
DA:445,1
DA:446,1
DA:447,1
DA:448,1
DA:449,1
DA:452,5
DA:457,1
DA:461,1
DA:472,31
DA:473,31
DA:478,15
DA:482,25
DA:483,25
DA:484,25
DA:485,4
DA:488,25
DA:493,0
DA:495,3
DA:497,1
DA:508,0
DA:509,1
DA:517,10
DA:518,10
DA:520,4
DA:521,4
DA:522,1
DA:525,10
DA:538,9
DA:539,9
DA:540,9
DA:542,3
DA:544,9
DA:545,9
DA:547,2
DA:549,9
DA:550,5
DA:551,1
DA:554,9
DA:555,6
DA:557,9
DA:558,1
DA:562,9
DA:565,1
DA:567,4
DA:569,0
DA:571,2
DA:576,1
LF:183
LH:177
BRDA:45,0,0,31
BRDA:48,1,0,31
BRDA:48,1,1,28
BRDA:49,2,0,31
BRDA:49,2,1,28
BRDA:50,3,0,31
BRDA:50,3,1,28
BRDA:53,4,0,1
BRDA:53,4,1,1
BRDA:53,5,0,2
BRDA:53,5,1,1
BRDA:67,6,0,23
BRDA:67,6,1,72
BRDA:73,7,0,2
BRDA:73,7,1,89
BRDA:82,8,0,12
BRDA:82,8,1,19
BRDA:82,9,0,31
BRDA:82,9,1,19
BRDA:83,10,0,0
BRDA:83,10,1,19
BRDA:89,11,0,17
BRDA:89,11,1,2
BRDA:90,12,0,31
BRDA:90,12,1,2
BRDA:91,13,0,31
BRDA:91,13,1,0
BRDA:94,14,0,31
BRDA:94,14,1,2
BRDA:95,15,0,31
BRDA:95,15,1,3
BRDA:97,16,0,10
BRDA:97,16,1,9
BRDA:102,17,0,4
BRDA:102,17,1,15
BRDA:109,18,0,31
BRDA:109,18,1,0
BRDA:113,19,0,1
BRDA:113,19,1,18
BRDA:114,20,0,1
BRDA:114,20,1,17
BRDA:115,21,0,6
BRDA:115,21,1,11
BRDA:124,22,0,31
BRDA:124,22,1,3
BRDA:146,23,0,8
BRDA:146,23,1,7
BRDA:147,24,0,8
BRDA:147,24,1,0
BRDA:149,25,0,15
BRDA:149,25,1,3
BRDA:150,26,0,15
BRDA:150,26,1,0
BRDA:157,27,0,15
BRDA:157,27,1,5
BRDA:159,28,0,15
BRDA:159,28,1,12
BRDA:166,29,0,15
BRDA:166,29,1,2
BRDA:168,30,0,15
BRDA:168,30,1,1
BRDA:184,31,0,11
BRDA:184,31,1,4
BRDA:184,32,0,11
BRDA:184,32,1,4
BRDA:186,33,0,11
BRDA:186,33,1,0
BRDA:200,34,0,1
BRDA:200,34,1,0
BRDA:203,35,0,0
BRDA:203,35,1,1
BRDA:203,36,0,1
BRDA:203,36,1,1
BRDA:218,37,0,1
BRDA:218,37,1,0
BRDA:220,38,0,11
BRDA:220,38,1,1
BRDA:222,39,0,11
BRDA:222,39,1,10
BRDA:222,39,2,3
BRDA:224,40,0,11
BRDA:224,40,1,2
BRDA:226,41,0,11
BRDA:226,41,1,0
BRDA:227,42,0,11
BRDA:227,42,1,7
BRDA:227,42,2,0
BRDA:229,43,0,11
BRDA:229,43,1,7
BRDA:229,43,2,7
BRDA:233,44,0,11
BRDA:233,44,1,0
BRDA:235,45,0,11
BRDA:235,45,1,7
BRDA:243,46,0,2
BRDA:243,46,1,1
BRDA:248,47,0,2
BRDA:248,47,1,17
BRDA:249,48,0,2
BRDA:249,48,1,1
BRDA:250,49,0,1
BRDA:250,49,1,0
BRDA:251,50,0,1
BRDA:251,50,1,0
BRDA:252,51,0,1
BRDA:252,51,1,0
BRDA:255,52,0,2
BRDA:255,52,1,0
BRDA:257,53,0,1
BRDA:257,53,1,1
BRDA:259,54,0,2
BRDA:259,54,1,1
BRDA:275,55,0,20
BRDA:275,55,1,0
BRDA:279,56,0,20
BRDA:279,56,1,19
BRDA:281,57,0,20
BRDA:281,57,1,3
BRDA:285,58,0,20
BRDA:285,58,1,4
BRDA:293,59,0,19
BRDA:293,59,1,16
BRDA:294,60,0,15
BRDA:294,60,1,4
BRDA:294,61,0,19
BRDA:294,61,1,15
BRDA:294,61,2,0
BRDA:298,62,0,1
BRDA:298,62,1,3
BRDA:298,63,0,4
BRDA:298,63,1,3
BRDA:302,64,0,1
BRDA:302,64,1,2
BRDA:312,65,0,4
BRDA:312,65,1,2
BRDA:319,66,0,1
BRDA:319,66,1,0
BRDA:360,67,0,8
BRDA:360,67,1,2
BRDA:364,68,0,3
BRDA:364,68,1,5
BRDA:366,69,0,3
BRDA:366,69,1,5
BRDA:368,70,0,3
BRDA:368,70,1,5
BRDA:369,71,0,3
BRDA:369,71,1,5
BRDA:372,72,0,0
BRDA:372,72,1,8
BRDA:377,73,0,3
BRDA:377,73,1,5
BRDA:381,74,0,3
BRDA:381,74,1,5
BRDA:386,75,0,10
BRDA:386,75,1,1
BRDA:392,76,0,80
BRDA:392,76,1,31
BRDA:394,77,0,10
BRDA:394,77,1,3
BRDA:396,78,0,10
BRDA:396,78,1,1
BRDA:402,79,0,1
BRDA:402,79,1,1
BRDA:404,80,0,1
BRDA:404,80,1,1
BRDA:408,81,0,10
BRDA:408,81,1,9
BRDA:412,82,0,27
BRDA:412,82,1,15
BRDA:415,83,0,9
BRDA:415,83,1,9
BRDA:415,83,2,3
BRDA:457,84,0,1
BRDA:457,84,1,0
BRDA:458,85,0,5
BRDA:458,85,1,3
BRDA:460,86,0,5
BRDA:460,86,1,2
BRDA:462,87,0,5
BRDA:462,87,1,0
BRDA:464,88,0,5
BRDA:464,88,1,0
BRDA:465,89,0,5
BRDA:465,89,1,1
BRDA:478,90,0,15
BRDA:478,90,1,0
BRDA:496,91,0,25
BRDA:496,91,1,7
BRDA:496,91,2,5
BRDA:498,92,0,25
BRDA:498,92,1,0
BRDA:499,93,0,25
BRDA:499,93,1,7
BRDA:500,94,0,5
BRDA:500,94,1,2
BRDA:504,95,0,7
BRDA:504,95,1,2
BRDA:506,96,0,25
BRDA:506,96,1,1
BRDA:506,97,0,1
BRDA:506,97,1,0
BRDA:513,98,0,10
BRDA:522,99,0,1
BRDA:522,99,1,0
BRDA:526,100,0,10
BRDA:526,100,1,8
BRDA:527,101,0,10
BRDA:527,101,1,2
BRDA:529,102,0,8
BRDA:529,102,1,2
BRDA:544,103,0,9
BRDA:544,103,1,3
BRDA:550,104,0,5
BRDA:550,104,1,3
BRDA:555,105,0,1
BRDA:555,105,1,5
BRDA:555,106,0,6
BRDA:555,106,1,2
BRDA:564,107,0,3
BRDA:564,107,1,6
BRDA:564,108,0,4
BRDA:564,108,1,2
BRDA:567,109,0,4
BRDA:567,109,1,0
BRDA:570,110,0,3
BRDA:570,110,1,1
BRDA:573,111,0,4
BRDA:573,111,1,0
BRDA:575,112,0,4
BRDA:575,112,1,3
BRF:230
BRH:201
end_of_record
TN:
SF:src/pages/ProjectOverview.tsx
FN:16,(anonymous_0)
FN:22,ProjectOverview
FN:27,(anonymous_2)
FN:28,(anonymous_3)
FN:29,(anonymous_4)
FN:30,(anonymous_5)
FN:31,(anonymous_6)
FN:38,(anonymous_7)
FN:42,(anonymous_8)
FN:42,(anonymous_9)
FN:51,(anonymous_10)
FN:52,(anonymous_11)
FN:55,(anonymous_12)
FN:64,(anonymous_13)
FN:68,(anonymous_14)
FN:82,(anonymous_15)
FN:87,(anonymous_16)
FN:92,(anonymous_17)
FN:93,(anonymous_18)
FN:94,(anonymous_19)
FN:97,(anonymous_20)
FN:139,(anonymous_21)
FN:140,(anonymous_22)
FN:142,(anonymous_23)
FN:144,(anonymous_24)
FN:146,(anonymous_25)
FN:176,(anonymous_26)
FN:179,(anonymous_27)
FN:185,TargetVisualization
FN:205,(anonymous_29)
FN:205,(anonymous_30)
FN:223,(anonymous_31)
FNF:32
FNH:30
FNDA:2,(anonymous_0)
FNDA:36,ProjectOverview
FNDA:6,(anonymous_2)
FNDA:6,(anonymous_3)
FNDA:6,(anonymous_4)
FNDA:17,(anonymous_5)
FNDA:10,(anonymous_6)
FNDA:5,(anonymous_7)
FNDA:10,(anonymous_8)
FNDA:5,(anonymous_9)
FNDA:6,(anonymous_10)
FNDA:61,(anonymous_11)
FNDA:14,(anonymous_12)
FNDA:2,(anonymous_13)
FNDA:2,(anonymous_14)
FNDA:2,(anonymous_15)
FNDA:0,(anonymous_16)
FNDA:11,(anonymous_17)
FNDA:11,(anonymous_18)
FNDA:28,(anonymous_19)
FNDA:25,(anonymous_20)
FNDA:0,(anonymous_21)
FNDA:28,(anonymous_22)
FNDA:1,(anonymous_23)
FNDA:25,(anonymous_24)
FNDA:2,(anonymous_25)
FNDA:120,(anonymous_26)
FNDA:11,(anonymous_27)
FNDA:8,TargetVisualization
FNDA:11,(anonymous_29)
FNDA:11,(anonymous_30)
FNDA:12,(anonymous_31)
DA:14,2
DA:15,2
DA:16,2
DA:23,36
DA:24,36
DA:25,36
DA:26,36
DA:27,36
DA:28,36
DA:29,36
DA:30,36
DA:31,17
DA:32,5
DA:35,36
DA:38,5
DA:40,36
DA:41,36
DA:42,10
DA:45,36
DA:48,36
DA:51,6
DA:52,61
DA:55,36
DA:56,14
DA:58,36
DA:59,36
DA:61,36
DA:63,36
DA:64,2
DA:69,2
DA:70,2
DA:73,36
DA:74,36
DA:75,36
DA:82,2
DA:85,36
DA:86,30
DA:87,36
DA:88,0
DA:91,30
DA:92,36
DA:93,36
DA:94,36
DA:95,36
DA:97,25
DA:100,36
DA:103,36
DA:104,36
DA:105,36
DA:108,36
DA:109,36
DA:112,36
DA:115,36
DA:116,36
DA:125,36
DA:127,36
DA:139,0
DA:140,28
DA:142,1
DA:144,25
DA:146,2
DA:176,120
DA:180,11
DA:190,8
DA:193,8
DA:194,8
DA:197,8
DA:203,8
DA:205,11
DA:207,8
DA:224,12
LF:71
LH:69
BRDA:23,0,0,36
BRDA:31,1,0,5
BRDA:31,1,1,12
BRDA:31,2,0,17
BRDA:31,2,1,10
BRDA:42,3,0,10
BRDA:42,3,1,6
BRDA:42,4,0,10
BRDA:42,4,1,6
BRDA:45,5,0,18
BRDA:45,5,1,18
BRDA:52,6,0,6
BRDA:52,6,1,55
BRDA:52,7,0,61
BRDA:52,7,1,21
BRDA:56,8,0,14
BRDA:56,8,1,10
BRDA:58,9,0,27
BRDA:58,9,1,9
BRDA:59,10,0,36
BRDA:59,10,1,11
BRDA:60,11,0,11
BRDA:60,11,1,0
BRDA:61,12,0,36
BRDA:61,12,1,11
BRDA:78,13,0,36
BRDA:78,13,1,6
BRDA:78,13,2,6
BRDA:85,14,0,6
BRDA:85,14,1,30
BRDA:85,15,0,36
BRDA:85,15,1,30
BRDA:85,15,2,30
BRDA:86,16,0,30
BRDA:86,16,1,30
BRDA:86,16,2,30
BRDA:87,17,0,0
BRDA:87,17,1,36
BRDA:91,18,0,30
BRDA:91,18,1,0
BRDA:92,19,0,36
BRDA:92,19,1,25
BRDA:93,20,0,36
BRDA:93,20,1,24
BRDA:95,21,0,18
BRDA:95,21,1,12
BRDA:96,22,0,18
BRDA:96,22,1,0
BRDA:100,23,0,11
BRDA:100,23,1,19
BRDA:103,24,0,36
BRDA:103,24,1,6
BRDA:105,25,0,5
BRDA:105,25,1,25
BRDA:105,26,0,36
BRDA:105,26,1,5
BRDA:108,27,0,9
BRDA:108,27,1,21
BRDA:109,28,0,3
BRDA:109,28,1,27
BRDA:109,29,0,36
BRDA:109,29,1,5
BRDA:112,30,0,36
BRDA:112,30,1,18
BRDA:112,30,2,16
BRDA:112,30,3,9
BRDA:112,30,4,7
BRDA:115,31,0,3
BRDA:115,31,1,27
BRDA:116,32,0,2
BRDA:116,32,1,28
BRDA:118,33,0,5
BRDA:118,33,1,23
BRDA:118,34,0,28
BRDA:118,34,1,5
BRDA:120,35,0,2
BRDA:120,35,1,21
BRDA:122,36,0,3
BRDA:122,36,1,18
BRDA:125,37,0,2
BRDA:125,37,1,28
BRDA:128,38,0,36
BRDA:128,38,1,0
BRDA:128,39,0,36
BRDA:128,39,1,0
BRDA:129,40,0,36
BRDA:129,40,1,2
BRDA:130,41,0,36
BRDA:130,41,1,19
BRDA:132,42,0,36
BRDA:132,42,1,19
BRDA:135,43,0,2
BRDA:135,43,1,28
BRDA:142,44,0,28
BRDA:142,44,1,18
BRDA:146,45,0,28
BRDA:146,45,1,11
BRDA:148,46,0,9
BRDA:148,46,1,19
BRDA:148,47,0,28
BRDA:148,47,1,23
BRDA:149,48,0,28
BRDA:149,48,1,10
BRDA:149,48,2,5
BRDA:150,49,0,28
BRDA:150,49,1,0
BRDA:151,50,0,28
BRDA:151,50,1,18
BRDA:151,51,0,5
BRDA:151,51,1,13
BRDA:152,52,0,18
BRDA:152,52,1,9
BRDA:152,53,0,5
BRDA:152,53,1,13
BRDA:152,54,0,18
BRDA:152,54,1,5
BRDA:155,55,0,28
BRDA:155,55,1,9
BRDA:155,55,2,9
BRDA:155,55,3,9
BRDA:156,56,0,9
BRDA:156,56,1,5
BRDA:157,57,0,28
BRDA:157,57,1,2
BRDA:157,58,0,2
BRDA:157,58,1,0
BRDA:157,59,0,2
BRDA:157,59,1,0
BRDA:158,60,0,2
BRDA:158,60,1,0
BRDA:159,61,0,28
BRDA:159,61,1,5
BRDA:159,61,2,5
BRDA:161,62,0,1
BRDA:161,62,1,4
BRDA:165,63,0,28
BRDA:165,63,1,3
BRDA:165,64,0,3
BRDA:165,64,1,0
BRDA:166,65,0,28
BRDA:166,65,1,17
BRDA:166,65,2,13
BRDA:167,66,0,28
BRDA:167,66,1,23
BRDA:167,66,2,18
BRDA:179,67,0,11
BRDA:179,67,1,19
BRDA:180,68,0,11
BRDA:180,68,1,6
BRDA:190,69,0,2
BRDA:190,69,1,6
BRDA:192,70,0,6
BRDA:192,70,1,0
BRDA:193,71,0,8
BRDA:193,71,1,2
BRDA:194,72,0,4
BRDA:194,72,1,4
BRDA:195,73,0,3
BRDA:195,73,1,1
BRDA:197,74,0,4
BRDA:197,74,1,4
BRDA:199,75,0,3
BRDA:199,75,1,1
BRDA:203,76,0,3
BRDA:203,76,1,5
BRDA:203,77,0,8
BRDA:203,77,1,4
BRDA:208,78,0,6
BRDA:208,78,1,2
BRDA:209,79,0,0
BRDA:209,79,1,8
BRDA:209,80,0,8
BRDA:209,80,1,5
BRDA:216,81,0,4
BRDA:216,81,1,4
BRDA:217,82,0,4
BRDA:217,82,1,4
BRDA:222,83,0,8
BRDA:222,83,1,3
BRDA:226,84,0,8
BRDA:226,84,1,1
BRF:181
BRH:168
end_of_record
TN:
SF:src/pages/ProjectsPage.tsx
FN:12,ProjectsPage
FN:18,(anonymous_1)
FN:20,(anonymous_2)
FN:21,(anonymous_3)
FN:24,(anonymous_4)
FN:25,(anonymous_5)
FN:27,(anonymous_6)
FN:27,(anonymous_7)
FN:35,submitCreate
FN:39,submitInvite
FN:45,(anonymous_10)
FN:46,(anonymous_11)
FN:47,(anonymous_12)
FN:49,(anonymous_13)
FN:50,(anonymous_14)
FN:58,(anonymous_15)
FN:60,(anonymous_16)
FN:64,(anonymous_17)
FN:65,(anonymous_18)
FN:68,(anonymous_19)
FN:70,(anonymous_20)
FN:72,(anonymous_21)
FNF:22
FNH:18
FNDA:41,ProjectsPage
FNDA:8,(anonymous_1)
FNDA:2,(anonymous_2)
FNDA:1,(anonymous_3)
FNDA:1,(anonymous_4)
FNDA:1,(anonymous_5)
FNDA:32,(anonymous_6)
FNDA:102,(anonymous_7)
FNDA:2,submitCreate
FNDA:1,submitInvite
FNDA:1,(anonymous_10)
FNDA:1,(anonymous_11)
FNDA:20,(anonymous_12)
FNDA:1,(anonymous_13)
FNDA:75,(anonymous_14)
FNDA:0,(anonymous_15)
FNDA:1,(anonymous_16)
FNDA:1,(anonymous_17)
FNDA:0,(anonymous_18)
FNDA:1,(anonymous_19)
FNDA:0,(anonymous_20)
FNDA:0,(anonymous_21)
DA:10,1
DA:13,41
DA:14,41
DA:15,41
DA:16,41
DA:17,41
DA:18,41
DA:19,41
DA:20,2
DA:21,1
DA:23,41
DA:24,1
DA:25,1
DA:27,41
DA:28,102
DA:30,41
DA:31,41
DA:32,41
DA:33,41
DA:36,2
DA:37,2
DA:40,1
DA:43,41
DA:45,1
DA:46,1
DA:47,20
DA:49,1
DA:51,75
DA:58,0
DA:60,1
DA:64,1
DA:65,0
DA:68,1
DA:70,0
DA:72,0
LF:35
LH:31
BRDA:30,0,0,41
BRDA:30,0,1,22
BRDA:48,1,0,41
BRDA:48,1,1,12
BRDA:48,2,0,16
BRDA:48,2,1,25
BRDA:49,3,0,5
BRDA:49,3,1,36
BRDA:49,4,0,1
BRDA:49,4,1,35
BRDA:50,5,0,19
BRDA:50,5,1,16
BRDA:53,6,0,75
BRDA:53,6,1,0
BRDA:56,7,0,19
BRDA:56,7,1,12
BRDA:62,8,0,10
BRDA:62,8,1,6
BRDA:63,9,0,10
BRDA:63,9,1,6
BRDA:64,10,0,16
BRDA:64,10,1,6
BRDA:65,11,0,41
BRDA:65,11,1,3
BRDA:68,12,0,3
BRDA:68,12,1,1
BRDA:70,13,0,41
BRDA:70,13,1,1
BRDA:72,14,0,1
BRDA:72,14,1,0
BRF:30
BRH:28
end_of_record
TN:
SF:src/pages/RunsPage.tsx
FN:33,(anonymous_0)
FN:35,RunsPage
FN:41,(anonymous_2)
FN:42,(anonymous_3)
FN:43,(anonymous_4)
FN:46,(anonymous_5)
FN:47,(anonymous_6)
FN:51,(anonymous_7)
FN:53,(anonymous_8)
FN:64,(anonymous_9)
FN:65,(anonymous_10)
FN:72,(anonymous_11)
FN:77,RunDetail
FN:85,(anonymous_13)
FN:90,(anonymous_14)
FN:95,(anonymous_15)
FN:99,(anonymous_16)
FN:108,(anonymous_17)
FN:112,(anonymous_18)
FN:115,(anonymous_19)
FN:132,(anonymous_20)
FN:135,(anonymous_21)
FN:138,(anonymous_22)
FN:144,(anonymous_23)
FN:146,(anonymous_24)
FN:148,(anonymous_25)
FN:150,(anonymous_26)
FN:153,(anonymous_27)
FN:156,(anonymous_28)
FN:156,(anonymous_29)
FN:159,(anonymous_30)
FN:160,(anonymous_31)
FN:160,(anonymous_32)
FN:164,LeaderboardPanel
FN:176,(anonymous_34)
FN:189,(anonymous_35)
FN:193,(anonymous_36)
FN:214,ModelEvidence
FN:226,(anonymous_38)
FN:228,(anonymous_39)
FN:231,(anonymous_40)
FN:241,ModelPipeline
FN:249,(anonymous_42)
FN:272,(anonymous_43)
FN:281,PipelineDiagram
FN:288,(anonymous_45)
FN:297,(anonymous_46)
FN:298,(anonymous_47)
FN:321,FeatureSelectionPanel
FN:325,(anonymous_49)
FN:328,(anonymous_50)
FN:335,CorrelationEvidence
FN:347,(anonymous_52)
FN:349,(anonymous_53)
FN:350,(anonymous_54)
FN:351,(anonymous_55)
FN:352,(anonymous_56)
FN:352,(anonymous_57)
FN:357,(anonymous_58)
FN:387,(anonymous_59)
FN:395,downloadModelAudit
FN:402,(anonymous_61)
FN:408,(anonymous_62)
FN:431,waitForAuditExplanation
FN:444,(anonymous_64)
FN:449,LiveTrainingSummary
FN:453,(anonymous_66)
FN:483,ResourcePanel
FN:485,(anonymous_68)
FN:509,ResourceMeter
FN:517,ModelDiagnosticCharts
FN:529,(anonymous_71)
FN:529,(anonymous_72)
FN:530,(anonymous_73)
FN:530,(anonymous_74)
FN:537,ClassificationCharts
FN:541,(anonymous_76)
FN:542,(anonymous_77)
FN:543,(anonymous_78)
FN:554,(anonymous_79)
FN:554,(anonymous_80)
FN:563,(anonymous_81)
FN:563,(anonymous_82)
FN:566,(anonymous_83)
FN:566,(anonymous_84)
FN:567,(anonymous_85)
FN:572,(anonymous_86)
FN:578,(anonymous_87)
FN:579,(anonymous_88)
FN:598,(anonymous_89)
FN:598,(anonymous_90)
FN:598,(anonymous_91)
FN:601,(anonymous_92)
FN:601,(anonymous_93)
FN:601,(anonymous_94)
FN:602,(anonymous_95)
FN:602,(anonymous_96)
FN:606,RegressionCharts
FN:609,(anonymous_98)
FN:610,(anonymous_99)
FN:613,(anonymous_100)
FN:613,(anonymous_101)
FN:616,(anonymous_102)
FN:618,(anonymous_103)
FN:618,(anonymous_104)
FN:619,(anonymous_105)
FN:619,(anonymous_106)
FN:624,ClusteringCharts
FN:628,(anonymous_108)
FN:631,(anonymous_109)
FN:631,(anonymous_110)
FN:631,(anonymous_111)
FN:635,EvidenceChart
FN:649,AnalysisPanel
FN:663,(anonymous_114)
FN:664,(anonymous_115)
FN:664,(anonymous_116)
FN:669,(anonymous_117)
FN:671,(anonymous_118)
FN:675,(anonymous_119)
FN:675,(anonymous_120)
FN:677,(anonymous_121)
FN:681,(anonymous_122)
FN:684,(anonymous_123)
FN:686,(anonymous_124)
FN:688,(anonymous_125)
FN:691,(anonymous_126)
FN:691,(anonymous_127)
FN:694,(anonymous_128)
FN:694,(anonymous_129)
FN:697,(anonymous_130)
FN:703,(anonymous_131)
FN:710,(anonymous_132)
FN:712,(anonymous_133)
FN:719,(anonymous_134)
FN:726,(anonymous_135)
FN:734,(anonymous_136)
FN:741,(anonymous_137)
FN:747,(anonymous_138)
FN:755,(anonymous_139)
FN:757,(anonymous_140)
FN:761,(anonymous_141)
FN:769,(anonymous_142)
FN:770,(anonymous_143)
FN:774,(anonymous_144)
FN:777,(anonymous_145)
FN:783,(anonymous_146)
FN:792,(anonymous_147)
FN:807,(anonymous_148)
FN:809,(anonymous_149)
FN:812,(anonymous_150)
FN:821,(anonymous_151)
FN:822,(anonymous_152)
FN:829,(anonymous_153)
FN:831,(anonymous_154)
FN:841,AnalysisResultPanel
FN:842,(anonymous_156)
FN:844,(anonymous_157)
FN:845,(anonymous_158)
FN:852,(anonymous_159)
FN:855,(anonymous_160)
FN:860,(anonymous_161)
FN:866,LogsPanel
FN:869,(anonymous_163)
FN:874,AddModelsModal
FN:883,(anonymous_165)
FN:886,(anonymous_166)
FN:888,(anonymous_167)
FN:898,(anonymous_168)
FN:898,(anonymous_169)
FN:899,(anonymous_170)
FN:900,(anonymous_171)
FN:903,(anonymous_172)
FN:903,(anonymous_173)
FN:904,(anonymous_174)
FN:909,(anonymous_175)
FN:910,(anonymous_176)
FN:911,(anonymous_177)
FN:913,(anonymous_178)
FN:917,(anonymous_179)
FNF:180
FNH:164
FNDA:3,(anonymous_0)
FNDA:45,RunsPage
FNDA:18,(anonymous_2)
FNDA:112,(anonymous_3)
FNDA:55,(anonymous_4)
FNDA:44,(anonymous_5)
FNDA:31,(anonymous_6)
FNDA:31,(anonymous_7)
FNDA:1,(anonymous_8)
FNDA:32,(anonymous_9)
FNDA:1,(anonymous_10)
FNDA:3,(anonymous_11)
FNDA:49,RunDetail
FNDA:18,(anonymous_13)
FNDA:18,(anonymous_14)
FNDA:3,(anonymous_15)
FNDA:3,(anonymous_16)
FNDA:1,(anonymous_17)
FNDA:1,(anonymous_18)
FNDA:29,(anonymous_19)
FNDA:2,(anonymous_20)
FNDA:1,(anonymous_21)
FNDA:1,(anonymous_22)
FNDA:1,(anonymous_23)
FNDA:2,(anonymous_24)
FNDA:3,(anonymous_25)
FNDA:2,(anonymous_26)
FNDA:1,(anonymous_27)
FNDA:4,(anonymous_28)
FNDA:3,(anonymous_29)
FNDA:2,(anonymous_30)
FNDA:0,(anonymous_31)
FNDA:1,(anonymous_32)
FNDA:43,LeaderboardPanel
FNDA:1,(anonymous_34)
FNDA:24,(anonymous_35)
FNDA:6,(anonymous_36)
FNDA:16,ModelEvidence
FNDA:80,(anonymous_38)
FNDA:10,(anonymous_39)
FNDA:6,(anonymous_40)
FNDA:7,ModelPipeline
FNDA:2,(anonymous_42)
FNDA:56,(anonymous_43)
FNDA:7,PipelineDiagram
FNDA:21,(anonymous_45)
FNDA:14,(anonymous_46)
FNDA:28,(anonymous_47)
FNDA:4,FeatureSelectionPanel
FNDA:0,(anonymous_49)
FNDA:0,(anonymous_50)
FNDA:4,CorrelationEvidence
FNDA:2,(anonymous_52)
FNDA:2,(anonymous_53)
FNDA:6,(anonymous_54)
FNDA:4,(anonymous_55)
FNDA:6,(anonymous_56)
FNDA:18,(anonymous_57)
FNDA:4,(anonymous_58)
FNDA:2,(anonymous_59)
FNDA:2,downloadModelAudit
FNDA:3,(anonymous_61)
FNDA:0,(anonymous_62)
FNDA:1,waitForAuditExplanation
FNDA:0,(anonymous_64)
FNDA:43,LiveTrainingSummary
FNDA:1,(anonymous_66)
FNDA:2,ResourcePanel
FNDA:0,(anonymous_68)
FNDA:6,ResourceMeter
FNDA:4,ModelDiagnosticCharts
FNDA:2,(anonymous_71)
FNDA:2,(anonymous_72)
FNDA:2,(anonymous_73)
FNDA:2,(anonymous_74)
FNDA:3,ClassificationCharts
FNDA:7,(anonymous_76)
FNDA:17,(anonymous_77)
FNDA:17,(anonymous_78)
FNDA:7,(anonymous_79)
FNDA:17,(anonymous_80)
FNDA:7,(anonymous_81)
FNDA:17,(anonymous_82)
FNDA:3,(anonymous_83)
FNDA:7,(anonymous_84)
FNDA:17,(anonymous_85)
FNDA:3,(anonymous_86)
FNDA:0,(anonymous_87)
FNDA:1,(anonymous_88)
FNDA:2,(anonymous_89)
FNDA:6,(anonymous_90)
FNDA:6,(anonymous_91)
FNDA:2,(anonymous_92)
FNDA:4,(anonymous_93)
FNDA:4,(anonymous_94)
FNDA:3,(anonymous_95)
FNDA:6,(anonymous_96)
FNDA:1,RegressionCharts
FNDA:2,(anonymous_98)
FNDA:2,(anonymous_99)
FNDA:2,(anonymous_100)
FNDA:2,(anonymous_101)
FNDA:2,(anonymous_102)
FNDA:2,(anonymous_103)
FNDA:2,(anonymous_104)
FNDA:2,(anonymous_105)
FNDA:2,(anonymous_106)
FNDA:1,ClusteringCharts
FNDA:2,(anonymous_108)
FNDA:2,(anonymous_109)
FNDA:4,(anonymous_110)
FNDA:4,(anonymous_111)
FNDA:19,EvidenceChart
FNDA:27,AnalysisPanel
FNDA:3,(anonymous_114)
FNDA:34,(anonymous_115)
FNDA:11,(anonymous_116)
FNDA:3,(anonymous_117)
FNDA:1,(anonymous_118)
FNDA:1,(anonymous_119)
FNDA:1,(anonymous_120)
FNDA:2,(anonymous_121)
FNDA:6,(anonymous_122)
FNDA:14,(anonymous_123)
FNDA:17,(anonymous_124)
FNDA:28,(anonymous_125)
FNDA:10,(anonymous_126)
FNDA:4,(anonymous_127)
FNDA:9,(anonymous_128)
FNDA:3,(anonymous_129)
FNDA:12,(anonymous_130)
FNDA:3,(anonymous_131)
FNDA:0,(anonymous_132)
FNDA:0,(anonymous_133)
FNDA:2,(anonymous_134)
FNDA:2,(anonymous_135)
FNDA:2,(anonymous_136)
FNDA:1,(anonymous_137)
FNDA:1,(anonymous_138)
FNDA:3,(anonymous_139)
FNDA:34,(anonymous_140)
FNDA:7,(anonymous_141)
FNDA:1,(anonymous_142)
FNDA:34,(anonymous_143)
FNDA:0,(anonymous_144)
FNDA:1,(anonymous_145)
FNDA:2,(anonymous_146)
FNDA:2,(anonymous_147)
FNDA:0,(anonymous_148)
FNDA:0,(anonymous_149)
FNDA:1,(anonymous_150)
FNDA:0,(anonymous_151)
FNDA:0,(anonymous_152)
FNDA:6,(anonymous_153)
FNDA:0,(anonymous_154)
FNDA:3,AnalysisResultPanel
FNDA:1,(anonymous_156)
FNDA:0,(anonymous_157)
FNDA:1,(anonymous_158)
FNDA:1,(anonymous_159)
FNDA:1,(anonymous_160)
FNDA:1,(anonymous_161)
FNDA:5,LogsPanel
FNDA:1,(anonymous_163)
FNDA:16,AddModelsModal
FNDA:2,(anonymous_165)
FNDA:40,(anonymous_166)
FNDA:1,(anonymous_167)
FNDA:1,(anonymous_168)
FNDA:2,(anonymous_169)
FNDA:1,(anonymous_170)
FNDA:26,(anonymous_171)
FNDA:4,(anonymous_172)
FNDA:4,(anonymous_173)
FNDA:2,(anonymous_174)
FNDA:2,(anonymous_175)
FNDA:1,(anonymous_176)
FNDA:52,(anonymous_177)
FNDA:3,(anonymous_178)
FNDA:1,(anonymous_179)
DA:33,3
DA:36,45
DA:37,45
DA:38,45
DA:39,45
DA:41,18
DA:43,112
DA:46,45
DA:47,44
DA:48,13
DA:51,45
DA:52,45
DA:53,31
DA:54,30
DA:64,32
DA:65,1
DA:72,3
DA:80,49
DA:81,49
DA:82,49
DA:83,49
DA:85,18
DA:88,49
DA:90,18
DA:93,49
DA:95,3
DA:99,49
DA:100,3
DA:101,3
DA:107,49
DA:108,1
DA:111,49
DA:112,1
DA:115,49
DA:116,49
DA:132,2
DA:135,1
DA:138,1
DA:144,1
DA:146,2
DA:148,3
DA:150,2
DA:153,1
DA:156,4
DA:159,2
DA:160,1
DA:172,43
DA:173,43
DA:176,1
DA:190,24
DA:191,24
DA:193,6
DA:223,16
DA:224,16
DA:227,80
DA:228,10
DA:231,6
DA:245,7
DA:246,7
DA:247,7
DA:248,7
DA:249,7
DA:250,2
DA:251,2
DA:252,2
DA:254,1
DA:256,2
DA:259,7
DA:272,56
DA:285,7
DA:286,7
DA:287,7
DA:288,21
DA:297,14
DA:299,28
DA:325,4
DA:326,4
DA:328,0
DA:336,4
DA:337,4
DA:338,4
DA:339,4
DA:340,2
DA:342,2
DA:343,4
DA:344,4
DA:345,4
DA:346,4
DA:347,4
DA:348,2
DA:349,4
DA:350,6
DA:351,4
DA:352,6
DA:353,18
DA:354,18
DA:355,18
DA:357,4
DA:363,4
DA:387,2
DA:401,2
DA:402,2
DA:403,3
DA:404,3
DA:406,2
DA:407,2
DA:408,1
DA:409,1
DA:410,0
DA:412,1
DA:413,1
DA:415,1
DA:416,1
DA:417,1
DA:419,2
DA:420,1
DA:421,1
DA:423,1
DA:424,1
DA:425,1
DA:426,1
DA:427,1
DA:428,1
DA:435,1
DA:436,1
DA:439,1
DA:440,0
DA:441,0
DA:443,0
DA:444,0
DA:446,0
DA:452,43
DA:453,29
DA:454,28
DA:455,28
DA:456,28
DA:457,43
DA:458,43
DA:459,43
DA:460,43
DA:463,43
DA:464,43
DA:469,43
DA:472,43
DA:484,2
DA:485,2
DA:486,2
DA:487,2
DA:488,2
DA:489,2
DA:490,2
DA:512,6
DA:521,4
DA:522,4
DA:523,4
DA:529,2
DA:530,2
DA:538,3
DA:539,3
DA:540,3
DA:541,3
DA:542,17
DA:543,17
DA:545,3
DA:546,3
DA:547,3
DA:550,3
DA:553,3
DA:554,7
DA:555,17
DA:556,8
DA:557,8
DA:558,8
DA:559,6
DA:560,4
DA:561,2
DA:563,17
DA:566,3
DA:567,17
DA:571,3
DA:572,3
DA:573,3
DA:578,0
DA:579,1
DA:598,6
DA:601,4
DA:602,6
DA:607,1
DA:608,1
DA:609,2
DA:610,2
DA:611,1
DA:613,2
DA:616,2
DA:618,2
DA:619,2
DA:625,1
DA:626,1
DA:627,1
DA:628,2
DA:629,1
DA:631,4
DA:644,19
DA:652,27
DA:653,27
DA:654,27
DA:655,27
DA:656,27
DA:657,27
DA:658,27
DA:659,27
DA:660,27
DA:661,27
DA:663,3
DA:664,34
DA:665,11
DA:667,27
DA:670,3
DA:671,3
DA:675,3
DA:677,2
DA:681,27
DA:682,6
DA:684,27
DA:685,27
DA:686,17
DA:687,27
DA:688,28
DA:690,27
DA:691,27
DA:692,4
DA:694,27
DA:695,3
DA:697,27
DA:698,12
DA:700,12
DA:702,0
DA:703,12
DA:704,1
DA:705,11
DA:706,1
DA:709,27
DA:710,0
DA:713,0
DA:714,0
DA:715,0
DA:718,27
DA:720,2
DA:726,2
DA:728,2
DA:729,2
DA:731,2
DA:732,2
DA:735,2
DA:736,2
DA:737,2
DA:740,27
DA:741,1
DA:748,1
DA:749,1
DA:750,1
DA:753,27
DA:755,3
DA:757,34
DA:761,27
DA:762,27
DA:765,27
DA:769,1
DA:770,34
DA:774,0
DA:777,1
DA:784,2
DA:785,2
DA:786,2
DA:787,2
DA:792,2
DA:807,0
DA:809,0
DA:812,1
DA:821,0
DA:822,0
DA:830,6
DA:831,0
DA:842,3
DA:844,0
DA:845,3
DA:846,3
DA:853,1
DA:856,1
DA:857,1
DA:861,1
DA:867,5
DA:869,1
DA:877,16
DA:878,16
DA:879,16
DA:880,16
DA:881,16
DA:883,2
DA:886,40
DA:887,16
DA:888,1
DA:894,16
DA:898,2
DA:899,1
DA:900,26
DA:903,4
DA:904,2
DA:909,2
DA:910,1
DA:911,52
DA:913,3
DA:917,1
LF:313
LH:293
BRDA:36,0,0,45
BRDA:43,1,0,7
BRDA:43,1,1,105
BRDA:47,2,0,13
BRDA:47,2,1,31
BRDA:47,3,0,44
BRDA:47,3,1,29
BRDA:52,4,0,14
BRDA:52,4,1,31
BRDA:53,5,0,1
BRDA:53,5,1,30
BRDA:57,6,0,1
BRDA:57,6,1,29
BRDA:65,7,0,16
BRDA:65,7,1,16
BRDA:66,8,0,32
BRDA:66,8,1,0
BRDA:71,9,0,29
BRDA:71,9,1,16
BRDA:86,10,0,4
BRDA:86,10,1,45
BRDA:91,11,0,4
BRDA:91,11,1,45
BRDA:97,12,0,4
BRDA:97,12,1,45
BRDA:119,13,0,49
BRDA:119,13,1,0
BRDA:123,14,0,49
BRDA:123,14,1,4
BRDA:124,15,0,49
BRDA:124,15,1,4
BRDA:126,16,0,49
BRDA:126,16,1,20
BRDA:127,17,0,49
BRDA:127,17,1,29
BRDA:128,18,0,49
BRDA:128,18,1,20
BRDA:132,19,0,49
BRDA:132,19,1,41
BRDA:134,20,0,49
BRDA:134,20,1,4
BRDA:137,21,0,49
BRDA:137,21,1,4
BRDA:143,22,0,37
BRDA:143,22,1,12
BRDA:145,23,0,4
BRDA:145,23,1,45
BRDA:147,24,0,3
BRDA:147,24,1,46
BRDA:149,25,0,5
BRDA:149,25,1,44
BRDA:152,26,0,49
BRDA:152,26,1,37
BRDA:154,27,0,49
BRDA:154,27,1,4
BRDA:155,28,0,49
BRDA:155,28,1,3
BRDA:156,29,0,3
BRDA:156,29,1,0
BRDA:157,30,0,49
BRDA:157,30,1,5
BRDA:158,31,0,49
BRDA:158,31,1,2
BRDA:175,32,0,14
BRDA:175,32,1,29
BRDA:176,33,0,2
BRDA:176,33,1,27
BRDA:177,34,0,23
BRDA:177,34,1,4
BRDA:179,35,0,23
BRDA:179,35,1,6
BRDA:180,36,0,17
BRDA:180,36,1,6
BRDA:181,37,0,17
BRDA:181,37,1,0
BRDA:183,38,0,23
BRDA:183,38,1,17
BRDA:188,39,0,23
BRDA:188,39,1,0
BRDA:191,40,0,6
BRDA:191,40,1,18
BRDA:193,41,0,0
BRDA:193,41,1,6
BRDA:194,42,0,24
BRDA:194,42,1,6
BRDA:195,43,0,24
BRDA:195,43,1,4
BRDA:196,44,0,17
BRDA:196,44,1,7
BRDA:198,45,0,24
BRDA:198,45,1,3
BRDA:199,46,0,24
BRDA:199,46,1,6
BRDA:227,47,0,16
BRDA:227,47,1,64
BRDA:228,48,0,16
BRDA:228,48,1,64
BRDA:230,49,0,16
BRDA:230,49,1,6
BRDA:232,50,0,6
BRDA:232,50,1,2
BRDA:233,51,0,16
BRDA:233,51,1,4
BRDA:234,52,0,16
BRDA:234,52,1,2
BRDA:235,53,0,16
BRDA:235,53,1,1
BRDA:236,54,0,16
BRDA:236,54,1,3
BRDA:247,55,0,7
BRDA:247,55,1,7
BRDA:248,56,0,7
BRDA:248,56,1,7
BRDA:254,57,0,1
BRDA:254,57,1,0
BRDA:268,58,0,7
BRDA:268,58,1,1
BRDA:269,59,0,7
BRDA:269,59,1,2
BRDA:286,60,0,7
BRDA:286,60,1,0
BRDA:288,61,0,7
BRDA:288,61,1,0
BRDA:289,62,0,7
BRDA:289,62,1,7
BRDA:296,63,0,7
BRDA:296,63,1,0
BRDA:296,64,0,7
BRDA:296,64,1,0
BRDA:303,65,0,7
BRDA:303,65,1,7
BRDA:307,66,0,7
BRDA:307,66,1,0
BRDA:308,67,0,7
BRDA:308,67,1,0
BRDA:325,68,0,4
BRDA:325,68,1,0
BRDA:327,69,0,0
BRDA:327,69,1,4
BRDA:328,70,0,0
BRDA:328,70,1,4
BRDA:329,71,0,4
BRDA:329,71,1,0
BRDA:339,72,0,2
BRDA:339,72,1,2
BRDA:339,73,0,4
BRDA:339,73,1,2
BRDA:342,74,0,2
BRDA:342,74,1,0
BRDA:343,75,0,4
BRDA:343,75,1,0
BRDA:344,76,0,4
BRDA:344,76,1,0
BRDA:345,77,0,4
BRDA:345,77,1,0
BRDA:348,78,0,2
BRDA:348,78,1,0
BRDA:350,79,0,2
BRDA:350,79,1,4
BRDA:355,80,0,10
BRDA:355,80,1,8
BRDA:355,81,0,18
BRDA:355,81,1,12
BRDA:355,82,0,8
BRDA:355,82,1,0
BRDA:366,83,0,4
BRDA:366,83,1,0
BRDA:367,84,0,4
BRDA:367,84,1,0
BRDA:368,85,0,4
BRDA:368,85,1,0
BRDA:376,86,0,4
BRDA:376,86,1,0
BRDA:377,87,0,2
BRDA:377,87,1,0
BRDA:377,88,0,4
BRDA:377,88,1,2
BRDA:378,89,0,2
BRDA:378,89,1,0
BRDA:385,90,0,2
BRDA:385,90,1,0
BRDA:404,91,0,0
BRDA:404,91,1,3
BRDA:407,92,0,1
BRDA:407,92,1,1
BRDA:409,93,0,0
BRDA:409,93,1,1
BRDA:410,94,0,0
BRDA:410,94,1,0
BRDA:419,95,0,1
BRDA:419,95,1,1
BRDA:421,96,0,1
BRDA:421,96,1,0
BRDA:439,97,0,1
BRDA:439,97,1,0
BRDA:440,98,0,0
BRDA:440,98,1,0
BRDA:452,99,0,14
BRDA:452,99,1,29
BRDA:453,100,0,1
BRDA:453,100,1,28
BRDA:455,101,0,0
BRDA:455,101,1,28
BRDA:456,102,0,28
BRDA:456,102,1,0
BRDA:457,103,0,43
BRDA:457,103,1,0
BRDA:458,104,0,28
BRDA:458,104,1,0
BRDA:460,105,0,27
BRDA:460,105,1,1
BRDA:461,106,0,27
BRDA:461,106,1,25
BRDA:463,107,0,3
BRDA:463,107,1,25
BRDA:464,108,0,2
BRDA:464,108,1,26
BRDA:465,109,0,2
BRDA:465,109,1,0
BRDA:469,110,0,2
BRDA:469,110,1,26
BRDA:473,111,0,27
BRDA:473,111,1,1
BRDA:474,112,0,43
BRDA:474,112,1,25
BRDA:474,113,0,25
BRDA:474,113,1,0
BRDA:475,114,0,43
BRDA:475,114,1,22
BRDA:475,114,2,13
BRDA:475,114,3,0
BRDA:484,115,0,0
BRDA:484,115,1,2
BRDA:485,116,0,0
BRDA:485,116,1,2
BRDA:487,117,0,0
BRDA:487,117,1,2
BRDA:488,118,0,1
BRDA:488,118,1,1
BRDA:488,119,0,1
BRDA:488,119,1,0
BRDA:489,120,0,1
BRDA:489,120,1,1
BRDA:489,121,0,1
BRDA:489,121,1,0
BRDA:492,122,0,1
BRDA:492,122,1,1
BRDA:494,123,0,1
BRDA:494,123,1,1
BRDA:497,124,0,1
BRDA:497,124,1,1
BRDA:497,125,0,1
BRDA:497,125,1,0
BRDA:498,126,0,2
BRDA:498,126,1,1
BRDA:498,127,0,2
BRDA:498,127,1,2
BRDA:500,128,0,2
BRDA:500,128,1,1
BRDA:501,129,0,2
BRDA:501,129,1,1
BRDA:503,130,0,1
BRDA:503,130,1,1
BRDA:504,131,0,2
BRDA:504,131,1,1
BRDA:505,132,0,2
BRDA:505,132,1,1
BRDA:505,132,2,1
BRDA:509,133,0,6
BRDA:513,134,0,6
BRDA:513,134,1,4
BRDA:524,135,0,4
BRDA:524,135,1,2
BRDA:524,136,0,4
BRDA:524,136,1,4
BRDA:524,136,2,1
BRDA:526,137,0,4
BRDA:526,137,1,1
BRDA:527,138,0,1
BRDA:527,138,1,3
BRDA:527,139,0,1
BRDA:527,139,1,0
BRDA:531,140,0,1
BRDA:531,140,1,0
BRDA:532,141,0,1
BRDA:532,141,1,3
BRDA:532,142,0,4
BRDA:532,142,1,2
BRDA:533,143,0,1
BRDA:533,143,1,0
BRDA:539,144,0,3
BRDA:539,144,1,0
BRDA:540,145,0,3
BRDA:540,145,1,0
BRDA:543,146,0,14
BRDA:543,146,1,3
BRDA:545,147,0,2
BRDA:545,147,1,1
BRDA:546,148,0,2
BRDA:546,148,1,1
BRDA:547,149,0,0
BRDA:547,149,1,3
BRDA:549,150,0,2
BRDA:549,150,1,1
BRDA:550,151,0,0
BRDA:550,151,1,3
BRDA:552,152,0,2
BRDA:552,152,1,1
BRDA:553,153,0,3
BRDA:553,153,1,2
BRDA:555,154,0,9
BRDA:555,154,1,8
BRDA:558,155,0,2
BRDA:558,155,1,6
BRDA:558,156,0,8
BRDA:558,156,1,4
BRDA:559,157,0,2
BRDA:559,157,1,4
BRDA:560,158,0,2
BRDA:560,158,1,2
BRDA:564,159,0,17
BRDA:564,159,1,5
BRDA:564,160,0,17
BRDA:564,160,1,9
BRDA:569,161,0,4
BRDA:569,161,1,13
BRDA:572,162,0,1
BRDA:572,162,1,2
BRDA:572,163,0,3
BRDA:572,163,1,2
BRDA:574,164,0,3
BRDA:574,164,1,0
BRDA:575,165,0,3
BRDA:575,165,1,2
BRDA:576,166,0,2
BRDA:576,166,1,0
BRDA:581,167,0,1
BRDA:581,167,1,2
BRDA:585,168,0,1
BRDA:585,168,1,0
BRDA:590,169,0,1
BRDA:590,169,1,1
BRDA:594,170,0,1
BRDA:594,170,1,2
BRDA:597,171,0,2
BRDA:597,171,1,1
BRDA:601,172,0,2
BRDA:601,172,1,1
BRDA:602,173,0,1
BRDA:602,173,1,2
BRDA:602,174,0,6
BRDA:602,174,1,3
BRDA:607,175,0,1
BRDA:607,175,1,0
BRDA:608,176,0,0
BRDA:608,176,1,1
BRDA:617,177,0,1
BRDA:617,177,1,0
BRDA:627,178,0,1
BRDA:627,178,1,0
BRDA:630,179,0,1
BRDA:630,179,1,0
BRDA:630,180,0,1
BRDA:630,180,1,1
BRDA:631,181,0,1
BRDA:631,181,1,0
BRDA:635,182,0,19
BRDA:645,183,0,3
BRDA:645,183,1,16
BRDA:646,184,0,19
BRDA:646,184,1,3
BRDA:664,185,0,8
BRDA:664,185,1,26
BRDA:677,186,0,1
BRDA:677,186,1,0
BRDA:677,187,0,1
BRDA:677,187,1,0
BRDA:682,188,0,2
BRDA:682,188,1,4
BRDA:682,189,0,6
BRDA:682,189,1,5
BRDA:684,190,0,27
BRDA:684,190,1,13
BRDA:685,191,0,27
BRDA:685,191,1,20
BRDA:685,192,0,27
BRDA:685,192,1,20
BRDA:691,193,0,10
BRDA:691,193,1,5
BRDA:692,194,0,4
BRDA:692,194,1,3
BRDA:694,195,0,9
BRDA:694,195,1,5
BRDA:695,196,0,3
BRDA:695,196,1,2
BRDA:695,196,2,0
BRDA:698,197,0,0
BRDA:698,197,1,12
BRDA:698,198,0,12
BRDA:698,198,1,4
BRDA:700,199,0,0
BRDA:700,199,1,12
BRDA:700,200,0,12
BRDA:700,200,1,0
BRDA:700,200,2,0
BRDA:703,201,0,1
BRDA:703,201,1,11
BRDA:703,202,0,12
BRDA:703,202,1,3
BRDA:705,203,0,1
BRDA:705,203,1,10
BRDA:705,204,0,11
BRDA:705,204,1,9
BRDA:723,205,0,2
BRDA:723,205,1,0
BRDA:728,206,0,2
BRDA:728,206,1,0
BRDA:731,207,0,0
BRDA:731,207,1,2
BRDA:731,208,0,2
BRDA:731,208,1,2
BRDA:744,209,0,0
BRDA:744,209,1,1
BRDA:744,210,0,0
BRDA:744,210,1,0
BRDA:757,211,0,3
BRDA:757,211,1,31
BRDA:758,212,0,34
BRDA:758,212,1,26
BRDA:762,213,0,27
BRDA:762,213,1,6
BRDA:762,213,2,3
BRDA:768,214,0,2
BRDA:768,214,1,25
BRDA:773,215,0,19
BRDA:773,215,1,6
BRDA:776,216,0,6
BRDA:776,216,1,19
BRDA:779,217,0,25
BRDA:779,217,1,19
BRDA:784,218,0,2
BRDA:784,218,1,0
BRDA:789,219,0,19
BRDA:789,219,1,6
BRDA:791,220,0,19
BRDA:791,220,1,13
BRDA:791,220,2,6
BRDA:794,221,0,19
BRDA:794,221,1,4
BRDA:796,222,0,19
BRDA:796,222,1,0
BRDA:797,223,0,19
BRDA:797,223,1,7
BRDA:797,223,2,0
BRDA:800,224,0,19
BRDA:800,224,1,7
BRDA:800,224,2,7
BRDA:800,224,3,2
BRDA:803,225,0,19
BRDA:803,225,1,7
BRDA:803,225,2,7
BRDA:803,225,3,5
BRDA:806,226,0,19
BRDA:806,226,1,0
BRDA:811,227,0,19
BRDA:811,227,1,7
BRDA:811,227,2,7
BRDA:814,228,0,19
BRDA:814,228,1,0
BRDA:817,229,0,25
BRDA:817,229,1,6
BRDA:817,229,2,5
BRDA:824,230,0,5
BRDA:824,230,1,0
BRDA:827,231,0,27
BRDA:827,231,1,26
BRDA:827,232,0,21
BRDA:827,232,1,5
BRDA:828,233,0,7
BRDA:828,233,1,20
BRDA:829,234,0,7
BRDA:829,234,1,6
BRDA:830,235,0,5
BRDA:830,235,1,1
BRDA:832,236,0,6
BRDA:832,236,1,0
BRDA:835,237,0,7
BRDA:835,237,1,6
BRDA:835,238,0,3
BRDA:835,238,1,3
BRDA:836,239,0,3
BRDA:836,239,1,3
BRDA:837,240,0,18
BRDA:837,240,1,2
BRDA:843,241,0,1
BRDA:843,241,1,0
BRDA:843,241,2,0
BRDA:849,242,0,3
BRDA:849,242,1,1
BRDA:851,243,0,3
BRDA:851,243,1,1
BRDA:854,244,0,3
BRDA:854,244,1,1
BRDA:856,245,0,1
BRDA:856,245,1,0
BRDA:860,246,0,3
BRDA:860,246,1,1
BRDA:869,247,0,2
BRDA:869,247,1,3
BRDA:869,248,0,1
BRDA:869,248,1,2
BRDA:870,249,0,2
BRDA:870,249,1,1
BRDA:878,250,0,16
BRDA:878,250,1,2
BRDA:879,251,0,16
BRDA:879,251,1,2
BRDA:880,252,0,16
BRDA:880,252,1,2
BRDA:886,253,0,16
BRDA:886,253,1,2
BRDA:896,254,0,2
BRDA:896,254,1,14
BRDA:896,255,0,13
BRDA:896,255,1,1
BRDA:899,256,0,13
BRDA:899,256,1,11
BRDA:901,257,0,20
BRDA:901,257,1,6
BRDA:903,258,0,1
BRDA:903,258,1,3
BRDA:915,259,0,13
BRDA:915,259,1,0
BRF:533
BRH:442
end_of_record
TN:
SF:src/pages/SettingsPage.tsx
FN:8,SettingsPage
FN:11,(anonymous_1)
FN:13,(anonymous_2)
FN:14,(anonymous_3)
FN:16,submit
FN:21,(anonymous_5)
FNF:6
FNH:6
FNDA:7,SettingsPage
FNDA:3,(anonymous_1)
FNDA:2,(anonymous_2)
FNDA:1,(anonymous_3)
FNDA:2,submit
FNDA:1,(anonymous_5)
DA:9,7
DA:10,7
DA:11,7
DA:12,7
DA:13,2
DA:14,1
DA:17,2
DA:18,2
DA:20,7
DA:21,5
DA:22,4
LF:11
LH:11
BRDA:9,0,0,7
BRDA:20,1,0,2
BRDA:20,1,1,5
BRDA:21,2,0,1
BRDA:21,2,1,4
BRDA:25,3,0,7
BRDA:25,3,1,2
BRDA:27,4,0,7
BRDA:27,4,1,1
BRDA:27,5,0,7
BRDA:27,5,1,1
BRF:11
BRH:11
end_of_record
TN:
SF:src/pages/TrainingPage.tsx
FN:42,TrainingPage
FN:59,(anonymous_1)
FN:60,(anonymous_2)
FN:61,(anonymous_3)
FN:62,(anonymous_4)
FN:62,(anonymous_5)
FN:63,(anonymous_6)
FN:64,(anonymous_7)
FN:66,(anonymous_8)
FN:66,(anonymous_9)
FN:69,(anonymous_10)
FN:70,(anonymous_11)
FN:74,(anonymous_12)
FN:75,(anonymous_13)
FN:81,(anonymous_14)
FN:85,(anonymous_15)
FN:92,(anonymous_16)
FN:98,(anonymous_17)
FN:103,(anonymous_18)
FN:104,(anonymous_19)
FN:107,(anonymous_20)
FN:108,(anonymous_21)
FN:113,(anonymous_22)
FN:114,(anonymous_23)
FN:114,(anonymous_24)
FN:114,(anonymous_25)
FN:115,(anonymous_26)
FN:122,(anonymous_27)
FN:124,(anonymous_28)
FN:125,(anonymous_29)
FN:129,(anonymous_30)
FN:131,(anonymous_31)
FN:133,(anonymous_32)
FN:139,(anonymous_33)
FN:143,(anonymous_34)
FN:151,(anonymous_35)
FN:162,(anonymous_36)
FN:162,(anonymous_37)
FN:163,(anonymous_38)
FN:163,(anonymous_39)
FN:165,(anonymous_40)
FN:166,(anonymous_41)
FN:167,(anonymous_42)
FN:167,(anonymous_43)
FN:168,(anonymous_44)
FN:170,(anonymous_45)
FN:175,(anonymous_46)
FN:176,(anonymous_47)
FN:180,(anonymous_48)
FN:180,(anonymous_49)
FN:182,(anonymous_50)
FN:184,(anonymous_51)
FN:185,(anonymous_52)
FN:186,(anonymous_53)
FN:186,(anonymous_54)
FN:186,(anonymous_55)
FN:192,(anonymous_56)
FN:193,(anonymous_57)
FN:193,(anonymous_58)
FN:194,(anonymous_59)
FN:195,(anonymous_60)
FN:199,(anonymous_61)
FN:200,(anonymous_62)
FN:203,(anonymous_63)
FN:204,(anonymous_64)
FN:205,(anonymous_65)
FNF:66
FNH:63
FNDA:124,TrainingPage
FNDA:10,(anonymous_1)
FNDA:26,(anonymous_2)
FNDA:9,(anonymous_3)
FNDA:24,(anonymous_4)
FNDA:14,(anonymous_5)
FNDA:113,(anonymous_6)
FNDA:94,(anonymous_7)
FNDA:16,(anonymous_8)
FNDA:14,(anonymous_9)
FNDA:23,(anonymous_10)
FNDA:24,(anonymous_11)
FNDA:8,(anonymous_12)
FNDA:148,(anonymous_13)
FNDA:5,(anonymous_14)
FNDA:22,(anonymous_15)
FNDA:20,(anonymous_16)
FNDA:27,(anonymous_17)
FNDA:9,(anonymous_18)
FNDA:3,(anonymous_19)
FNDA:17,(anonymous_20)
FNDA:32,(anonymous_21)
FNDA:14,(anonymous_22)
FNDA:24,(anonymous_23)
FNDA:14,(anonymous_24)
FNDA:8,(anonymous_25)
FNDA:59,(anonymous_26)
FNDA:2,(anonymous_27)
FNDA:1,(anonymous_28)
FNDA:1,(anonymous_29)
FNDA:1,(anonymous_30)
FNDA:1,(anonymous_31)
FNDA:1,(anonymous_32)
FNDA:1,(anonymous_33)
FNDA:1,(anonymous_34)
FNDA:1,(anonymous_35)
FNDA:0,(anonymous_36)
FNDA:98,(anonymous_37)
FNDA:0,(anonymous_38)
FNDA:74,(anonymous_39)
FNDA:296,(anonymous_40)
FNDA:4,(anonymous_41)
FNDA:0,(anonymous_42)
FNDA:140,(anonymous_43)
FNDA:1,(anonymous_44)
FNDA:88,(anonymous_45)
FNDA:1,(anonymous_46)
FNDA:424,(anonymous_47)
FNDA:2,(anonymous_48)
FNDA:4,(anonymous_49)
FNDA:1,(anonymous_50)
FNDA:1,(anonymous_51)
FNDA:118,(anonymous_52)
FNDA:3,(anonymous_53)
FNDA:3,(anonymous_54)
FNDA:2,(anonymous_55)
FNDA:3,(anonymous_56)
FNDA:1,(anonymous_57)
FNDA:296,(anonymous_58)
FNDA:2,(anonymous_59)
FNDA:2,(anonymous_60)
FNDA:185,(anonymous_61)
FNDA:2,(anonymous_62)
FNDA:20,(anonymous_63)
FNDA:1,(anonymous_64)
FNDA:1,(anonymous_65)
DA:10,3
DA:43,124
DA:44,124
DA:45,124
DA:46,124
DA:47,124
DA:48,124
DA:49,124
DA:50,124
DA:51,124
DA:52,124
DA:53,124
DA:54,124
DA:55,124
DA:56,124
DA:57,124
DA:59,124
DA:60,124
DA:61,124
DA:62,124
DA:63,124
DA:64,124
DA:65,124
DA:66,16
DA:69,124
DA:70,124
DA:71,124
DA:74,8
DA:75,148
DA:78,124
DA:81,5
DA:85,124
DA:86,22
DA:87,22
DA:88,6
DA:90,22
DA:92,124
DA:93,20
DA:96,20
DA:98,124
DA:99,27
DA:100,21
DA:101,21
DA:103,9
DA:104,3
DA:105,3
DA:107,124
DA:108,32
DA:109,3
DA:113,124
DA:114,124
DA:115,124
DA:122,124
DA:123,124
DA:124,1
DA:125,1
DA:128,124
DA:129,115
DA:130,113
DA:131,1
DA:132,112
DA:133,104
DA:134,103
DA:139,1
DA:142,102
DA:143,80
DA:144,78
DA:151,1
DA:154,74
DA:158,124
DA:162,98
DA:163,74
DA:166,296
DA:167,140
DA:168,1
DA:170,88
DA:175,1
DA:176,424
DA:180,4
DA:182,1
DA:184,1
DA:186,118
DA:192,3
DA:193,296
DA:194,2
DA:195,2
DA:199,185
DA:200,2
DA:203,20
DA:204,1
DA:205,1
LF:91
LH:91
BRDA:43,0,0,124
BRDA:60,1,0,8
BRDA:60,1,1,18
BRDA:60,2,0,26
BRDA:60,2,1,18
BRDA:62,3,0,7
BRDA:62,3,1,17
BRDA:62,4,0,24
BRDA:62,4,1,14
BRDA:66,5,0,16
BRDA:66,5,1,9
BRDA:66,6,0,16
BRDA:66,6,1,9
BRDA:69,7,0,7
BRDA:69,7,1,16
BRDA:69,8,0,23
BRDA:69,8,1,14
BRDA:70,9,0,7
BRDA:70,9,1,17
BRDA:70,10,0,24
BRDA:70,10,1,15
BRDA:75,11,0,2
BRDA:75,11,1,146
BRDA:75,12,0,148
BRDA:75,12,1,74
BRDA:80,13,0,124
BRDA:80,13,1,74
BRDA:87,14,0,6
BRDA:87,14,1,16
BRDA:87,15,0,22
BRDA:87,15,1,6
BRDA:90,16,0,5
BRDA:90,16,1,17
BRDA:93,17,0,11
BRDA:93,17,1,9
BRDA:94,18,0,11
BRDA:94,18,1,8
BRDA:96,19,0,3
BRDA:96,19,1,17
BRDA:99,20,0,21
BRDA:99,20,1,6
BRDA:99,21,0,27
BRDA:99,21,1,24
BRDA:103,22,0,3
BRDA:103,22,1,3
BRDA:105,23,0,2
BRDA:105,23,1,1
BRDA:108,24,0,3
BRDA:108,24,1,14
BRDA:114,25,0,12
BRDA:114,25,1,12
BRDA:116,26,0,3
BRDA:116,26,1,56
BRDA:117,27,0,51
BRDA:117,27,1,8
BRDA:117,28,0,51
BRDA:117,28,1,36
BRDA:128,29,0,9
BRDA:128,29,1,115
BRDA:129,30,0,2
BRDA:129,30,1,113
BRDA:130,31,0,1
BRDA:130,31,1,112
BRDA:132,32,0,8
BRDA:132,32,1,104
BRDA:133,33,0,1
BRDA:133,33,1,103
BRDA:134,34,0,1
BRDA:134,34,1,102
BRDA:134,35,0,103
BRDA:134,35,1,95
BRDA:142,36,0,22
BRDA:142,36,1,80
BRDA:142,37,0,102
BRDA:142,37,1,87
BRDA:143,38,0,2
BRDA:143,38,1,78
BRDA:144,39,0,4
BRDA:144,39,1,74
BRDA:144,40,0,78
BRDA:144,40,1,76
BRDA:148,41,0,2
BRDA:148,41,1,2
BRDA:148,42,0,4
BRDA:148,42,1,2
BRDA:154,43,0,4
BRDA:154,43,1,70
BRDA:166,44,0,74
BRDA:166,44,1,222
BRDA:166,45,0,296
BRDA:166,45,1,74
BRDA:167,46,0,124
BRDA:167,46,1,70
BRDA:168,47,0,124
BRDA:168,47,1,62
BRDA:168,47,2,44
BRDA:169,48,0,44
BRDA:169,48,1,4
BRDA:171,49,0,3
BRDA:171,49,1,41
BRDA:174,50,0,124
BRDA:174,50,1,4
BRDA:179,51,0,62
BRDA:179,51,1,12
BRDA:181,52,0,62
BRDA:181,52,1,60
BRDA:183,53,0,6
BRDA:183,53,1,68
BRDA:184,54,0,4
BRDA:184,54,1,64
BRDA:185,55,0,62
BRDA:185,55,1,2
BRDA:186,56,0,99
BRDA:186,56,1,19
BRDA:186,57,0,1
BRDA:186,57,1,2
BRDA:186,58,0,2
BRDA:186,58,1,0
BRDA:187,59,0,62
BRDA:187,59,1,56
BRDA:189,60,0,124
BRDA:189,60,1,68
BRDA:189,60,2,64
BRDA:189,61,0,64
BRDA:189,61,1,0
BRDA:198,62,0,124
BRDA:198,62,1,1
BRDA:199,63,0,4
BRDA:199,63,1,70
BRDA:199,64,0,70
BRDA:199,64,1,0
BRDA:199,65,0,124
BRDA:199,65,1,62
BRDA:199,66,0,62
BRDA:199,66,1,22
BRDA:200,67,0,49
BRDA:200,67,1,25
BRDA:200,68,0,49
BRDA:200,68,1,49
BRDA:200,68,2,41
BRDA:200,68,3,37
BRDA:200,68,4,37
BRDA:200,68,5,37
BRDA:200,68,6,29
BRDA:200,68,7,16
BRDA:201,69,0,24
BRDA:201,69,1,1
BRDA:201,70,0,24
BRDA:201,70,1,0
BRDA:201,71,0,25
BRDA:201,71,1,1
BRDA:202,72,0,25
BRDA:202,72,1,24
BRDA:202,73,0,25
BRDA:202,73,1,1
BRDA:204,74,0,25
BRDA:204,74,1,0
BRF:157
BRH:152
end_of_record
TN:
SF:src/pages/presentation.ts
FN:16,buildWordCloudTrace
FN:19,(anonymous_1)
FN:20,(anonymous_2)
FN:22,(anonymous_3)
FN:28,(anonymous_4)
FN:48,(anonymous_5)
FN:59,(anonymous_6)
FN:60,(anonymous_7)
FN:61,(anonymous_8)
FN:62,(anonymous_9)
FN:65,(anonymous_10)
FN:66,(anonymous_11)
FN:73,wordHash
FN:79,formatStatistic
FN:85,inferPreviewTask
FN:92,previewTaskRationale
FN:99,previewColumnProfile
FN:106,(anonymous_17)
FN:118,(anonymous_18)
FN:122,formatTargetStatistic
FN:127,fallbackPipeline
FN:142,fallbackPipelineDiagram
FN:160,formatNumber
FN:164,formatDuration
FN:170,formatMetric
FNF:25
FNH:25
FNDA:2,buildWordCloudTrace
FNDA:8,(anonymous_1)
FNDA:2,(anonymous_2)
FNDA:4,(anonymous_3)
FNDA:4,(anonymous_4)
FNDA:166,(anonymous_5)
FNDA:4,(anonymous_6)
FNDA:4,(anonymous_7)
FNDA:4,(anonymous_8)
FNDA:4,(anonymous_9)
FNDA:4,(anonymous_10)
FNDA:4,(anonymous_11)
FNDA:4,wordHash
FNDA:17,formatStatistic
FNDA:34,inferPreviewTask
FNDA:17,previewTaskRationale
FNDA:12,previewColumnProfile
FNDA:19,(anonymous_17)
FNDA:16,(anonymous_18)
FNDA:17,formatTargetStatistic
FNDA:10,fallbackPipeline
FNDA:9,fallbackPipelineDiagram
FNDA:10,formatNumber
FNDA:5,formatDuration
FNDA:13,formatMetric
DA:17,2
DA:18,2
DA:19,8
DA:20,2
DA:22,4
DA:23,2
DA:24,2
DA:25,2
DA:26,2
DA:28,2
DA:29,4
DA:30,4
DA:31,4
DA:32,4
DA:33,4
DA:34,4
DA:36,4
DA:37,168
DA:38,168
DA:39,168
DA:40,168
DA:41,168
DA:47,168
DA:48,168
DA:49,168
DA:50,4
DA:51,4
DA:52,4
DA:56,2
DA:59,4
DA:60,4
DA:61,4
DA:62,4
DA:65,4
DA:66,4
DA:74,4
DA:75,32
DA:76,4
DA:80,17
DA:81,16
DA:82,3
DA:86,34
DA:87,12
DA:88,10
DA:89,5
DA:93,17
DA:94,7
DA:95,5
DA:96,3
DA:100,12
DA:101,12
DA:106,12
DA:107,19
DA:108,19
DA:110,12
DA:118,16
DA:123,17
DA:124,16
DA:128,10
DA:129,10
DA:130,10
DA:143,9
DA:161,10
DA:165,5
DA:166,5
DA:167,5
DA:171,13
DA:172,11
DA:174,2
DA:175,1
LF:70
LH:70
BRDA:19,0,0,8
BRDA:19,0,1,6
BRDA:19,0,2,6
BRDA:29,1,0,2
BRDA:29,1,1,2
BRDA:38,2,0,4
BRDA:38,2,1,164
BRDA:47,3,0,168
BRDA:47,3,1,168
BRDA:47,3,2,168
BRDA:47,3,3,168
BRDA:48,4,0,166
BRDA:48,4,1,166
BRDA:48,4,2,166
BRDA:48,4,3,164
BRDA:49,5,0,164
BRDA:49,5,1,4
BRDA:49,6,0,168
BRDA:49,6,1,168
BRDA:80,7,0,1
BRDA:80,7,1,16
BRDA:81,8,0,13
BRDA:81,8,1,3
BRDA:86,9,0,22
BRDA:86,9,1,12
BRDA:87,10,0,2
BRDA:87,10,1,10
BRDA:88,11,0,5
BRDA:88,11,1,5
BRDA:93,12,0,10
BRDA:93,12,1,7
BRDA:94,13,0,2
BRDA:94,13,1,5
BRDA:95,14,0,2
BRDA:95,14,1,3
BRDA:100,15,0,12
BRDA:100,15,1,4
BRDA:101,16,0,4
BRDA:101,16,1,8
BRDA:103,17,0,1
BRDA:103,17,1,7
BRDA:105,18,0,2
BRDA:105,18,1,5
BRDA:107,19,0,19
BRDA:107,19,1,16
BRDA:112,20,0,12
BRDA:112,20,1,0
BRDA:113,21,0,12
BRDA:113,21,1,7
BRDA:116,22,0,0
BRDA:116,22,1,12
BRDA:123,23,0,1
BRDA:123,23,1,16
BRDA:124,24,0,13
BRDA:124,24,1,3
BRDA:129,25,0,8
BRDA:129,25,1,2
BRDA:129,26,0,1
BRDA:129,26,1,1
BRDA:131,27,0,8
BRDA:131,27,1,2
BRDA:133,28,0,1
BRDA:133,28,1,9
BRDA:135,29,0,1
BRDA:135,29,1,9
BRDA:153,30,0,1
BRDA:153,30,1,8
BRDA:161,31,0,5
BRDA:161,31,1,5
BRDA:167,32,0,2
BRDA:167,32,1,3
BRDA:171,33,0,11
BRDA:171,33,1,2
BRDA:171,34,0,13
BRDA:171,34,1,13
BRDA:171,34,2,11
BRDA:171,34,3,2
BRDA:174,35,0,1
BRDA:174,35,1,1
BRDA:174,36,0,2
BRDA:174,36,1,1
BRF:81
BRH:79
end_of_record
